-- The CXX compiler identification is GNU 11.4.0
-- Detecting CXX compiler ABI info
-- Detecting CXX compiler ABI info - done
-- Check for working CXX compiler: /usr/bin/c++ - skipped
-- Detecting CXX compile features
-- Detecting CXX compile features - done
-- Found PkgConfig: /usr/bin/pkg-config (found version "0.29.2") 
-- Checking for module 'gtk+-3.0'
--   No package 'gtk+-3.0' found
-- Configuring incomplete, errors occurred!
See also "/home/jinyoung/zeta_ws/build/runner/CMakeFiles/CMakeOutput.log".
[31mCMake Error at flutter/CMakeLists.txt:7 (include):
  include could not find requested file:

    /home/jinyoung/zeta_ws/flutter_ws/robot_control/linux/flutter/ephemeral/generated_config.cmake

[0m
[31mCMake Error at /usr/share/cmake-3.22/Modules/FindPkgConfig.cmake:603 (message):
  A required package was not found
Call Stack (most recent call first):
  /usr/share/cmake-3.22/Modules/FindPkgConfig.cmake:825 (_pkg_check_modules_internal)
  flutter/CMakeLists.txt:25 (pkg_check_modules)

[0m
