-- Found ament_cmake: 1.3.10 (/opt/ros/humble/share/ament_cmake/cmake)
-- Found xacro: 2.0.8 (/opt/ros/humble/share/xacro/cmake)
-- Found nav2_smac_planner: 1.1.16 (/opt/ros/humble/share/nav2_smac_planner/cmake)
-- Found rosidl_generator_c: 3.1.5 (/opt/ros/humble/share/rosidl_generator_c/cmake)
-- Found rosidl_adapter: 3.1.5 (/opt/ros/humble/share/rosidl_adapter/cmake)
-- Found rosidl_generator_cpp: 3.1.5 (/opt/ros/humble/share/rosidl_generator_cpp/cmake)
-- Using all available rosidl_typesupport_c: rosidl_typesupport_fastrtps_c;rosidl_typesupport_introspection_c
-- Using all available rosidl_typesupport_cpp: rosidl_typesupport_fastrtps_cpp;rosidl_typesupport_introspection_cpp
-- Found rmw_implementation_cmake: 6.1.2 (/opt/ros/humble/share/rmw_implementation_cmake/cmake)
-- Found rmw_cyclonedds_cpp: 1.3.4 (/opt/ros/humble/share/rmw_cyclonedds_cpp/cmake)
-- Using RMW implementation 'rmw_cyclonedds_cpp' as default
-- Found eigen3_cmake_module: 0.1.1 (/opt/ros/humble/share/eigen3_cmake_module/cmake)
-- Ensuring Eigen3 include directory is part of orocos-kdl CMake target
-- Found nav2_theta_star_planner: 1.1.16 (/opt/ros/humble/share/nav2_theta_star_planner/cmake)
-- Found nav2_rotation_shim_controller: 1.1.16 (/opt/ros/humble/share/nav2_rotation_shim_controller/cmake)
-- Found nav2_graceful_controller: 1.1.16 (/opt/ros/humble/share/nav2_graceful_controller/cmake)
-- Found turtlebot3_gazebo: 2.2.5 (/opt/ros/humble/share/turtlebot3_gazebo/cmake)
-- Configuring done
-- Generating done
-- Build files have been written to: /home/jinyoung/zeta_ws/build/zeta2_navigation
-- Install configuration: ""
-- Up-to-date: /home/jinyoung/zeta_ws/install/zeta2_navigation/share/zeta2_navigation/params
-- Up-to-date: /home/jinyoung/zeta_ws/install/zeta2_navigation/share/zeta2_navigation/params/zeta_smac_2d.yaml
-- Up-to-date: /home/jinyoung/zeta_ws/install/zeta2_navigation/share/zeta2_navigation/params/zeta_rotation_shim.yaml
-- Up-to-date: /home/jinyoung/zeta_ws/install/zeta2_navigation/share/zeta2_navigation/params/zeta_mppi.yaml
-- Up-to-date: /home/jinyoung/zeta_ws/install/zeta2_navigation/share/zeta2_navigation/params/zeta_theta.yaml
-- Up-to-date: /home/jinyoung/zeta_ws/install/zeta2_navigation/share/zeta2_navigation/params/zeta_graceful.yaml
-- Up-to-date: /home/jinyoung/zeta_ws/install/zeta2_navigation/share/zeta2_navigation/params/zeta_smoother.yaml
-- Up-to-date: /home/jinyoung/zeta_ws/install/zeta2_navigation/share/zeta2_navigation/params/zeta_regulated_pp.yaml
-- Installing: /home/jinyoung/zeta_ws/install/zeta2_navigation/share/zeta2_navigation/params/zeta_nomal.yaml
-- Up-to-date: /home/jinyoung/zeta_ws/install/zeta2_navigation/share/zeta2_navigation/launch
-- Installing: /home/jinyoung/zeta_ws/install/zeta2_navigation/share/zeta2_navigation/launch/go_A.py
-- Up-to-date: /home/jinyoung/zeta_ws/install/zeta2_navigation/share/zeta2_navigation/launch/zeta2_navigation_theta.launch.py
-- Up-to-date: /home/jinyoung/zeta_ws/install/zeta2_navigation/share/zeta2_navigation/launch/zeta2_navigation_graceful.launch.py
-- Installing: /home/jinyoung/zeta_ws/install/zeta2_navigation/share/zeta2_navigation/launch/return_B.py
-- Up-to-date: /home/jinyoung/zeta_ws/install/zeta2_navigation/share/zeta2_navigation/launch/zeta2_navigation_rotation_shim.launch.py
-- Installing: /home/jinyoung/zeta_ws/install/zeta2_navigation/share/zeta2_navigation/launch/return_A.py
-- Up-to-date: /home/jinyoung/zeta_ws/install/zeta2_navigation/share/zeta2_navigation/launch/zeta2_navigation_smoother.py
-- Up-to-date: /home/jinyoung/zeta_ws/install/zeta2_navigation/share/zeta2_navigation/launch/zeta2_navigation_mppi.launch.py
-- Up-to-date: /home/jinyoung/zeta_ws/install/zeta2_navigation/share/zeta2_navigation/launch/zeta2_navigation_regulated_pp.launch.py
-- Up-to-date: /home/jinyoung/zeta_ws/install/zeta2_navigation/share/zeta2_navigation/launch/zeta2_navigation_smac_2d.launch.py
-- Up-to-date: /home/jinyoung/zeta_ws/install/zeta2_navigation/share/zeta2_navigation/launch/zeta2_navigation.launch.py
-- Installing: /home/jinyoung/zeta_ws/install/zeta2_navigation/share/zeta2_navigation/launch/zeta2_navigation_gazebo.launch.py
-- Up-to-date: /home/jinyoung/zeta_ws/install/zeta2_navigation/share/zeta2_navigation/rviz
-- Up-to-date: /home/jinyoung/zeta_ws/install/zeta2_navigation/share/zeta2_navigation/rviz/nav2.rviz
-- Up-to-date: /home/jinyoung/zeta_ws/install/zeta2_navigation/share/zeta2_navigation/maps
-- Up-to-date: /home/jinyoung/zeta_ws/install/zeta2_navigation/share/zeta2_navigation/maps/slam_toolbox_handong.pgm
-- Up-to-date: /home/jinyoung/zeta_ws/install/zeta2_navigation/share/zeta2_navigation/maps/school
-- Up-to-date: /home/jinyoung/zeta_ws/install/zeta2_navigation/share/zeta2_navigation/maps/school/slam_toolbox_handong.pgm
-- Up-to-date: /home/jinyoung/zeta_ws/install/zeta2_navigation/share/zeta2_navigation/maps/school/slam_toolbox_handong3.yaml
-- Up-to-date: /home/jinyoung/zeta_ws/install/zeta2_navigation/share/zeta2_navigation/maps/school/slam_toolbox_handong3.pgm
-- Up-to-date: /home/jinyoung/zeta_ws/install/zeta2_navigation/share/zeta2_navigation/maps/school/slam_toolbox_handong.yaml
-- Up-to-date: /home/jinyoung/zeta_ws/install/zeta2_navigation/share/zeta2_navigation/maps/cartographer
-- Up-to-date: /home/jinyoung/zeta_ws/install/zeta2_navigation/share/zeta2_navigation/maps/cartographer/carto_seongsu.pgm
-- Up-to-date: /home/jinyoung/zeta_ws/install/zeta2_navigation/share/zeta2_navigation/maps/cartographer/carto_seongsu.yaml
-- Up-to-date: /home/jinyoung/zeta_ws/install/zeta2_navigation/share/zeta2_navigation/maps/slam_toolbox
-- Up-to-date: /home/jinyoung/zeta_ws/install/zeta2_navigation/share/zeta2_navigation/maps/slam_toolbox/slam_toolbox_seongsu.yaml
-- Up-to-date: /home/jinyoung/zeta_ws/install/zeta2_navigation/share/zeta2_navigation/maps/slam_toolbox/slam_toolbox_seongsu.pgm
-- Up-to-date: /home/jinyoung/zeta_ws/install/zeta2_navigation/share/zeta2_navigation/maps/office
-- Up-to-date: /home/jinyoung/zeta_ws/install/zeta2_navigation/share/zeta2_navigation/maps/office/map1.pgm
-- Up-to-date: /home/jinyoung/zeta_ws/install/zeta2_navigation/share/zeta2_navigation/maps/office/mapping.yaml
-- Installing: /home/jinyoung/zeta_ws/install/zeta2_navigation/share/zeta2_navigation/maps/office/return_C.py
-- Installing: /home/jinyoung/zeta_ws/install/zeta2_navigation/share/zeta2_navigation/maps/office/return_B.py
-- Installing: /home/jinyoung/zeta_ws/install/zeta2_navigation/share/zeta2_navigation/maps/office/return_A.py
-- Installing: /home/jinyoung/zeta_ws/install/zeta2_navigation/share/zeta2_navigation/maps/office/go_B.py
-- Installing: /home/jinyoung/zeta_ws/install/zeta2_navigation/share/zeta2_navigation/maps/office/point.py
-- Up-to-date: /home/jinyoung/zeta_ws/install/zeta2_navigation/share/zeta2_navigation/maps/slam_toolbox_handong.yaml
-- Installing: /home/jinyoung/zeta_ws/install/zeta2_navigation/share/ament_index/resource_index/package_run_dependencies/zeta2_navigation
-- Installing: /home/jinyoung/zeta_ws/install/zeta2_navigation/share/ament_index/resource_index/parent_prefix_path/zeta2_navigation
-- Up-to-date: /home/jinyoung/zeta_ws/install/zeta2_navigation/share/zeta2_navigation/environment/ament_prefix_path.sh
-- Installing: /home/jinyoung/zeta_ws/install/zeta2_navigation/share/zeta2_navigation/environment/ament_prefix_path.dsv
-- Up-to-date: /home/jinyoung/zeta_ws/install/zeta2_navigation/share/zeta2_navigation/environment/path.sh
-- Installing: /home/jinyoung/zeta_ws/install/zeta2_navigation/share/zeta2_navigation/environment/path.dsv
-- Up-to-date: /home/jinyoung/zeta_ws/install/zeta2_navigation/share/zeta2_navigation/local_setup.bash
-- Up-to-date: /home/jinyoung/zeta_ws/install/zeta2_navigation/share/zeta2_navigation/local_setup.sh
-- Up-to-date: /home/jinyoung/zeta_ws/install/zeta2_navigation/share/zeta2_navigation/local_setup.zsh
-- Installing: /home/jinyoung/zeta_ws/install/zeta2_navigation/share/zeta2_navigation/local_setup.dsv
-- Installing: /home/jinyoung/zeta_ws/install/zeta2_navigation/share/zeta2_navigation/package.dsv
-- Up-to-date: /home/jinyoung/zeta_ws/install/zeta2_navigation/share/ament_index/resource_index/packages/zeta2_navigation
-- Up-to-date: /home/jinyoung/zeta_ws/install/zeta2_navigation/share/zeta2_navigation/cmake/zeta2_navigationConfig.cmake
-- Up-to-date: /home/jinyoung/zeta_ws/install/zeta2_navigation/share/zeta2_navigation/cmake/zeta2_navigationConfig-version.cmake
-- Installing: /home/jinyoung/zeta_ws/install/zeta2_navigation/share/zeta2_navigation/package.xml
