[0.069s] DEBUG:colcon:Command line arguments: ['/usr/bin/colcon', 'build', '--packages-select', 'zeta_simple_commander']
[0.069s] DEBUG:colcon:Parsed command line arguments: Namespace(log_base=None, log_level=None, verb_name='build', build_base='build', install_base='install', merge_install=False, symlink_install=False, test_result_base=None, continue_on_error=False, executor='parallel', parallel_workers=16, event_handlers=None, ignore_user_meta=False, metas=['./colcon.meta'], base_paths=['.'], packages_ignore=None, packages_ignore_regex=None, paths=None, packages_up_to=None, packages_up_to_regex=None, packages_above=None, packages_above_and_dependencies=None, packages_above_depth=None, packages_select_by_dep=None, packages_skip_by_dep=None, packages_skip_up_to=None, packages_select_build_failed=False, packages_skip_build_finished=False, packages_select_test_failures=False, packages_skip_test_passed=False, packages_select=['zeta_simple_commander'], packages_skip=None, packages_select_regex=None, packages_skip_regex=None, packages_start=None, packages_end=None, allow_overriding=[], cmake_args=None, cmake_target=None, cmake_target_skip_unavailable=False, cmake_clean_cache=False, cmake_clean_first=False, cmake_force_configure=False, ament_cmake_args=None, catkin_cmake_args=None, catkin_skip_building_tests=False, mixin_files=None, mixin=None, verb_parser=<colcon_mixin.mixin.mixin_argument.MixinArgumentDecorator object at 0x7f145ae2b550>, verb_extension=<colcon_core.verb.build.BuildVerb object at 0x7f145af4bb80>, main=<bound method BuildVerb.main of <colcon_core.verb.build.BuildVerb object at 0x7f145af4bb80>>, mixin_verb=('build',))
[0.178s] Level 1:colcon.colcon_core.package_discovery:discover_packages(colcon_meta) check parameters
[0.178s] Level 1:colcon.colcon_core.package_discovery:discover_packages(recursive) check parameters
[0.178s] Level 1:colcon.colcon_core.package_discovery:discover_packages(ignore) check parameters
[0.178s] Level 1:colcon.colcon_core.package_discovery:discover_packages(path) check parameters
[0.178s] Level 1:colcon.colcon_core.package_discovery:discover_packages(colcon_meta) discover
[0.178s] Level 1:colcon.colcon_core.package_discovery:discover_packages(recursive) discover
[0.178s] INFO:colcon.colcon_core.package_discovery:Crawling recursively for packages in '/home/jinyoung/zeta_ws'
[0.178s] Level 1:colcon.colcon_core.package_identification:_identify(.) by extensions ['ignore', 'ignore_ament_install']
[0.178s] Level 1:colcon.colcon_core.package_identification:_identify(.) by extension 'ignore'
[0.178s] Level 1:colcon.colcon_core.package_identification:_identify(.) by extension 'ignore_ament_install'
[0.178s] Level 1:colcon.colcon_core.package_identification:_identify(.) by extensions ['colcon_pkg']
[0.179s] Level 1:colcon.colcon_core.package_identification:_identify(.) by extension 'colcon_pkg'
[0.179s] Level 1:colcon.colcon_core.package_identification:_identify(.) by extensions ['colcon_meta']
[0.179s] Level 1:colcon.colcon_core.package_identification:_identify(.) by extension 'colcon_meta'
[0.179s] Level 1:colcon.colcon_core.package_identification:_identify(.) by extensions ['ros']
[0.179s] Level 1:colcon.colcon_core.package_identification:_identify(.) by extension 'ros'
[0.186s] Level 1:colcon.colcon_core.package_identification:_identify(.) by extensions ['cmake', 'python']
[0.186s] Level 1:colcon.colcon_core.package_identification:_identify(.) by extension 'cmake'
[0.186s] Level 1:colcon.colcon_core.package_identification:_identify(.) by extension 'python'
[0.186s] Level 1:colcon.colcon_core.package_identification:_identify(.) by extensions ['python_setup_py']
[0.186s] Level 1:colcon.colcon_core.package_identification:_identify(.) by extension 'python_setup_py'
[0.186s] Level 1:colcon.colcon_core.package_identification:_identify(build) by extensions ['ignore', 'ignore_ament_install']
[0.186s] Level 1:colcon.colcon_core.package_identification:_identify(build) by extension 'ignore'
[0.186s] Level 1:colcon.colcon_core.package_identification:_identify(build) ignored
[0.186s] Level 1:colcon.colcon_core.package_identification:_identify(install) by extensions ['ignore', 'ignore_ament_install']
[0.186s] Level 1:colcon.colcon_core.package_identification:_identify(install) by extension 'ignore'
[0.187s] Level 1:colcon.colcon_core.package_identification:_identify(install) ignored
[0.187s] Level 1:colcon.colcon_core.package_identification:_identify(log) by extensions ['ignore', 'ignore_ament_install']
[0.187s] Level 1:colcon.colcon_core.package_identification:_identify(log) by extension 'ignore'
[0.187s] Level 1:colcon.colcon_core.package_identification:_identify(log) ignored
[0.187s] Level 1:colcon.colcon_core.package_identification:_identify(src) by extensions ['ignore', 'ignore_ament_install']
[0.187s] Level 1:colcon.colcon_core.package_identification:_identify(src) by extension 'ignore'
[0.187s] Level 1:colcon.colcon_core.package_identification:_identify(src) by extension 'ignore_ament_install'
[0.187s] Level 1:colcon.colcon_core.package_identification:_identify(src) by extensions ['colcon_pkg']
[0.187s] Level 1:colcon.colcon_core.package_identification:_identify(src) by extension 'colcon_pkg'
[0.187s] Level 1:colcon.colcon_core.package_identification:_identify(src) by extensions ['colcon_meta']
[0.187s] Level 1:colcon.colcon_core.package_identification:_identify(src) by extension 'colcon_meta'
[0.187s] Level 1:colcon.colcon_core.package_identification:_identify(src) by extensions ['ros']
[0.187s] Level 1:colcon.colcon_core.package_identification:_identify(src) by extension 'ros'
[0.187s] Level 1:colcon.colcon_core.package_identification:_identify(src) by extensions ['cmake', 'python']
[0.187s] Level 1:colcon.colcon_core.package_identification:_identify(src) by extension 'cmake'
[0.187s] Level 1:colcon.colcon_core.package_identification:_identify(src) by extension 'python'
[0.187s] Level 1:colcon.colcon_core.package_identification:_identify(src) by extensions ['python_setup_py']
[0.187s] Level 1:colcon.colcon_core.package_identification:_identify(src) by extension 'python_setup_py'
[0.187s] Level 1:colcon.colcon_core.package_identification:_identify(src/zeta2_edu_autonomous) by extensions ['ignore', 'ignore_ament_install']
[0.187s] Level 1:colcon.colcon_core.package_identification:_identify(src/zeta2_edu_autonomous) by extension 'ignore'
[0.187s] Level 1:colcon.colcon_core.package_identification:_identify(src/zeta2_edu_autonomous) by extension 'ignore_ament_install'
[0.187s] Level 1:colcon.colcon_core.package_identification:_identify(src/zeta2_edu_autonomous) by extensions ['colcon_pkg']
[0.187s] Level 1:colcon.colcon_core.package_identification:_identify(src/zeta2_edu_autonomous) by extension 'colcon_pkg'
[0.187s] Level 1:colcon.colcon_core.package_identification:_identify(src/zeta2_edu_autonomous) by extensions ['colcon_meta']
[0.187s] Level 1:colcon.colcon_core.package_identification:_identify(src/zeta2_edu_autonomous) by extension 'colcon_meta'
[0.187s] Level 1:colcon.colcon_core.package_identification:_identify(src/zeta2_edu_autonomous) by extensions ['ros']
[0.187s] Level 1:colcon.colcon_core.package_identification:_identify(src/zeta2_edu_autonomous) by extension 'ros'
[0.187s] Level 1:colcon.colcon_core.package_identification:_identify(src/zeta2_edu_autonomous) by extensions ['cmake', 'python']
[0.187s] Level 1:colcon.colcon_core.package_identification:_identify(src/zeta2_edu_autonomous) by extension 'cmake'
[0.187s] Level 1:colcon.colcon_core.package_identification:_identify(src/zeta2_edu_autonomous) by extension 'python'
[0.187s] Level 1:colcon.colcon_core.package_identification:_identify(src/zeta2_edu_autonomous) by extensions ['python_setup_py']
[0.187s] Level 1:colcon.colcon_core.package_identification:_identify(src/zeta2_edu_autonomous) by extension 'python_setup_py'
[0.187s] Level 1:colcon.colcon_core.package_identification:_identify(src/zeta2_edu_autonomous/_photo) by extensions ['ignore', 'ignore_ament_install']
[0.187s] Level 1:colcon.colcon_core.package_identification:_identify(src/zeta2_edu_autonomous/_photo) by extension 'ignore'
[0.187s] Level 1:colcon.colcon_core.package_identification:_identify(src/zeta2_edu_autonomous/_photo) by extension 'ignore_ament_install'
[0.187s] Level 1:colcon.colcon_core.package_identification:_identify(src/zeta2_edu_autonomous/_photo) by extensions ['colcon_pkg']
[0.187s] Level 1:colcon.colcon_core.package_identification:_identify(src/zeta2_edu_autonomous/_photo) by extension 'colcon_pkg'
[0.188s] Level 1:colcon.colcon_core.package_identification:_identify(src/zeta2_edu_autonomous/_photo) by extensions ['colcon_meta']
[0.188s] Level 1:colcon.colcon_core.package_identification:_identify(src/zeta2_edu_autonomous/_photo) by extension 'colcon_meta'
[0.188s] Level 1:colcon.colcon_core.package_identification:_identify(src/zeta2_edu_autonomous/_photo) by extensions ['ros']
[0.188s] Level 1:colcon.colcon_core.package_identification:_identify(src/zeta2_edu_autonomous/_photo) by extension 'ros'
[0.188s] Level 1:colcon.colcon_core.package_identification:_identify(src/zeta2_edu_autonomous/_photo) by extensions ['cmake', 'python']
[0.188s] Level 1:colcon.colcon_core.package_identification:_identify(src/zeta2_edu_autonomous/_photo) by extension 'cmake'
[0.188s] Level 1:colcon.colcon_core.package_identification:_identify(src/zeta2_edu_autonomous/_photo) by extension 'python'
[0.188s] Level 1:colcon.colcon_core.package_identification:_identify(src/zeta2_edu_autonomous/_photo) by extensions ['python_setup_py']
[0.188s] Level 1:colcon.colcon_core.package_identification:_identify(src/zeta2_edu_autonomous/_photo) by extension 'python_setup_py'
[0.188s] Level 1:colcon.colcon_core.package_identification:_identify(src/zeta2_edu_autonomous/scripts) by extensions ['ignore', 'ignore_ament_install']
[0.188s] Level 1:colcon.colcon_core.package_identification:_identify(src/zeta2_edu_autonomous/scripts) by extension 'ignore'
[0.188s] Level 1:colcon.colcon_core.package_identification:_identify(src/zeta2_edu_autonomous/scripts) by extension 'ignore_ament_install'
[0.188s] Level 1:colcon.colcon_core.package_identification:_identify(src/zeta2_edu_autonomous/scripts) by extensions ['colcon_pkg']
[0.188s] Level 1:colcon.colcon_core.package_identification:_identify(src/zeta2_edu_autonomous/scripts) by extension 'colcon_pkg'
[0.188s] Level 1:colcon.colcon_core.package_identification:_identify(src/zeta2_edu_autonomous/scripts) by extensions ['colcon_meta']
[0.188s] Level 1:colcon.colcon_core.package_identification:_identify(src/zeta2_edu_autonomous/scripts) by extension 'colcon_meta'
[0.188s] Level 1:colcon.colcon_core.package_identification:_identify(src/zeta2_edu_autonomous/scripts) by extensions ['ros']
[0.188s] Level 1:colcon.colcon_core.package_identification:_identify(src/zeta2_edu_autonomous/scripts) by extension 'ros'
[0.188s] Level 1:colcon.colcon_core.package_identification:_identify(src/zeta2_edu_autonomous/scripts) by extensions ['cmake', 'python']
[0.188s] Level 1:colcon.colcon_core.package_identification:_identify(src/zeta2_edu_autonomous/scripts) by extension 'cmake'
[0.188s] Level 1:colcon.colcon_core.package_identification:_identify(src/zeta2_edu_autonomous/scripts) by extension 'python'
[0.188s] Level 1:colcon.colcon_core.package_identification:_identify(src/zeta2_edu_autonomous/scripts) by extensions ['python_setup_py']
[0.188s] Level 1:colcon.colcon_core.package_identification:_identify(src/zeta2_edu_autonomous/scripts) by extension 'python_setup_py'
[0.188s] Level 1:colcon.colcon_core.package_identification:_identify(src/zeta2_edu_autonomous/zeta2_cartographer) by extensions ['ignore', 'ignore_ament_install']
[0.188s] Level 1:colcon.colcon_core.package_identification:_identify(src/zeta2_edu_autonomous/zeta2_cartographer) by extension 'ignore'
[0.188s] Level 1:colcon.colcon_core.package_identification:_identify(src/zeta2_edu_autonomous/zeta2_cartographer) by extension 'ignore_ament_install'
[0.188s] Level 1:colcon.colcon_core.package_identification:_identify(src/zeta2_edu_autonomous/zeta2_cartographer) by extensions ['colcon_pkg']
[0.188s] Level 1:colcon.colcon_core.package_identification:_identify(src/zeta2_edu_autonomous/zeta2_cartographer) by extension 'colcon_pkg'
[0.188s] Level 1:colcon.colcon_core.package_identification:_identify(src/zeta2_edu_autonomous/zeta2_cartographer) by extensions ['colcon_meta']
[0.188s] Level 1:colcon.colcon_core.package_identification:_identify(src/zeta2_edu_autonomous/zeta2_cartographer) by extension 'colcon_meta'
[0.188s] Level 1:colcon.colcon_core.package_identification:_identify(src/zeta2_edu_autonomous/zeta2_cartographer) by extensions ['ros']
[0.188s] Level 1:colcon.colcon_core.package_identification:_identify(src/zeta2_edu_autonomous/zeta2_cartographer) by extension 'ros'
[0.190s] DEBUG:colcon.colcon_core.package_identification:Package 'src/zeta2_edu_autonomous/zeta2_cartographer' with type 'ros.ament_cmake' and name 'zeta2_cartographer'
[0.190s] Level 1:colcon.colcon_core.package_identification:_identify(src/zeta2_edu_autonomous/zeta2_navigation) by extensions ['ignore', 'ignore_ament_install']
[0.190s] Level 1:colcon.colcon_core.package_identification:_identify(src/zeta2_edu_autonomous/zeta2_navigation) by extension 'ignore'
[0.190s] Level 1:colcon.colcon_core.package_identification:_identify(src/zeta2_edu_autonomous/zeta2_navigation) by extension 'ignore_ament_install'
[0.190s] Level 1:colcon.colcon_core.package_identification:_identify(src/zeta2_edu_autonomous/zeta2_navigation) by extensions ['colcon_pkg']
[0.190s] Level 1:colcon.colcon_core.package_identification:_identify(src/zeta2_edu_autonomous/zeta2_navigation) by extension 'colcon_pkg'
[0.190s] Level 1:colcon.colcon_core.package_identification:_identify(src/zeta2_edu_autonomous/zeta2_navigation) by extensions ['colcon_meta']
[0.190s] Level 1:colcon.colcon_core.package_identification:_identify(src/zeta2_edu_autonomous/zeta2_navigation) by extension 'colcon_meta'
[0.190s] Level 1:colcon.colcon_core.package_identification:_identify(src/zeta2_edu_autonomous/zeta2_navigation) by extensions ['ros']
[0.190s] Level 1:colcon.colcon_core.package_identification:_identify(src/zeta2_edu_autonomous/zeta2_navigation) by extension 'ros'
[0.191s] DEBUG:colcon.colcon_core.package_identification:Package 'src/zeta2_edu_autonomous/zeta2_navigation' with type 'ros.ament_cmake' and name 'zeta2_navigation'
[0.191s] Level 1:colcon.colcon_core.package_identification:_identify(src/zeta2_edu_autonomous/zeta2_simple_commander) by extensions ['ignore', 'ignore_ament_install']
[0.191s] Level 1:colcon.colcon_core.package_identification:_identify(src/zeta2_edu_autonomous/zeta2_simple_commander) by extension 'ignore'
[0.191s] Level 1:colcon.colcon_core.package_identification:_identify(src/zeta2_edu_autonomous/zeta2_simple_commander) by extension 'ignore_ament_install'
[0.191s] Level 1:colcon.colcon_core.package_identification:_identify(src/zeta2_edu_autonomous/zeta2_simple_commander) by extensions ['colcon_pkg']
[0.191s] Level 1:colcon.colcon_core.package_identification:_identify(src/zeta2_edu_autonomous/zeta2_simple_commander) by extension 'colcon_pkg'
[0.191s] Level 1:colcon.colcon_core.package_identification:_identify(src/zeta2_edu_autonomous/zeta2_simple_commander) by extensions ['colcon_meta']
[0.191s] Level 1:colcon.colcon_core.package_identification:_identify(src/zeta2_edu_autonomous/zeta2_simple_commander) by extension 'colcon_meta'
[0.191s] Level 1:colcon.colcon_core.package_identification:_identify(src/zeta2_edu_autonomous/zeta2_simple_commander) by extensions ['ros']
[0.191s] Level 1:colcon.colcon_core.package_identification:_identify(src/zeta2_edu_autonomous/zeta2_simple_commander) by extension 'ros'
[0.191s] DEBUG:colcon.colcon_core.package_identification:Package 'src/zeta2_edu_autonomous/zeta2_simple_commander' with type 'ros.ament_python' and name 'zeta2_simple_commander'
[0.192s] Level 1:colcon.colcon_core.package_identification:_identify(src/zeta2_edu_autonomous/zeta2_slam_toolbox) by extensions ['ignore', 'ignore_ament_install']
[0.192s] Level 1:colcon.colcon_core.package_identification:_identify(src/zeta2_edu_autonomous/zeta2_slam_toolbox) by extension 'ignore'
[0.192s] Level 1:colcon.colcon_core.package_identification:_identify(src/zeta2_edu_autonomous/zeta2_slam_toolbox) by extension 'ignore_ament_install'
[0.192s] Level 1:colcon.colcon_core.package_identification:_identify(src/zeta2_edu_autonomous/zeta2_slam_toolbox) by extensions ['colcon_pkg']
[0.192s] Level 1:colcon.colcon_core.package_identification:_identify(src/zeta2_edu_autonomous/zeta2_slam_toolbox) by extension 'colcon_pkg'
[0.192s] Level 1:colcon.colcon_core.package_identification:_identify(src/zeta2_edu_autonomous/zeta2_slam_toolbox) by extensions ['colcon_meta']
[0.192s] Level 1:colcon.colcon_core.package_identification:_identify(src/zeta2_edu_autonomous/zeta2_slam_toolbox) by extension 'colcon_meta'
[0.192s] Level 1:colcon.colcon_core.package_identification:_identify(src/zeta2_edu_autonomous/zeta2_slam_toolbox) by extensions ['ros']
[0.192s] Level 1:colcon.colcon_core.package_identification:_identify(src/zeta2_edu_autonomous/zeta2_slam_toolbox) by extension 'ros'
[0.192s] DEBUG:colcon.colcon_core.package_identification:Package 'src/zeta2_edu_autonomous/zeta2_slam_toolbox' with type 'ros.ament_cmake' and name 'zeta2_slam_toolbox'
[0.192s] Level 1:colcon.colcon_core.package_discovery:discover_packages(recursive) using defaults
[0.192s] Level 1:colcon.colcon_core.package_discovery:discover_packages(ignore) discover
[0.192s] Level 1:colcon.colcon_core.package_discovery:discover_packages(ignore) using defaults
[0.192s] Level 1:colcon.colcon_core.package_discovery:discover_packages(path) discover
[0.192s] Level 1:colcon.colcon_core.package_discovery:discover_packages(path) using defaults
[0.192s] WARNING:colcon.colcon_core.package_selection:ignoring unknown package 'zeta_simple_commander' in --packages-select
[0.212s] INFO:colcon.colcon_core.package_selection:Skipping not selected package 'zeta2_cartographer' in 'src/zeta2_edu_autonomous/zeta2_cartographer'
[0.212s] INFO:colcon.colcon_core.package_selection:Skipping not selected package 'zeta2_navigation' in 'src/zeta2_edu_autonomous/zeta2_navigation'
[0.212s] INFO:colcon.colcon_core.package_selection:Skipping not selected package 'zeta2_simple_commander' in 'src/zeta2_edu_autonomous/zeta2_simple_commander'
[0.212s] INFO:colcon.colcon_core.package_selection:Skipping not selected package 'zeta2_slam_toolbox' in 'src/zeta2_edu_autonomous/zeta2_slam_toolbox'
[0.212s] Level 1:colcon.colcon_core.package_discovery:discover_packages(prefix_path) check parameters
[0.212s] Level 1:colcon.colcon_core.package_discovery:discover_packages(prefix_path) discover
[0.214s] DEBUG:colcon.colcon_installed_package_information.package_discovery:Found 3 installed packages in /home/jinyoung/zeta_ws/install
[0.214s] DEBUG:colcon.colcon_installed_package_information.package_discovery:Found 389 installed packages in /opt/ros/humble
[0.216s] Level 1:colcon.colcon_core.package_discovery:discover_packages(prefix_path) using defaults
[0.247s] INFO:colcon.colcon_core.executor:Executing jobs using 'parallel' executor
[0.248s] DEBUG:colcon.colcon_parallel_executor.executor.parallel:run_until_complete
[0.248s] DEBUG:colcon.colcon_parallel_executor.executor.parallel:closing loop
[0.248s] DEBUG:colcon.colcon_parallel_executor.executor.parallel:loop closed
[0.248s] DEBUG:colcon.colcon_parallel_executor.executor.parallel:run_until_complete finished with '0'
[0.248s] DEBUG:colcon.colcon_core.event_reactor:joining thread
[0.252s] INFO:colcon.colcon_core.plugin_system:Skipping extension 'colcon_notification.desktop_notification.terminal_notifier': Not used on non-Darwin systems
[0.252s] INFO:colcon.colcon_core.plugin_system:Skipping extension 'colcon_notification.desktop_notification.win32': Not used on non-Windows systems
[0.252s] INFO:colcon.colcon_notification.desktop_notification:Sending desktop notification using 'notify2'
[0.259s] DEBUG:colcon.colcon_core.event_reactor:joined thread
[0.261s] INFO:colcon.colcon_core.plugin_system:Skipping extension 'colcon_core.shell.bat': Not used on non-Windows systems
[0.261s] INFO:colcon.colcon_core.shell:Creating prefix script '/home/jinyoung/zeta_ws/install/local_setup.ps1'
[0.262s] INFO:colcon.colcon_core.shell:Creating prefix util module '/home/jinyoung/zeta_ws/install/_local_setup_util_ps1.py'
[0.263s] INFO:colcon.colcon_core.shell:Creating prefix chain script '/home/jinyoung/zeta_ws/install/setup.ps1'
[0.264s] INFO:colcon.colcon_core.shell:Creating prefix script '/home/jinyoung/zeta_ws/install/local_setup.sh'
[0.264s] INFO:colcon.colcon_core.shell:Creating prefix util module '/home/jinyoung/zeta_ws/install/_local_setup_util_sh.py'
[0.265s] INFO:colcon.colcon_core.shell:Creating prefix chain script '/home/jinyoung/zeta_ws/install/setup.sh'
[0.266s] INFO:colcon.colcon_core.shell:Creating prefix script '/home/jinyoung/zeta_ws/install/local_setup.bash'
[0.266s] INFO:colcon.colcon_core.shell:Creating prefix chain script '/home/jinyoung/zeta_ws/install/setup.bash'
[0.267s] INFO:colcon.colcon_core.shell:Creating prefix script '/home/jinyoung/zeta_ws/install/local_setup.zsh'
[0.271s] INFO:colcon.colcon_core.shell:Creating prefix chain script '/home/jinyoung/zeta_ws/install/setup.zsh'
