[0.591s] Invoking command in '/home/jinyoung/zeta_ws/src/zeta2_edu_autonomous/zeta2_simple_commander': PYTHONPATH=/home/jinyoung/zeta_ws/build/zeta2_simple_commander/prefix_override:/usr/lib/python3/dist-packages/colcon_core/task/python/colcon_distutils_commands:/home/jinyoung/zeta_ws/install/zeta2_simple_commander/lib/python3.10/site-packages:${PYTHONPATH} /usr/bin/python3 -W ignore:setup.py install is deprecated setup.py egg_info --egg-base ../../../build/zeta2_simple_commander build --build-base /home/jinyoung/zeta_ws/build/zeta2_simple_commander/build install --record /home/jinyoung/zeta_ws/build/zeta2_simple_commander/install.log --single-version-externally-managed install_data
[0.801s] running egg_info
[0.802s] creating ../../../build/zeta2_simple_commander/zeta2_simple_commander.egg-info
[0.802s] writing ../../../build/zeta2_simple_commander/zeta2_simple_commander.egg-info/PKG-INFO
[0.802s] writing dependency_links to ../../../build/zeta2_simple_commander/zeta2_simple_commander.egg-info/dependency_links.txt
[0.802s] writing entry points to ../../../build/zeta2_simple_commander/zeta2_simple_commander.egg-info/entry_points.txt
[0.802s] writing requirements to ../../../build/zeta2_simple_commander/zeta2_simple_commander.egg-info/requires.txt
[0.802s] writing top-level names to ../../../build/zeta2_simple_commander/zeta2_simple_commander.egg-info/top_level.txt
[0.802s] writing manifest file '../../../build/zeta2_simple_commander/zeta2_simple_commander.egg-info/SOURCES.txt'
[0.804s] reading manifest file '../../../build/zeta2_simple_commander/zeta2_simple_commander.egg-info/SOURCES.txt'
[0.805s] writing manifest file '../../../build/zeta2_simple_commander/zeta2_simple_commander.egg-info/SOURCES.txt'
[0.805s] running build
[0.805s] running build_py
[0.805s] creating /home/jinyoung/zeta_ws/build/zeta2_simple_commander/build
[0.805s] creating /home/jinyoung/zeta_ws/build/zeta2_simple_commander/build/lib
[0.805s] creating /home/jinyoung/zeta_ws/build/zeta2_simple_commander/build/lib/zeta2_simple_commander
[0.805s] copying zeta2_simple_commander/demo_security.py -> /home/jinyoung/zeta_ws/build/zeta2_simple_commander/build/lib/zeta2_simple_commander
[0.805s] copying zeta2_simple_commander/example_nav_through_poses.py -> /home/jinyoung/zeta_ws/build/zeta2_simple_commander/build/lib/zeta2_simple_commander
[0.805s] copying zeta2_simple_commander/__init__.py -> /home/jinyoung/zeta_ws/build/zeta2_simple_commander/build/lib/zeta2_simple_commander
[0.805s] copying zeta2_simple_commander/demo_picking.py -> /home/jinyoung/zeta_ws/build/zeta2_simple_commander/build/lib/zeta2_simple_commander
[0.805s] copying zeta2_simple_commander/example_waypoint_follower.py -> /home/jinyoung/zeta_ws/build/zeta2_simple_commander/build/lib/zeta2_simple_commander
[0.805s] copying zeta2_simple_commander/demo_inspection.py -> /home/jinyoung/zeta_ws/build/zeta2_simple_commander/build/lib/zeta2_simple_commander
[0.806s] copying zeta2_simple_commander/example_nav_to_pose.py -> /home/jinyoung/zeta_ws/build/zeta2_simple_commander/build/lib/zeta2_simple_commander
[0.806s] copying zeta2_simple_commander/example_follow_path.py -> /home/jinyoung/zeta_ws/build/zeta2_simple_commander/build/lib/zeta2_simple_commander
[0.806s] running install
[0.806s] running install_lib
[0.807s] creating /home/jinyoung/zeta_ws/install/zeta2_simple_commander/lib/python3.10/site-packages/zeta2_simple_commander
[0.807s] copying /home/jinyoung/zeta_ws/build/zeta2_simple_commander/build/lib/zeta2_simple_commander/demo_security.py -> /home/jinyoung/zeta_ws/install/zeta2_simple_commander/lib/python3.10/site-packages/zeta2_simple_commander
[0.807s] copying /home/jinyoung/zeta_ws/build/zeta2_simple_commander/build/lib/zeta2_simple_commander/example_nav_through_poses.py -> /home/jinyoung/zeta_ws/install/zeta2_simple_commander/lib/python3.10/site-packages/zeta2_simple_commander
[0.807s] copying /home/jinyoung/zeta_ws/build/zeta2_simple_commander/build/lib/zeta2_simple_commander/__init__.py -> /home/jinyoung/zeta_ws/install/zeta2_simple_commander/lib/python3.10/site-packages/zeta2_simple_commander
[0.807s] copying /home/jinyoung/zeta_ws/build/zeta2_simple_commander/build/lib/zeta2_simple_commander/demo_picking.py -> /home/jinyoung/zeta_ws/install/zeta2_simple_commander/lib/python3.10/site-packages/zeta2_simple_commander
[0.807s] copying /home/jinyoung/zeta_ws/build/zeta2_simple_commander/build/lib/zeta2_simple_commander/example_waypoint_follower.py -> /home/jinyoung/zeta_ws/install/zeta2_simple_commander/lib/python3.10/site-packages/zeta2_simple_commander
[0.807s] copying /home/jinyoung/zeta_ws/build/zeta2_simple_commander/build/lib/zeta2_simple_commander/demo_inspection.py -> /home/jinyoung/zeta_ws/install/zeta2_simple_commander/lib/python3.10/site-packages/zeta2_simple_commander
[0.807s] copying /home/jinyoung/zeta_ws/build/zeta2_simple_commander/build/lib/zeta2_simple_commander/example_nav_to_pose.py -> /home/jinyoung/zeta_ws/install/zeta2_simple_commander/lib/python3.10/site-packages/zeta2_simple_commander
[0.807s] copying /home/jinyoung/zeta_ws/build/zeta2_simple_commander/build/lib/zeta2_simple_commander/example_follow_path.py -> /home/jinyoung/zeta_ws/install/zeta2_simple_commander/lib/python3.10/site-packages/zeta2_simple_commander
[0.807s] byte-compiling /home/jinyoung/zeta_ws/install/zeta2_simple_commander/lib/python3.10/site-packages/zeta2_simple_commander/demo_security.py to demo_security.cpython-310.pyc
[0.808s] byte-compiling /home/jinyoung/zeta_ws/install/zeta2_simple_commander/lib/python3.10/site-packages/zeta2_simple_commander/example_nav_through_poses.py to example_nav_through_poses.cpython-310.pyc
[0.809s] byte-compiling /home/jinyoung/zeta_ws/install/zeta2_simple_commander/lib/python3.10/site-packages/zeta2_simple_commander/__init__.py to __init__.cpython-310.pyc
[0.809s] byte-compiling /home/jinyoung/zeta_ws/install/zeta2_simple_commander/lib/python3.10/site-packages/zeta2_simple_commander/demo_picking.py to demo_picking.cpython-310.pyc
[0.809s] byte-compiling /home/jinyoung/zeta_ws/install/zeta2_simple_commander/lib/python3.10/site-packages/zeta2_simple_commander/example_waypoint_follower.py to example_waypoint_follower.cpython-310.pyc
[0.810s] byte-compiling /home/jinyoung/zeta_ws/install/zeta2_simple_commander/lib/python3.10/site-packages/zeta2_simple_commander/demo_inspection.py to demo_inspection.cpython-310.pyc
[0.810s] byte-compiling /home/jinyoung/zeta_ws/install/zeta2_simple_commander/lib/python3.10/site-packages/zeta2_simple_commander/example_nav_to_pose.py to example_nav_to_pose.cpython-310.pyc
[0.811s] byte-compiling /home/jinyoung/zeta_ws/install/zeta2_simple_commander/lib/python3.10/site-packages/zeta2_simple_commander/example_follow_path.py to example_follow_path.cpython-310.pyc
[0.811s] running install_data
[0.811s] creating /home/jinyoung/zeta_ws/install/zeta2_simple_commander/share/ament_index
[0.811s] creating /home/jinyoung/zeta_ws/install/zeta2_simple_commander/share/ament_index/resource_index
[0.811s] creating /home/jinyoung/zeta_ws/install/zeta2_simple_commander/share/ament_index/resource_index/packages
[0.811s] copying resource/zeta2_simple_commander -> /home/jinyoung/zeta_ws/install/zeta2_simple_commander/share/ament_index/resource_index/packages
[0.812s] copying package.xml -> /home/jinyoung/zeta_ws/install/zeta2_simple_commander/share/zeta2_simple_commander
[0.812s] running install_egg_info
[0.813s] Copying ../../../build/zeta2_simple_commander/zeta2_simple_commander.egg-info to /home/jinyoung/zeta_ws/install/zeta2_simple_commander/lib/python3.10/site-packages/zeta2_simple_commander-1.0.0-py3.10.egg-info
[0.814s] running install_scripts
[0.833s] Installing demo_inspection script to /home/jinyoung/zeta_ws/install/zeta2_simple_commander/lib/zeta2_simple_commander
[0.833s] Installing demo_picking script to /home/jinyoung/zeta_ws/install/zeta2_simple_commander/lib/zeta2_simple_commander
[0.833s] Installing demo_recoveries script to /home/jinyoung/zeta_ws/install/zeta2_simple_commander/lib/zeta2_simple_commander
[0.833s] Installing demo_security script to /home/jinyoung/zeta_ws/install/zeta2_simple_commander/lib/zeta2_simple_commander
[0.833s] Installing example_assisted_teleop script to /home/jinyoung/zeta_ws/install/zeta2_simple_commander/lib/zeta2_simple_commander
[0.833s] Installing example_follow_path script to /home/jinyoung/zeta_ws/install/zeta2_simple_commander/lib/zeta2_simple_commander
[0.833s] Installing example_nav_through_poses script to /home/jinyoung/zeta_ws/install/zeta2_simple_commander/lib/zeta2_simple_commander
[0.833s] Installing example_nav_to_pose script to /home/jinyoung/zeta_ws/install/zeta2_simple_commander/lib/zeta2_simple_commander
[0.833s] Installing example_waypoint_follower script to /home/jinyoung/zeta_ws/install/zeta2_simple_commander/lib/zeta2_simple_commander
[0.833s] writing list of installed files to '/home/jinyoung/zeta_ws/build/zeta2_simple_commander/install.log'
[0.853s] Invoked command in '/home/jinyoung/zeta_ws/src/zeta2_edu_autonomous/zeta2_simple_commander' returned '0': PYTHONPATH=/home/jinyoung/zeta_ws/build/zeta2_simple_commander/prefix_override:/usr/lib/python3/dist-packages/colcon_core/task/python/colcon_distutils_commands:/home/jinyoung/zeta_ws/install/zeta2_simple_commander/lib/python3.10/site-packages:${PYTHONPATH} /usr/bin/python3 -W ignore:setup.py install is deprecated setup.py egg_info --egg-base ../../../build/zeta2_simple_commander build --build-base /home/jinyoung/zeta_ws/build/zeta2_simple_commander/build install --record /home/jinyoung/zeta_ws/build/zeta2_simple_commander/install.log --single-version-externally-managed install_data
