[0.012s] Invoking command in '/home/jinyoung/zeta_ws/build/zeta2_navigation': CMAKE_PREFIX_PATH=/opt/ros/humble /usr/bin/cmake --build /home/jinyoung/zeta_ws/build/zeta2_navigation -- -j16 -l16
[0.163s] -- Found ament_cmake: 1.3.10 (/opt/ros/humble/share/ament_cmake/cmake)
[0.164s] -- Found xacro: 2.0.8 (/opt/ros/humble/share/xacro/cmake)
[0.164s] -- Configuring incomplete, errors occurred!
[0.164s] See also "/home/jinyoung/zeta_ws/build/zeta2_navigation/CMakeFiles/CMakeOutput.log".
[0.164s] [31mCMake Error at CMakeLists.txt:21 (find_package):
[0.164s]   By not providing "Findteb_local_planner.cmake" in CMAKE_MODULE_PATH this
[0.164s]   project has asked CMake to find a package configuration file provided by
[0.164s]   "teb_local_planner", but CMake did not find one.
[0.164s] 
[0.164s]   Could not find a package configuration file provided by "teb_local_planner"
[0.164s]   with any of the following names:
[0.164s] 
[0.164s]     teb_local_plannerConfig.cmake
[0.164s]     teb_local_planner-config.cmake
[0.164s] 
[0.164s]   Add the installation prefix of "teb_local_planner" to CMAKE_PREFIX_PATH or
[0.164s]   set "teb_local_planner_DIR" to a directory containing one of the above
[0.164s]   files.  If "teb_local_planner" provides a separate development package or
[0.164s]   SDK, be sure it has been installed.
[0.164s] 
[0.164s] [0m
[0.164s] gmake: *** [Makefile:226: cmake_check_build_system] Error 1
[0.166s] Invoked command in '/home/jinyoung/zeta_ws/build/zeta2_navigation' returned '2': CMAKE_PREFIX_PATH=/opt/ros/humble /usr/bin/cmake --build /home/jinyoung/zeta_ws/build/zeta2_navigation -- -j16 -l16
