-- The C compiler identification is GNU 11.4.0
-- The CXX compiler identification is GNU 11.4.0
-- Detecting C compiler ABI info
-- Detecting C compiler ABI info - done
-- Check for working C compiler: /usr/bin/cc - skipped
-- Detecting C compile features
-- Detecting C compile features - done
-- Detecting CXX compiler ABI info
-- Detecting CXX compiler ABI info - done
-- Check for working CXX compiler: /usr/bin/c++ - skipped
-- Detecting CXX compile features
-- Detecting CXX compile features - done
-- Found ament_cmake: 1.3.9 (/opt/ros/humble/share/ament_cmake/cmake)
-- Found Python3: /usr/bin/python3 (found version "3.10.12") found components: Interpreter 
-- Configuring done
-- Generating done
-- Build files have been written to: /home/jinyoung/zeta_ws/build/zeta2_cartographer
-- Install configuration: ""
-- Installing: /home/jinyoung/zeta_ws/install/zeta2_cartographer/share/zeta2_cartographer/config
-- Installing: /home/jinyoung/zeta_ws/install/zeta2_cartographer/share/zeta2_cartographer/config/zeta2_ldlidar.lua
-- Installing: /home/jinyoung/zeta_ws/install/zeta2_cartographer/share/zeta2_cartographer/launch
-- Installing: /home/jinyoung/zeta_ws/install/zeta2_cartographer/share/zeta2_cartographer/launch/zeta2_cartographer.launch.py
-- Installing: /home/jinyoung/zeta_ws/install/zeta2_cartographer/share/zeta2_cartographer/rviz
-- Installing: /home/jinyoung/zeta_ws/install/zeta2_cartographer/share/zeta2_cartographer/rviz/zeta2_cartographer.rviz
-- Installing: /home/jinyoung/zeta_ws/install/zeta2_cartographer/share/ament_index/resource_index/package_run_dependencies/zeta2_cartographer
-- Installing: /home/jinyoung/zeta_ws/install/zeta2_cartographer/share/ament_index/resource_index/parent_prefix_path/zeta2_cartographer
-- Installing: /home/jinyoung/zeta_ws/install/zeta2_cartographer/share/zeta2_cartographer/environment/ament_prefix_path.sh
-- Installing: /home/jinyoung/zeta_ws/install/zeta2_cartographer/share/zeta2_cartographer/environment/ament_prefix_path.dsv
-- Installing: /home/jinyoung/zeta_ws/install/zeta2_cartographer/share/zeta2_cartographer/environment/path.sh
-- Installing: /home/jinyoung/zeta_ws/install/zeta2_cartographer/share/zeta2_cartographer/environment/path.dsv
-- Installing: /home/jinyoung/zeta_ws/install/zeta2_cartographer/share/zeta2_cartographer/local_setup.bash
-- Installing: /home/jinyoung/zeta_ws/install/zeta2_cartographer/share/zeta2_cartographer/local_setup.sh
-- Installing: /home/jinyoung/zeta_ws/install/zeta2_cartographer/share/zeta2_cartographer/local_setup.zsh
-- Installing: /home/jinyoung/zeta_ws/install/zeta2_cartographer/share/zeta2_cartographer/local_setup.dsv
-- Installing: /home/jinyoung/zeta_ws/install/zeta2_cartographer/share/zeta2_cartographer/package.dsv
-- Installing: /home/jinyoung/zeta_ws/install/zeta2_cartographer/share/ament_index/resource_index/packages/zeta2_cartographer
-- Installing: /home/jinyoung/zeta_ws/install/zeta2_cartographer/share/zeta2_cartographer/cmake/zeta2_cartographerConfig.cmake
-- Installing: /home/jinyoung/zeta_ws/install/zeta2_cartographer/share/zeta2_cartographer/cmake/zeta2_cartographerConfig-version.cmake
-- Installing: /home/jinyoung/zeta_ws/install/zeta2_cartographer/share/zeta2_cartographer/package.xml
