[0.009s] Invoking command in '/home/jinyoung/zeta_ws/build/zeta2_cartographer': CMAKE_PREFIX_PATH=/opt/ros/humble /usr/bin/cmake /home/jinyoung/zeta_ws/src/zeta2_edu_autonomous/zeta2_cartographer -DCMAKE_INSTALL_PREFIX=/home/jinyoung/zeta_ws/install/zeta2_cartographer
[0.069s] -- The C compiler identification is GNU 11.4.0
[0.117s] -- The CXX compiler identification is GNU 11.4.0
[0.124s] -- Detecting C compiler ABI info
[0.168s] -- Detecting C compiler ABI info - done
[0.173s] -- Check for working C compiler: /usr/bin/cc - skipped
[0.173s] -- Detecting C compile features
[0.174s] -- Detecting C compile features - done
[0.176s] -- Detecting CXX compiler ABI info
[0.225s] -- Detecting CXX compiler ABI info - done
[0.232s] -- Check for working CXX compiler: /usr/bin/c++ - skipped
[0.232s] -- Detecting CXX compile features
[0.232s] -- Detecting CXX compile features - done
[0.233s] -- Found ament_cmake: 1.3.9 (/opt/ros/humble/share/ament_cmake/cmake)
[0.340s] -- Found Python3: /usr/bin/python3 (found version "3.10.12") found components: Interpreter 
[0.446s] -- Configuring done
[0.448s] -- Generating done
[0.448s] -- Build files have been written to: /home/jinyoung/zeta_ws/build/zeta2_cartographer
[0.453s] Invoked command in '/home/jinyoung/zeta_ws/build/zeta2_cartographer' returned '0': CMAKE_PREFIX_PATH=/opt/ros/humble /usr/bin/cmake /home/jinyoung/zeta_ws/src/zeta2_edu_autonomous/zeta2_cartographer -DCMAKE_INSTALL_PREFIX=/home/jinyoung/zeta_ws/install/zeta2_cartographer
[0.454s] Invoking command in '/home/jinyoung/zeta_ws/build/zeta2_cartographer': CMAKE_PREFIX_PATH=/opt/ros/humble /usr/bin/cmake --build /home/jinyoung/zeta_ws/build/zeta2_cartographer -- -j16 -l16
[0.476s] Invoked command in '/home/jinyoung/zeta_ws/build/zeta2_cartographer' returned '0': CMAKE_PREFIX_PATH=/opt/ros/humble /usr/bin/cmake --build /home/jinyoung/zeta_ws/build/zeta2_cartographer -- -j16 -l16
[0.494s] Invoking command in '/home/jinyoung/zeta_ws/build/zeta2_cartographer': CMAKE_PREFIX_PATH=/opt/ros/humble /usr/bin/cmake --install /home/jinyoung/zeta_ws/build/zeta2_cartographer
[0.498s] -- Install configuration: ""
[0.498s] -- Installing: /home/jinyoung/zeta_ws/install/zeta2_cartographer/share/zeta2_cartographer/config
[0.498s] -- Installing: /home/jinyoung/zeta_ws/install/zeta2_cartographer/share/zeta2_cartographer/config/zeta2_ldlidar.lua
[0.498s] -- Installing: /home/jinyoung/zeta_ws/install/zeta2_cartographer/share/zeta2_cartographer/launch
[0.498s] -- Installing: /home/jinyoung/zeta_ws/install/zeta2_cartographer/share/zeta2_cartographer/launch/zeta2_cartographer.launch.py
[0.498s] -- Installing: /home/jinyoung/zeta_ws/install/zeta2_cartographer/share/zeta2_cartographer/rviz
[0.498s] -- Installing: /home/jinyoung/zeta_ws/install/zeta2_cartographer/share/zeta2_cartographer/rviz/zeta2_cartographer.rviz
[0.498s] -- Installing: /home/jinyoung/zeta_ws/install/zeta2_cartographer/share/ament_index/resource_index/package_run_dependencies/zeta2_cartographer
[0.498s] -- Installing: /home/jinyoung/zeta_ws/install/zeta2_cartographer/share/ament_index/resource_index/parent_prefix_path/zeta2_cartographer
[0.498s] -- Installing: /home/jinyoung/zeta_ws/install/zeta2_cartographer/share/zeta2_cartographer/environment/ament_prefix_path.sh
[0.498s] -- Installing: /home/jinyoung/zeta_ws/install/zeta2_cartographer/share/zeta2_cartographer/environment/ament_prefix_path.dsv
[0.498s] -- Installing: /home/jinyoung/zeta_ws/install/zeta2_cartographer/share/zeta2_cartographer/environment/path.sh
[0.498s] -- Installing: /home/jinyoung/zeta_ws/install/zeta2_cartographer/share/zeta2_cartographer/environment/path.dsv
[0.498s] -- Installing: /home/jinyoung/zeta_ws/install/zeta2_cartographer/share/zeta2_cartographer/local_setup.bash
[0.499s] -- Installing: /home/jinyoung/zeta_ws/install/zeta2_cartographer/share/zeta2_cartographer/local_setup.sh
[0.499s] -- Installing: /home/jinyoung/zeta_ws/install/zeta2_cartographer/share/zeta2_cartographer/local_setup.zsh
[0.499s] -- Installing: /home/jinyoung/zeta_ws/install/zeta2_cartographer/share/zeta2_cartographer/local_setup.dsv
[0.499s] -- Installing: /home/jinyoung/zeta_ws/install/zeta2_cartographer/share/zeta2_cartographer/package.dsv
[0.499s] -- Installing: /home/jinyoung/zeta_ws/install/zeta2_cartographer/share/ament_index/resource_index/packages/zeta2_cartographer
[0.499s] -- Installing: /home/jinyoung/zeta_ws/install/zeta2_cartographer/share/zeta2_cartographer/cmake/zeta2_cartographerConfig.cmake
[0.499s] -- Installing: /home/jinyoung/zeta_ws/install/zeta2_cartographer/share/zeta2_cartographer/cmake/zeta2_cartographerConfig-version.cmake
[0.499s] -- Installing: /home/jinyoung/zeta_ws/install/zeta2_cartographer/share/zeta2_cartographer/package.xml
[0.511s] Invoked command in '/home/jinyoung/zeta_ws/build/zeta2_cartographer' returned '0': CMAKE_PREFIX_PATH=/opt/ros/humble /usr/bin/cmake --install /home/jinyoung/zeta_ws/build/zeta2_cartographer
