-- Found ament_cmake: 1.3.10 (/opt/ros/humble/share/ament_cmake/cmake)
-- Configuring done
-- Generating done
-- Build files have been written to: /home/jinyoung/zeta_ws/build/zeta2_cartographer
-- Install configuration: ""
-- Up-to-date: /home/jinyoung/zeta_ws/install/zeta2_cartographer/share/zeta2_cartographer/config
-- Up-to-date: /home/jinyoung/zeta_ws/install/zeta2_cartographer/share/zeta2_cartographer/config/zeta2_ldlidar.lua
-- Up-to-date: /home/jinyoung/zeta_ws/install/zeta2_cartographer/share/zeta2_cartographer/launch
-- Up-to-date: /home/jinyoung/zeta_ws/install/zeta2_cartographer/share/zeta2_cartographer/launch/zeta2_cartographer.launch.py
-- Up-to-date: /home/jinyoung/zeta_ws/install/zeta2_cartographer/share/zeta2_cartographer/rviz
-- Up-to-date: /home/jinyoung/zeta_ws/install/zeta2_cartographer/share/zeta2_cartographer/rviz/zeta2_cartographer.rviz
-- Up-to-date: /home/jinyoung/zeta_ws/install/zeta2_cartographer/share/ament_index/resource_index/package_run_dependencies/zeta2_cartographer
-- Up-to-date: /home/jinyoung/zeta_ws/install/zeta2_cartographer/share/ament_index/resource_index/parent_prefix_path/zeta2_cartographer
-- Installing: /home/jinyoung/zeta_ws/install/zeta2_cartographer/share/zeta2_cartographer/environment/ament_prefix_path.sh
-- Installing: /home/jinyoung/zeta_ws/install/zeta2_cartographer/share/zeta2_cartographer/environment/ament_prefix_path.dsv
-- Installing: /home/jinyoung/zeta_ws/install/zeta2_cartographer/share/zeta2_cartographer/environment/path.sh
-- Installing: /home/jinyoung/zeta_ws/install/zeta2_cartographer/share/zeta2_cartographer/environment/path.dsv
-- Up-to-date: /home/jinyoung/zeta_ws/install/zeta2_cartographer/share/zeta2_cartographer/local_setup.bash
-- Up-to-date: /home/jinyoung/zeta_ws/install/zeta2_cartographer/share/zeta2_cartographer/local_setup.sh
-- Up-to-date: /home/jinyoung/zeta_ws/install/zeta2_cartographer/share/zeta2_cartographer/local_setup.zsh
-- Installing: /home/jinyoung/zeta_ws/install/zeta2_cartographer/share/zeta2_cartographer/local_setup.dsv
-- Installing: /home/jinyoung/zeta_ws/install/zeta2_cartographer/share/zeta2_cartographer/package.dsv
-- Up-to-date: /home/jinyoung/zeta_ws/install/zeta2_cartographer/share/ament_index/resource_index/packages/zeta2_cartographer
-- Up-to-date: /home/jinyoung/zeta_ws/install/zeta2_cartographer/share/zeta2_cartographer/cmake/zeta2_cartographerConfig.cmake
-- Up-to-date: /home/jinyoung/zeta_ws/install/zeta2_cartographer/share/zeta2_cartographer/cmake/zeta2_cartographerConfig-version.cmake
-- Up-to-date: /home/jinyoung/zeta_ws/install/zeta2_cartographer/share/zeta2_cartographer/package.xml
