[0.149s] Invoking command in '/home/jinyoung/zeta_ws/build/zeta2_slam_toolbox': CMAKE_PREFIX_PATH=/opt/ros/humble /usr/bin/cmake --build /home/jinyoung/zeta_ws/build/zeta2_slam_toolbox -- -j16 -l16
[0.175s] Invoked command in '/home/jinyoung/zeta_ws/build/zeta2_slam_toolbox' returned '0': CMAKE_PREFIX_PATH=/opt/ros/humble /usr/bin/cmake --build /home/jinyoung/zeta_ws/build/zeta2_slam_toolbox -- -j16 -l16
[0.192s] Invoking command in '/home/jinyoung/zeta_ws/build/zeta2_slam_toolbox': CMAKE_PREFIX_PATH=/opt/ros/humble /usr/bin/cmake --install /home/jinyoung/zeta_ws/build/zeta2_slam_toolbox
[0.198s] -- Install configuration: ""
[0.198s] -- Up-to-date: /home/jinyoung/zeta_ws/install/zeta2_slam_toolbox/share/zeta2_slam_toolbox/config
[0.198s] -- Up-to-date: /home/jinyoung/zeta_ws/install/zeta2_slam_toolbox/share/zeta2_slam_toolbox/config/mapper_params.yaml
[0.198s] -- Up-to-date: /home/jinyoung/zeta_ws/install/zeta2_slam_toolbox/share/zeta2_slam_toolbox/launch
[0.198s] -- Up-to-date: /home/jinyoung/zeta_ws/install/zeta2_slam_toolbox/share/zeta2_slam_toolbox/launch/zeta2_slam_toolbox.launch.py
[0.198s] -- Up-to-date: /home/jinyoung/zeta_ws/install/zeta2_slam_toolbox/share/zeta2_slam_toolbox/rviz
[0.198s] -- Up-to-date: /home/jinyoung/zeta_ws/install/zeta2_slam_toolbox/share/zeta2_slam_toolbox/rviz/zeta2_slam_toolbox.rviz
[0.198s] -- Up-to-date: /home/jinyoung/zeta_ws/install/zeta2_slam_toolbox/share/ament_index/resource_index/package_run_dependencies/zeta2_slam_toolbox
[0.198s] -- Up-to-date: /home/jinyoung/zeta_ws/install/zeta2_slam_toolbox/share/ament_index/resource_index/parent_prefix_path/zeta2_slam_toolbox
[0.198s] -- Up-to-date: /home/jinyoung/zeta_ws/install/zeta2_slam_toolbox/share/zeta2_slam_toolbox/environment/ament_prefix_path.sh
[0.198s] -- Up-to-date: /home/jinyoung/zeta_ws/install/zeta2_slam_toolbox/share/zeta2_slam_toolbox/environment/ament_prefix_path.dsv
[0.199s] -- Up-to-date: /home/jinyoung/zeta_ws/install/zeta2_slam_toolbox/share/zeta2_slam_toolbox/environment/path.sh
[0.199s] -- Up-to-date: /home/jinyoung/zeta_ws/install/zeta2_slam_toolbox/share/zeta2_slam_toolbox/environment/path.dsv
[0.199s] -- Up-to-date: /home/jinyoung/zeta_ws/install/zeta2_slam_toolbox/share/zeta2_slam_toolbox/local_setup.bash
[0.199s] -- Up-to-date: /home/jinyoung/zeta_ws/install/zeta2_slam_toolbox/share/zeta2_slam_toolbox/local_setup.sh
[0.199s] -- Up-to-date: /home/jinyoung/zeta_ws/install/zeta2_slam_toolbox/share/zeta2_slam_toolbox/local_setup.zsh
[0.199s] -- Up-to-date: /home/jinyoung/zeta_ws/install/zeta2_slam_toolbox/share/zeta2_slam_toolbox/local_setup.dsv
[0.199s] -- Installing: /home/jinyoung/zeta_ws/install/zeta2_slam_toolbox/share/zeta2_slam_toolbox/package.dsv
[0.199s] -- Up-to-date: /home/jinyoung/zeta_ws/install/zeta2_slam_toolbox/share/ament_index/resource_index/packages/zeta2_slam_toolbox
[0.199s] -- Up-to-date: /home/jinyoung/zeta_ws/install/zeta2_slam_toolbox/share/zeta2_slam_toolbox/cmake/zeta2_slam_toolboxConfig.cmake
[0.199s] -- Up-to-date: /home/jinyoung/zeta_ws/install/zeta2_slam_toolbox/share/zeta2_slam_toolbox/cmake/zeta2_slam_toolboxConfig-version.cmake
[0.199s] -- Up-to-date: /home/jinyoung/zeta_ws/install/zeta2_slam_toolbox/share/zeta2_slam_toolbox/package.xml
[0.200s] Invoked command in '/home/jinyoung/zeta_ws/build/zeta2_slam_toolbox' returned '0': CMAKE_PREFIX_PATH=/opt/ros/humble /usr/bin/cmake --install /home/jinyoung/zeta_ws/build/zeta2_slam_toolbox
