[0.076s] DEBUG:colcon:Command line arguments: ['/usr/bin/colcon', 'build']
[0.076s] DEBUG:colcon:Parsed command line arguments: Namespace(log_base=None, log_level=None, verb_name='build', build_base='build', install_base='install', merge_install=False, symlink_install=False, test_result_base=None, continue_on_error=False, executor='parallel', parallel_workers=16, event_handlers=None, ignore_user_meta=False, metas=['./colcon.meta'], base_paths=['.'], packages_ignore=None, packages_ignore_regex=None, paths=None, packages_up_to=None, packages_up_to_regex=None, packages_above=None, packages_above_and_dependencies=None, packages_above_depth=None, packages_select_by_dep=None, packages_skip_by_dep=None, packages_skip_up_to=None, packages_select_build_failed=False, packages_skip_build_finished=False, packages_select_test_failures=False, packages_skip_test_passed=False, packages_select=None, packages_skip=None, packages_select_regex=None, packages_skip_regex=None, packages_start=None, packages_end=None, allow_overriding=[], cmake_args=None, cmake_target=None, cmake_target_skip_unavailable=False, cmake_clean_cache=False, cmake_clean_first=False, cmake_force_configure=False, ament_cmake_args=None, catkin_cmake_args=None, catkin_skip_building_tests=False, mixin_files=None, mixin=None, verb_parser=<colcon_mixin.mixin.mixin_argument.MixinArgumentDecorator object at 0x72a0b991f9d0>, verb_extension=<colcon_core.verb.build.BuildVerb object at 0x72a0b9a74040>, main=<bound method BuildVerb.main of <colcon_core.verb.build.BuildVerb object at 0x72a0b9a74040>>, mixin_verb=('build',))
[0.200s] Level 1:colcon.colcon_core.package_discovery:discover_packages(colcon_meta) check parameters
[0.200s] Level 1:colcon.colcon_core.package_discovery:discover_packages(recursive) check parameters
[0.200s] Level 1:colcon.colcon_core.package_discovery:discover_packages(ignore) check parameters
[0.200s] Level 1:colcon.colcon_core.package_discovery:discover_packages(path) check parameters
[0.200s] Level 1:colcon.colcon_core.package_discovery:discover_packages(colcon_meta) discover
[0.200s] Level 1:colcon.colcon_core.package_discovery:discover_packages(recursive) discover
[0.200s] INFO:colcon.colcon_core.package_discovery:Crawling recursively for packages in '/home/jinyoung/zeta_ws'
[0.200s] Level 1:colcon.colcon_core.package_identification:_identify(.) by extensions ['ignore', 'ignore_ament_install']
[0.200s] Level 1:colcon.colcon_core.package_identification:_identify(.) by extension 'ignore'
[0.200s] Level 1:colcon.colcon_core.package_identification:_identify(.) by extension 'ignore_ament_install'
[0.200s] Level 1:colcon.colcon_core.package_identification:_identify(.) by extensions ['colcon_pkg']
[0.200s] Level 1:colcon.colcon_core.package_identification:_identify(.) by extension 'colcon_pkg'
[0.200s] Level 1:colcon.colcon_core.package_identification:_identify(.) by extensions ['colcon_meta']
[0.200s] Level 1:colcon.colcon_core.package_identification:_identify(.) by extension 'colcon_meta'
[0.200s] Level 1:colcon.colcon_core.package_identification:_identify(.) by extensions ['ros']
[0.200s] Level 1:colcon.colcon_core.package_identification:_identify(.) by extension 'ros'
[0.209s] Level 1:colcon.colcon_core.package_identification:_identify(.) by extensions ['cmake', 'python']
[0.209s] Level 1:colcon.colcon_core.package_identification:_identify(.) by extension 'cmake'
[0.209s] Level 1:colcon.colcon_core.package_identification:_identify(.) by extension 'python'
[0.209s] Level 1:colcon.colcon_core.package_identification:_identify(.) by extensions ['python_setup_py']
[0.209s] Level 1:colcon.colcon_core.package_identification:_identify(.) by extension 'python_setup_py'
[0.209s] Level 1:colcon.colcon_core.package_identification:_identify(build) by extensions ['ignore', 'ignore_ament_install']
[0.209s] Level 1:colcon.colcon_core.package_identification:_identify(build) by extension 'ignore'
[0.209s] Level 1:colcon.colcon_core.package_identification:_identify(build) ignored
[0.209s] Level 1:colcon.colcon_core.package_identification:_identify(install) by extensions ['ignore', 'ignore_ament_install']
[0.209s] Level 1:colcon.colcon_core.package_identification:_identify(install) by extension 'ignore'
[0.209s] Level 1:colcon.colcon_core.package_identification:_identify(install) ignored
[0.209s] Level 1:colcon.colcon_core.package_identification:_identify(log) by extensions ['ignore', 'ignore_ament_install']
[0.209s] Level 1:colcon.colcon_core.package_identification:_identify(log) by extension 'ignore'
[0.209s] Level 1:colcon.colcon_core.package_identification:_identify(log) ignored
[0.209s] Level 1:colcon.colcon_core.package_identification:_identify(src) by extensions ['ignore', 'ignore_ament_install']
[0.210s] Level 1:colcon.colcon_core.package_identification:_identify(src) by extension 'ignore'
[0.210s] Level 1:colcon.colcon_core.package_identification:_identify(src) by extension 'ignore_ament_install'
[0.210s] Level 1:colcon.colcon_core.package_identification:_identify(src) by extensions ['colcon_pkg']
[0.210s] Level 1:colcon.colcon_core.package_identification:_identify(src) by extension 'colcon_pkg'
[0.210s] Level 1:colcon.colcon_core.package_identification:_identify(src) by extensions ['colcon_meta']
[0.210s] Level 1:colcon.colcon_core.package_identification:_identify(src) by extension 'colcon_meta'
[0.210s] Level 1:colcon.colcon_core.package_identification:_identify(src) by extensions ['ros']
[0.210s] Level 1:colcon.colcon_core.package_identification:_identify(src) by extension 'ros'
[0.210s] Level 1:colcon.colcon_core.package_identification:_identify(src) by extensions ['cmake', 'python']
[0.210s] Level 1:colcon.colcon_core.package_identification:_identify(src) by extension 'cmake'
[0.210s] Level 1:colcon.colcon_core.package_identification:_identify(src) by extension 'python'
[0.210s] Level 1:colcon.colcon_core.package_identification:_identify(src) by extensions ['python_setup_py']
[0.210s] Level 1:colcon.colcon_core.package_identification:_identify(src) by extension 'python_setup_py'
[0.210s] Level 1:colcon.colcon_core.package_identification:_identify(src/zeta2_edu_autonomous) by extensions ['ignore', 'ignore_ament_install']
[0.210s] Level 1:colcon.colcon_core.package_identification:_identify(src/zeta2_edu_autonomous) by extension 'ignore'
[0.210s] Level 1:colcon.colcon_core.package_identification:_identify(src/zeta2_edu_autonomous) by extension 'ignore_ament_install'
[0.210s] Level 1:colcon.colcon_core.package_identification:_identify(src/zeta2_edu_autonomous) by extensions ['colcon_pkg']
[0.210s] Level 1:colcon.colcon_core.package_identification:_identify(src/zeta2_edu_autonomous) by extension 'colcon_pkg'
[0.210s] Level 1:colcon.colcon_core.package_identification:_identify(src/zeta2_edu_autonomous) by extensions ['colcon_meta']
[0.210s] Level 1:colcon.colcon_core.package_identification:_identify(src/zeta2_edu_autonomous) by extension 'colcon_meta'
[0.210s] Level 1:colcon.colcon_core.package_identification:_identify(src/zeta2_edu_autonomous) by extensions ['ros']
[0.210s] Level 1:colcon.colcon_core.package_identification:_identify(src/zeta2_edu_autonomous) by extension 'ros'
[0.210s] Level 1:colcon.colcon_core.package_identification:_identify(src/zeta2_edu_autonomous) by extensions ['cmake', 'python']
[0.210s] Level 1:colcon.colcon_core.package_identification:_identify(src/zeta2_edu_autonomous) by extension 'cmake'
[0.210s] Level 1:colcon.colcon_core.package_identification:_identify(src/zeta2_edu_autonomous) by extension 'python'
[0.210s] Level 1:colcon.colcon_core.package_identification:_identify(src/zeta2_edu_autonomous) by extensions ['python_setup_py']
[0.210s] Level 1:colcon.colcon_core.package_identification:_identify(src/zeta2_edu_autonomous) by extension 'python_setup_py'
[0.210s] Level 1:colcon.colcon_core.package_identification:_identify(src/zeta2_edu_autonomous/_photo) by extensions ['ignore', 'ignore_ament_install']
[0.210s] Level 1:colcon.colcon_core.package_identification:_identify(src/zeta2_edu_autonomous/_photo) by extension 'ignore'
[0.210s] Level 1:colcon.colcon_core.package_identification:_identify(src/zeta2_edu_autonomous/_photo) by extension 'ignore_ament_install'
[0.210s] Level 1:colcon.colcon_core.package_identification:_identify(src/zeta2_edu_autonomous/_photo) by extensions ['colcon_pkg']
[0.211s] Level 1:colcon.colcon_core.package_identification:_identify(src/zeta2_edu_autonomous/_photo) by extension 'colcon_pkg'
[0.211s] Level 1:colcon.colcon_core.package_identification:_identify(src/zeta2_edu_autonomous/_photo) by extensions ['colcon_meta']
[0.211s] Level 1:colcon.colcon_core.package_identification:_identify(src/zeta2_edu_autonomous/_photo) by extension 'colcon_meta'
[0.211s] Level 1:colcon.colcon_core.package_identification:_identify(src/zeta2_edu_autonomous/_photo) by extensions ['ros']
[0.211s] Level 1:colcon.colcon_core.package_identification:_identify(src/zeta2_edu_autonomous/_photo) by extension 'ros'
[0.211s] Level 1:colcon.colcon_core.package_identification:_identify(src/zeta2_edu_autonomous/_photo) by extensions ['cmake', 'python']
[0.211s] Level 1:colcon.colcon_core.package_identification:_identify(src/zeta2_edu_autonomous/_photo) by extension 'cmake'
[0.211s] Level 1:colcon.colcon_core.package_identification:_identify(src/zeta2_edu_autonomous/_photo) by extension 'python'
[0.211s] Level 1:colcon.colcon_core.package_identification:_identify(src/zeta2_edu_autonomous/_photo) by extensions ['python_setup_py']
[0.211s] Level 1:colcon.colcon_core.package_identification:_identify(src/zeta2_edu_autonomous/_photo) by extension 'python_setup_py'
[0.211s] Level 1:colcon.colcon_core.package_identification:_identify(src/zeta2_edu_autonomous/scripts) by extensions ['ignore', 'ignore_ament_install']
[0.211s] Level 1:colcon.colcon_core.package_identification:_identify(src/zeta2_edu_autonomous/scripts) by extension 'ignore'
[0.211s] Level 1:colcon.colcon_core.package_identification:_identify(src/zeta2_edu_autonomous/scripts) by extension 'ignore_ament_install'
[0.211s] Level 1:colcon.colcon_core.package_identification:_identify(src/zeta2_edu_autonomous/scripts) by extensions ['colcon_pkg']
[0.211s] Level 1:colcon.colcon_core.package_identification:_identify(src/zeta2_edu_autonomous/scripts) by extension 'colcon_pkg'
[0.211s] Level 1:colcon.colcon_core.package_identification:_identify(src/zeta2_edu_autonomous/scripts) by extensions ['colcon_meta']
[0.211s] Level 1:colcon.colcon_core.package_identification:_identify(src/zeta2_edu_autonomous/scripts) by extension 'colcon_meta'
[0.211s] Level 1:colcon.colcon_core.package_identification:_identify(src/zeta2_edu_autonomous/scripts) by extensions ['ros']
[0.211s] Level 1:colcon.colcon_core.package_identification:_identify(src/zeta2_edu_autonomous/scripts) by extension 'ros'
[0.211s] Level 1:colcon.colcon_core.package_identification:_identify(src/zeta2_edu_autonomous/scripts) by extensions ['cmake', 'python']
[0.211s] Level 1:colcon.colcon_core.package_identification:_identify(src/zeta2_edu_autonomous/scripts) by extension 'cmake'
[0.211s] Level 1:colcon.colcon_core.package_identification:_identify(src/zeta2_edu_autonomous/scripts) by extension 'python'
[0.211s] Level 1:colcon.colcon_core.package_identification:_identify(src/zeta2_edu_autonomous/scripts) by extensions ['python_setup_py']
[0.211s] Level 1:colcon.colcon_core.package_identification:_identify(src/zeta2_edu_autonomous/scripts) by extension 'python_setup_py'
[0.211s] Level 1:colcon.colcon_core.package_identification:_identify(src/zeta2_edu_autonomous/zeta2_cartographer) by extensions ['ignore', 'ignore_ament_install']
[0.211s] Level 1:colcon.colcon_core.package_identification:_identify(src/zeta2_edu_autonomous/zeta2_cartographer) by extension 'ignore'
[0.211s] Level 1:colcon.colcon_core.package_identification:_identify(src/zeta2_edu_autonomous/zeta2_cartographer) by extension 'ignore_ament_install'
[0.211s] Level 1:colcon.colcon_core.package_identification:_identify(src/zeta2_edu_autonomous/zeta2_cartographer) by extensions ['colcon_pkg']
[0.211s] Level 1:colcon.colcon_core.package_identification:_identify(src/zeta2_edu_autonomous/zeta2_cartographer) by extension 'colcon_pkg'
[0.211s] Level 1:colcon.colcon_core.package_identification:_identify(src/zeta2_edu_autonomous/zeta2_cartographer) by extensions ['colcon_meta']
[0.211s] Level 1:colcon.colcon_core.package_identification:_identify(src/zeta2_edu_autonomous/zeta2_cartographer) by extension 'colcon_meta'
[0.211s] Level 1:colcon.colcon_core.package_identification:_identify(src/zeta2_edu_autonomous/zeta2_cartographer) by extensions ['ros']
[0.211s] Level 1:colcon.colcon_core.package_identification:_identify(src/zeta2_edu_autonomous/zeta2_cartographer) by extension 'ros'
[0.213s] DEBUG:colcon.colcon_core.package_identification:Package 'src/zeta2_edu_autonomous/zeta2_cartographer' with type 'ros.ament_cmake' and name 'zeta2_cartographer'
[0.213s] Level 1:colcon.colcon_core.package_identification:_identify(src/zeta2_edu_autonomous/zeta2_navigation) by extensions ['ignore', 'ignore_ament_install']
[0.213s] Level 1:colcon.colcon_core.package_identification:_identify(src/zeta2_edu_autonomous/zeta2_navigation) by extension 'ignore'
[0.213s] Level 1:colcon.colcon_core.package_identification:_identify(src/zeta2_edu_autonomous/zeta2_navigation) by extension 'ignore_ament_install'
[0.213s] Level 1:colcon.colcon_core.package_identification:_identify(src/zeta2_edu_autonomous/zeta2_navigation) by extensions ['colcon_pkg']
[0.213s] Level 1:colcon.colcon_core.package_identification:_identify(src/zeta2_edu_autonomous/zeta2_navigation) by extension 'colcon_pkg'
[0.213s] Level 1:colcon.colcon_core.package_identification:_identify(src/zeta2_edu_autonomous/zeta2_navigation) by extensions ['colcon_meta']
[0.213s] Level 1:colcon.colcon_core.package_identification:_identify(src/zeta2_edu_autonomous/zeta2_navigation) by extension 'colcon_meta'
[0.213s] Level 1:colcon.colcon_core.package_identification:_identify(src/zeta2_edu_autonomous/zeta2_navigation) by extensions ['ros']
[0.214s] Level 1:colcon.colcon_core.package_identification:_identify(src/zeta2_edu_autonomous/zeta2_navigation) by extension 'ros'
[0.214s] DEBUG:colcon.colcon_core.package_identification:Package 'src/zeta2_edu_autonomous/zeta2_navigation' with type 'ros.ament_cmake' and name 'zeta2_navigation'
[0.214s] Level 1:colcon.colcon_core.package_identification:_identify(src/zeta2_edu_autonomous/zeta2_simple_commander) by extensions ['ignore', 'ignore_ament_install']
[0.214s] Level 1:colcon.colcon_core.package_identification:_identify(src/zeta2_edu_autonomous/zeta2_simple_commander) by extension 'ignore'
[0.214s] Level 1:colcon.colcon_core.package_identification:_identify(src/zeta2_edu_autonomous/zeta2_simple_commander) by extension 'ignore_ament_install'
[0.214s] Level 1:colcon.colcon_core.package_identification:_identify(src/zeta2_edu_autonomous/zeta2_simple_commander) by extensions ['colcon_pkg']
[0.214s] Level 1:colcon.colcon_core.package_identification:_identify(src/zeta2_edu_autonomous/zeta2_simple_commander) by extension 'colcon_pkg'
[0.214s] Level 1:colcon.colcon_core.package_identification:_identify(src/zeta2_edu_autonomous/zeta2_simple_commander) by extensions ['colcon_meta']
[0.214s] Level 1:colcon.colcon_core.package_identification:_identify(src/zeta2_edu_autonomous/zeta2_simple_commander) by extension 'colcon_meta'
[0.214s] Level 1:colcon.colcon_core.package_identification:_identify(src/zeta2_edu_autonomous/zeta2_simple_commander) by extensions ['ros']
[0.214s] Level 1:colcon.colcon_core.package_identification:_identify(src/zeta2_edu_autonomous/zeta2_simple_commander) by extension 'ros'
[0.215s] DEBUG:colcon.colcon_core.package_identification:Package 'src/zeta2_edu_autonomous/zeta2_simple_commander' with type 'ros.ament_python' and name 'zeta2_simple_commander'
[0.215s] Level 1:colcon.colcon_core.package_identification:_identify(src/zeta2_edu_autonomous/zeta2_slam_toolbox) by extensions ['ignore', 'ignore_ament_install']
[0.215s] Level 1:colcon.colcon_core.package_identification:_identify(src/zeta2_edu_autonomous/zeta2_slam_toolbox) by extension 'ignore'
[0.215s] Level 1:colcon.colcon_core.package_identification:_identify(src/zeta2_edu_autonomous/zeta2_slam_toolbox) by extension 'ignore_ament_install'
[0.215s] Level 1:colcon.colcon_core.package_identification:_identify(src/zeta2_edu_autonomous/zeta2_slam_toolbox) by extensions ['colcon_pkg']
[0.215s] Level 1:colcon.colcon_core.package_identification:_identify(src/zeta2_edu_autonomous/zeta2_slam_toolbox) by extension 'colcon_pkg'
[0.215s] Level 1:colcon.colcon_core.package_identification:_identify(src/zeta2_edu_autonomous/zeta2_slam_toolbox) by extensions ['colcon_meta']
[0.215s] Level 1:colcon.colcon_core.package_identification:_identify(src/zeta2_edu_autonomous/zeta2_slam_toolbox) by extension 'colcon_meta'
[0.215s] Level 1:colcon.colcon_core.package_identification:_identify(src/zeta2_edu_autonomous/zeta2_slam_toolbox) by extensions ['ros']
[0.215s] Level 1:colcon.colcon_core.package_identification:_identify(src/zeta2_edu_autonomous/zeta2_slam_toolbox) by extension 'ros'
[0.216s] DEBUG:colcon.colcon_core.package_identification:Package 'src/zeta2_edu_autonomous/zeta2_slam_toolbox' with type 'ros.ament_cmake' and name 'zeta2_slam_toolbox'
[0.216s] Level 1:colcon.colcon_core.package_discovery:discover_packages(recursive) using defaults
[0.216s] Level 1:colcon.colcon_core.package_discovery:discover_packages(ignore) discover
[0.216s] Level 1:colcon.colcon_core.package_discovery:discover_packages(ignore) using defaults
[0.216s] Level 1:colcon.colcon_core.package_discovery:discover_packages(path) discover
[0.216s] Level 1:colcon.colcon_core.package_discovery:discover_packages(path) using defaults
[0.246s] Level 1:colcon.colcon_core.package_discovery:discover_packages(prefix_path) check parameters
[0.246s] Level 1:colcon.colcon_core.package_discovery:discover_packages(prefix_path) discover
[0.247s] DEBUG:colcon.colcon_installed_package_information.package_discovery:Found 4 installed packages in /home/jinyoung/zeta_ws/install
[0.248s] DEBUG:colcon.colcon_installed_package_information.package_discovery:Found 389 installed packages in /opt/ros/humble
[0.250s] Level 1:colcon.colcon_core.package_discovery:discover_packages(prefix_path) using defaults
[0.284s] Level 5:colcon.colcon_core.verb:set package 'zeta2_cartographer' build argument 'cmake_args' from command line to 'None'
[0.284s] Level 5:colcon.colcon_core.verb:set package 'zeta2_cartographer' build argument 'cmake_target' from command line to 'None'
[0.284s] Level 5:colcon.colcon_core.verb:set package 'zeta2_cartographer' build argument 'cmake_target_skip_unavailable' from command line to 'False'
[0.284s] Level 5:colcon.colcon_core.verb:set package 'zeta2_cartographer' build argument 'cmake_clean_cache' from command line to 'False'
[0.284s] Level 5:colcon.colcon_core.verb:set package 'zeta2_cartographer' build argument 'cmake_clean_first' from command line to 'False'
[0.284s] Level 5:colcon.colcon_core.verb:set package 'zeta2_cartographer' build argument 'cmake_force_configure' from command line to 'False'
[0.284s] Level 5:colcon.colcon_core.verb:set package 'zeta2_cartographer' build argument 'ament_cmake_args' from command line to 'None'
[0.284s] Level 5:colcon.colcon_core.verb:set package 'zeta2_cartographer' build argument 'catkin_cmake_args' from command line to 'None'
[0.284s] Level 5:colcon.colcon_core.verb:set package 'zeta2_cartographer' build argument 'catkin_skip_building_tests' from command line to 'False'
[0.284s] DEBUG:colcon.colcon_core.verb:Building package 'zeta2_cartographer' with the following arguments: {'ament_cmake_args': None, 'build_base': '/home/jinyoung/zeta_ws/build/zeta2_cartographer', 'catkin_cmake_args': None, 'catkin_skip_building_tests': False, 'cmake_args': None, 'cmake_clean_cache': False, 'cmake_clean_first': False, 'cmake_force_configure': False, 'cmake_target': None, 'cmake_target_skip_unavailable': False, 'install_base': '/home/jinyoung/zeta_ws/install/zeta2_cartographer', 'merge_install': False, 'path': '/home/jinyoung/zeta_ws/src/zeta2_edu_autonomous/zeta2_cartographer', 'symlink_install': False, 'test_result_base': None}
[0.284s] Level 5:colcon.colcon_core.verb:set package 'zeta2_navigation' build argument 'cmake_args' from command line to 'None'
[0.284s] Level 5:colcon.colcon_core.verb:set package 'zeta2_navigation' build argument 'cmake_target' from command line to 'None'
[0.284s] Level 5:colcon.colcon_core.verb:set package 'zeta2_navigation' build argument 'cmake_target_skip_unavailable' from command line to 'False'
[0.284s] Level 5:colcon.colcon_core.verb:set package 'zeta2_navigation' build argument 'cmake_clean_cache' from command line to 'False'
[0.284s] Level 5:colcon.colcon_core.verb:set package 'zeta2_navigation' build argument 'cmake_clean_first' from command line to 'False'
[0.284s] Level 5:colcon.colcon_core.verb:set package 'zeta2_navigation' build argument 'cmake_force_configure' from command line to 'False'
[0.284s] Level 5:colcon.colcon_core.verb:set package 'zeta2_navigation' build argument 'ament_cmake_args' from command line to 'None'
[0.284s] Level 5:colcon.colcon_core.verb:set package 'zeta2_navigation' build argument 'catkin_cmake_args' from command line to 'None'
[0.284s] Level 5:colcon.colcon_core.verb:set package 'zeta2_navigation' build argument 'catkin_skip_building_tests' from command line to 'False'
[0.284s] DEBUG:colcon.colcon_core.verb:Building package 'zeta2_navigation' with the following arguments: {'ament_cmake_args': None, 'build_base': '/home/jinyoung/zeta_ws/build/zeta2_navigation', 'catkin_cmake_args': None, 'catkin_skip_building_tests': False, 'cmake_args': None, 'cmake_clean_cache': False, 'cmake_clean_first': False, 'cmake_force_configure': False, 'cmake_target': None, 'cmake_target_skip_unavailable': False, 'install_base': '/home/jinyoung/zeta_ws/install/zeta2_navigation', 'merge_install': False, 'path': '/home/jinyoung/zeta_ws/src/zeta2_edu_autonomous/zeta2_navigation', 'symlink_install': False, 'test_result_base': None}
[0.285s] Level 5:colcon.colcon_core.verb:set package 'zeta2_simple_commander' build argument 'cmake_args' from command line to 'None'
[0.285s] Level 5:colcon.colcon_core.verb:set package 'zeta2_simple_commander' build argument 'cmake_target' from command line to 'None'
[0.285s] Level 5:colcon.colcon_core.verb:set package 'zeta2_simple_commander' build argument 'cmake_target_skip_unavailable' from command line to 'False'
[0.285s] Level 5:colcon.colcon_core.verb:set package 'zeta2_simple_commander' build argument 'cmake_clean_cache' from command line to 'False'
[0.285s] Level 5:colcon.colcon_core.verb:set package 'zeta2_simple_commander' build argument 'cmake_clean_first' from command line to 'False'
[0.285s] Level 5:colcon.colcon_core.verb:set package 'zeta2_simple_commander' build argument 'cmake_force_configure' from command line to 'False'
[0.285s] Level 5:colcon.colcon_core.verb:set package 'zeta2_simple_commander' build argument 'ament_cmake_args' from command line to 'None'
[0.285s] Level 5:colcon.colcon_core.verb:set package 'zeta2_simple_commander' build argument 'catkin_cmake_args' from command line to 'None'
[0.285s] Level 5:colcon.colcon_core.verb:set package 'zeta2_simple_commander' build argument 'catkin_skip_building_tests' from command line to 'False'
[0.285s] DEBUG:colcon.colcon_core.verb:Building package 'zeta2_simple_commander' with the following arguments: {'ament_cmake_args': None, 'build_base': '/home/jinyoung/zeta_ws/build/zeta2_simple_commander', 'catkin_cmake_args': None, 'catkin_skip_building_tests': False, 'cmake_args': None, 'cmake_clean_cache': False, 'cmake_clean_first': False, 'cmake_force_configure': False, 'cmake_target': None, 'cmake_target_skip_unavailable': False, 'install_base': '/home/jinyoung/zeta_ws/install/zeta2_simple_commander', 'merge_install': False, 'path': '/home/jinyoung/zeta_ws/src/zeta2_edu_autonomous/zeta2_simple_commander', 'symlink_install': False, 'test_result_base': None}
[0.285s] Level 5:colcon.colcon_core.verb:set package 'zeta2_slam_toolbox' build argument 'cmake_args' from command line to 'None'
[0.285s] Level 5:colcon.colcon_core.verb:set package 'zeta2_slam_toolbox' build argument 'cmake_target' from command line to 'None'
[0.285s] Level 5:colcon.colcon_core.verb:set package 'zeta2_slam_toolbox' build argument 'cmake_target_skip_unavailable' from command line to 'False'
[0.286s] Level 5:colcon.colcon_core.verb:set package 'zeta2_slam_toolbox' build argument 'cmake_clean_cache' from command line to 'False'
[0.286s] Level 5:colcon.colcon_core.verb:set package 'zeta2_slam_toolbox' build argument 'cmake_clean_first' from command line to 'False'
[0.286s] Level 5:colcon.colcon_core.verb:set package 'zeta2_slam_toolbox' build argument 'cmake_force_configure' from command line to 'False'
[0.286s] Level 5:colcon.colcon_core.verb:set package 'zeta2_slam_toolbox' build argument 'ament_cmake_args' from command line to 'None'
[0.286s] Level 5:colcon.colcon_core.verb:set package 'zeta2_slam_toolbox' build argument 'catkin_cmake_args' from command line to 'None'
[0.286s] Level 5:colcon.colcon_core.verb:set package 'zeta2_slam_toolbox' build argument 'catkin_skip_building_tests' from command line to 'False'
[0.286s] DEBUG:colcon.colcon_core.verb:Building package 'zeta2_slam_toolbox' with the following arguments: {'ament_cmake_args': None, 'build_base': '/home/jinyoung/zeta_ws/build/zeta2_slam_toolbox', 'catkin_cmake_args': None, 'catkin_skip_building_tests': False, 'cmake_args': None, 'cmake_clean_cache': False, 'cmake_clean_first': False, 'cmake_force_configure': False, 'cmake_target': None, 'cmake_target_skip_unavailable': False, 'install_base': '/home/jinyoung/zeta_ws/install/zeta2_slam_toolbox', 'merge_install': False, 'path': '/home/jinyoung/zeta_ws/src/zeta2_edu_autonomous/zeta2_slam_toolbox', 'symlink_install': False, 'test_result_base': None}
[0.286s] INFO:colcon.colcon_core.executor:Executing jobs using 'parallel' executor
[0.287s] DEBUG:colcon.colcon_parallel_executor.executor.parallel:run_until_complete
[0.287s] INFO:colcon.colcon_ros.task.ament_cmake.build:Building ROS package in '/home/jinyoung/zeta_ws/src/zeta2_edu_autonomous/zeta2_cartographer' with build type 'ament_cmake'
[0.287s] INFO:colcon.colcon_cmake.task.cmake.build:Building CMake package in '/home/jinyoung/zeta_ws/src/zeta2_edu_autonomous/zeta2_cartographer'
[0.289s] INFO:colcon.colcon_core.plugin_system:Skipping extension 'colcon_core.shell.bat': Not used on non-Windows systems
[0.289s] INFO:colcon.colcon_core.shell:Skip shell extension 'powershell' for command environment: Not usable outside of PowerShell
[0.289s] DEBUG:colcon.colcon_core.shell:Skip shell extension 'dsv' for command environment
[0.292s] INFO:colcon.colcon_ros.task.ament_cmake.build:Building ROS package in '/home/jinyoung/zeta_ws/src/zeta2_edu_autonomous/zeta2_navigation' with build type 'ament_cmake'
[0.292s] INFO:colcon.colcon_cmake.task.cmake.build:Building CMake package in '/home/jinyoung/zeta_ws/src/zeta2_edu_autonomous/zeta2_navigation'
[0.293s] INFO:colcon.colcon_core.shell:Skip shell extension 'powershell' for command environment: Not usable outside of PowerShell
[0.293s] DEBUG:colcon.colcon_core.shell:Skip shell extension 'dsv' for command environment
[0.295s] INFO:colcon.colcon_ros.task.ament_python.build:Building ROS package in '/home/jinyoung/zeta_ws/src/zeta2_edu_autonomous/zeta2_simple_commander' with build type 'ament_python'
[0.295s] Level 1:colcon.colcon_core.shell:create_environment_hook('zeta2_simple_commander', 'ament_prefix_path')
[0.295s] INFO:colcon.colcon_core.shell:Creating environment hook '/home/jinyoung/zeta_ws/install/zeta2_simple_commander/share/zeta2_simple_commander/hook/ament_prefix_path.ps1'
[0.296s] INFO:colcon.colcon_core.shell:Creating environment descriptor '/home/jinyoung/zeta_ws/install/zeta2_simple_commander/share/zeta2_simple_commander/hook/ament_prefix_path.dsv'
[0.296s] INFO:colcon.colcon_core.shell:Creating environment hook '/home/jinyoung/zeta_ws/install/zeta2_simple_commander/share/zeta2_simple_commander/hook/ament_prefix_path.sh'
[0.296s] INFO:colcon.colcon_core.shell:Skip shell extension 'powershell' for command environment: Not usable outside of PowerShell
[0.296s] DEBUG:colcon.colcon_core.shell:Skip shell extension 'dsv' for command environment
[0.299s] INFO:colcon.colcon_ros.task.ament_cmake.build:Building ROS package in '/home/jinyoung/zeta_ws/src/zeta2_edu_autonomous/zeta2_slam_toolbox' with build type 'ament_cmake'
[0.299s] INFO:colcon.colcon_cmake.task.cmake.build:Building CMake package in '/home/jinyoung/zeta_ws/src/zeta2_edu_autonomous/zeta2_slam_toolbox'
[0.299s] INFO:colcon.colcon_core.shell:Skip shell extension 'powershell' for command environment: Not usable outside of PowerShell
[0.299s] DEBUG:colcon.colcon_core.shell:Skip shell extension 'dsv' for command environment
[0.306s] DEBUG:colcon.colcon_core.event_handler.log_command:Invoking command in '/home/jinyoung/zeta_ws/build/zeta2_cartographer': CMAKE_PREFIX_PATH=${CMAKE_PREFIX_PATH}:/home/jinyoung/zeta_ws/install/zeta2_simple_commander:/opt/ros/humble /usr/bin/cmake --build /home/jinyoung/zeta_ws/build/zeta2_cartographer -- -j16 -l16
[0.308s] DEBUG:colcon.colcon_core.event_handler.log_command:Invoking command in '/home/jinyoung/zeta_ws/build/zeta2_navigation': CMAKE_PREFIX_PATH=${CMAKE_PREFIX_PATH}:/home/jinyoung/zeta_ws/install/zeta2_simple_commander:/opt/ros/humble /usr/bin/cmake --build /home/jinyoung/zeta_ws/build/zeta2_navigation -- -j16 -l16
[0.530s] INFO:colcon.colcon_core.task.python.build:Building Python package in '/home/jinyoung/zeta_ws/src/zeta2_edu_autonomous/zeta2_simple_commander'
[0.531s] INFO:colcon.colcon_core.shell:Skip shell extension 'powershell' for command environment: Not usable outside of PowerShell
[0.531s] DEBUG:colcon.colcon_core.shell:Skip shell extension 'dsv' for command environment
[0.538s] DEBUG:colcon.colcon_core.event_handler.log_command:Invoking command in '/home/jinyoung/zeta_ws/build/zeta2_slam_toolbox': CMAKE_PREFIX_PATH=${CMAKE_PREFIX_PATH}:/home/jinyoung/zeta_ws/install/zeta2_simple_commander:/opt/ros/humble /usr/bin/cmake --build /home/jinyoung/zeta_ws/build/zeta2_slam_toolbox -- -j16 -l16
[0.540s] DEBUG:colcon.colcon_core.event_handler.log_command:Invoked command in '/home/jinyoung/zeta_ws/build/zeta2_navigation' returned '0': CMAKE_PREFIX_PATH=${CMAKE_PREFIX_PATH}:/home/jinyoung/zeta_ws/install/zeta2_simple_commander:/opt/ros/humble /usr/bin/cmake --build /home/jinyoung/zeta_ws/build/zeta2_navigation -- -j16 -l16
[0.540s] DEBUG:colcon.colcon_core.event_handler.log_command:Invoked command in '/home/jinyoung/zeta_ws/build/zeta2_cartographer' returned '0': CMAKE_PREFIX_PATH=${CMAKE_PREFIX_PATH}:/home/jinyoung/zeta_ws/install/zeta2_simple_commander:/opt/ros/humble /usr/bin/cmake --build /home/jinyoung/zeta_ws/build/zeta2_cartographer -- -j16 -l16
[0.564s] DEBUG:colcon.colcon_core.event_handler.log_command:Invoking command in '/home/jinyoung/zeta_ws/build/zeta2_navigation': CMAKE_PREFIX_PATH=${CMAKE_PREFIX_PATH}:/home/jinyoung/zeta_ws/install/zeta2_simple_commander:/opt/ros/humble /usr/bin/cmake --install /home/jinyoung/zeta_ws/build/zeta2_navigation
[0.566s] DEBUG:colcon.colcon_core.event_handler.log_command:Invoking command in '/home/jinyoung/zeta_ws/build/zeta2_cartographer': CMAKE_PREFIX_PATH=${CMAKE_PREFIX_PATH}:/home/jinyoung/zeta_ws/install/zeta2_simple_commander:/opt/ros/humble /usr/bin/cmake --install /home/jinyoung/zeta_ws/build/zeta2_cartographer
[0.576s] Level 1:colcon.colcon_core.environment:create_environment_scripts_only(zeta2_navigation)
[0.580s] DEBUG:colcon.colcon_core.event_handler.log_command:Invoked command in '/home/jinyoung/zeta_ws/build/zeta2_slam_toolbox' returned '0': CMAKE_PREFIX_PATH=${CMAKE_PREFIX_PATH}:/home/jinyoung/zeta_ws/install/zeta2_simple_commander:/opt/ros/humble /usr/bin/cmake --build /home/jinyoung/zeta_ws/build/zeta2_slam_toolbox -- -j16 -l16
[0.580s] DEBUG:colcon.colcon_core.event_handler.log_command:Invoked command in '/home/jinyoung/zeta_ws/build/zeta2_navigation' returned '0': CMAKE_PREFIX_PATH=${CMAKE_PREFIX_PATH}:/home/jinyoung/zeta_ws/install/zeta2_simple_commander:/opt/ros/humble /usr/bin/cmake --install /home/jinyoung/zeta_ws/build/zeta2_navigation
[0.582s] Level 1:colcon.colcon_core.environment:checking '/home/jinyoung/zeta_ws/install/zeta2_navigation' for CMake module files
[0.582s] Level 1:colcon.colcon_core.environment:checking '/home/jinyoung/zeta_ws/install/zeta2_navigation' for CMake config files
[0.582s] Level 1:colcon.colcon_core.shell:create_environment_hook('zeta2_navigation', 'cmake_prefix_path')
[0.583s] INFO:colcon.colcon_core.shell:Creating environment hook '/home/jinyoung/zeta_ws/install/zeta2_navigation/share/zeta2_navigation/hook/cmake_prefix_path.ps1'
[0.583s] INFO:colcon.colcon_core.shell:Creating environment descriptor '/home/jinyoung/zeta_ws/install/zeta2_navigation/share/zeta2_navigation/hook/cmake_prefix_path.dsv'
[0.583s] INFO:colcon.colcon_core.shell:Creating environment hook '/home/jinyoung/zeta_ws/install/zeta2_navigation/share/zeta2_navigation/hook/cmake_prefix_path.sh'
[0.584s] Level 1:colcon.colcon_core.environment:checking '/home/jinyoung/zeta_ws/install/zeta2_navigation/bin'
[0.584s] Level 1:colcon.colcon_core.environment:checking '/home/jinyoung/zeta_ws/install/zeta2_navigation/lib/pkgconfig/zeta2_navigation.pc'
[0.584s] Level 1:colcon.colcon_core.environment:checking '/home/jinyoung/zeta_ws/install/zeta2_navigation/lib/python3.10/site-packages'
[0.584s] Level 1:colcon.colcon_core.environment:checking '/home/jinyoung/zeta_ws/install/zeta2_navigation/bin'
[0.585s] INFO:colcon.colcon_core.shell:Creating package script '/home/jinyoung/zeta_ws/install/zeta2_navigation/share/zeta2_navigation/package.ps1'
[0.585s] INFO:colcon.colcon_core.shell:Creating package descriptor '/home/jinyoung/zeta_ws/install/zeta2_navigation/share/zeta2_navigation/package.dsv'
[0.586s] INFO:colcon.colcon_core.shell:Creating package script '/home/jinyoung/zeta_ws/install/zeta2_navigation/share/zeta2_navigation/package.sh'
[0.586s] INFO:colcon.colcon_core.shell:Creating package script '/home/jinyoung/zeta_ws/install/zeta2_navigation/share/zeta2_navigation/package.bash'
[0.587s] INFO:colcon.colcon_core.shell:Creating package script '/home/jinyoung/zeta_ws/install/zeta2_navigation/share/zeta2_navigation/package.zsh'
[0.587s] Level 1:colcon.colcon_core.environment:create_file_with_runtime_dependencies(/home/jinyoung/zeta_ws/install/zeta2_navigation/share/colcon-core/packages/zeta2_navigation)
[0.589s] Level 1:colcon.colcon_core.environment:create_environment_scripts_only(zeta2_cartographer)
[0.589s] Level 1:colcon.colcon_core.environment:checking '/home/jinyoung/zeta_ws/install/zeta2_cartographer' for CMake module files
[0.590s] DEBUG:colcon.colcon_core.event_handler.log_command:Invoked command in '/home/jinyoung/zeta_ws/build/zeta2_cartographer' returned '0': CMAKE_PREFIX_PATH=${CMAKE_PREFIX_PATH}:/home/jinyoung/zeta_ws/install/zeta2_simple_commander:/opt/ros/humble /usr/bin/cmake --install /home/jinyoung/zeta_ws/build/zeta2_cartographer
[0.590s] Level 1:colcon.colcon_core.environment:checking '/home/jinyoung/zeta_ws/install/zeta2_cartographer' for CMake config files
[0.590s] Level 1:colcon.colcon_core.shell:create_environment_hook('zeta2_cartographer', 'cmake_prefix_path')
[0.591s] INFO:colcon.colcon_core.shell:Creating environment hook '/home/jinyoung/zeta_ws/install/zeta2_cartographer/share/zeta2_cartographer/hook/cmake_prefix_path.ps1'
[0.591s] INFO:colcon.colcon_core.shell:Creating environment descriptor '/home/jinyoung/zeta_ws/install/zeta2_cartographer/share/zeta2_cartographer/hook/cmake_prefix_path.dsv'
[0.592s] INFO:colcon.colcon_core.shell:Creating environment hook '/home/jinyoung/zeta_ws/install/zeta2_cartographer/share/zeta2_cartographer/hook/cmake_prefix_path.sh'
[0.592s] Level 1:colcon.colcon_core.environment:checking '/home/jinyoung/zeta_ws/install/zeta2_cartographer/bin'
[0.592s] Level 1:colcon.colcon_core.environment:checking '/home/jinyoung/zeta_ws/install/zeta2_cartographer/lib/pkgconfig/zeta2_cartographer.pc'
[0.593s] Level 1:colcon.colcon_core.environment:checking '/home/jinyoung/zeta_ws/install/zeta2_cartographer/lib/python3.10/site-packages'
[0.593s] Level 1:colcon.colcon_core.environment:checking '/home/jinyoung/zeta_ws/install/zeta2_cartographer/bin'
[0.593s] INFO:colcon.colcon_core.shell:Creating package script '/home/jinyoung/zeta_ws/install/zeta2_cartographer/share/zeta2_cartographer/package.ps1'
[0.594s] INFO:colcon.colcon_core.shell:Creating package descriptor '/home/jinyoung/zeta_ws/install/zeta2_cartographer/share/zeta2_cartographer/package.dsv'
[0.594s] INFO:colcon.colcon_core.shell:Creating package script '/home/jinyoung/zeta_ws/install/zeta2_cartographer/share/zeta2_cartographer/package.sh'
[0.595s] INFO:colcon.colcon_core.shell:Creating package script '/home/jinyoung/zeta_ws/install/zeta2_cartographer/share/zeta2_cartographer/package.bash'
[0.595s] INFO:colcon.colcon_core.shell:Creating package script '/home/jinyoung/zeta_ws/install/zeta2_cartographer/share/zeta2_cartographer/package.zsh'
[0.595s] Level 1:colcon.colcon_core.environment:create_file_with_runtime_dependencies(/home/jinyoung/zeta_ws/install/zeta2_cartographer/share/colcon-core/packages/zeta2_cartographer)
[0.598s] DEBUG:colcon.colcon_core.event_handler.log_command:Invoking command in '/home/jinyoung/zeta_ws/build/zeta2_slam_toolbox': CMAKE_PREFIX_PATH=${CMAKE_PREFIX_PATH}:/home/jinyoung/zeta_ws/install/zeta2_simple_commander:/opt/ros/humble /usr/bin/cmake --install /home/jinyoung/zeta_ws/build/zeta2_slam_toolbox
[0.606s] Level 1:colcon.colcon_core.environment:create_environment_scripts_only(zeta2_slam_toolbox)
[0.607s] Level 1:colcon.colcon_core.environment:checking '/home/jinyoung/zeta_ws/install/zeta2_slam_toolbox' for CMake module files
[0.607s] DEBUG:colcon.colcon_core.event_handler.log_command:Invoked command in '/home/jinyoung/zeta_ws/build/zeta2_slam_toolbox' returned '0': CMAKE_PREFIX_PATH=${CMAKE_PREFIX_PATH}:/home/jinyoung/zeta_ws/install/zeta2_simple_commander:/opt/ros/humble /usr/bin/cmake --install /home/jinyoung/zeta_ws/build/zeta2_slam_toolbox
[0.608s] Level 1:colcon.colcon_core.environment:checking '/home/jinyoung/zeta_ws/install/zeta2_slam_toolbox' for CMake config files
[0.608s] Level 1:colcon.colcon_core.shell:create_environment_hook('zeta2_slam_toolbox', 'cmake_prefix_path')
[0.608s] INFO:colcon.colcon_core.shell:Creating environment hook '/home/jinyoung/zeta_ws/install/zeta2_slam_toolbox/share/zeta2_slam_toolbox/hook/cmake_prefix_path.ps1'
[0.609s] INFO:colcon.colcon_core.shell:Creating environment descriptor '/home/jinyoung/zeta_ws/install/zeta2_slam_toolbox/share/zeta2_slam_toolbox/hook/cmake_prefix_path.dsv'
[0.609s] INFO:colcon.colcon_core.shell:Creating environment hook '/home/jinyoung/zeta_ws/install/zeta2_slam_toolbox/share/zeta2_slam_toolbox/hook/cmake_prefix_path.sh'
[0.609s] Level 1:colcon.colcon_core.environment:checking '/home/jinyoung/zeta_ws/install/zeta2_slam_toolbox/bin'
[0.609s] Level 1:colcon.colcon_core.environment:checking '/home/jinyoung/zeta_ws/install/zeta2_slam_toolbox/lib/pkgconfig/zeta2_slam_toolbox.pc'
[0.610s] Level 1:colcon.colcon_core.environment:checking '/home/jinyoung/zeta_ws/install/zeta2_slam_toolbox/lib/python3.10/site-packages'
[0.610s] Level 1:colcon.colcon_core.environment:checking '/home/jinyoung/zeta_ws/install/zeta2_slam_toolbox/bin'
[0.610s] INFO:colcon.colcon_core.shell:Creating package script '/home/jinyoung/zeta_ws/install/zeta2_slam_toolbox/share/zeta2_slam_toolbox/package.ps1'
[0.611s] INFO:colcon.colcon_core.shell:Creating package descriptor '/home/jinyoung/zeta_ws/install/zeta2_slam_toolbox/share/zeta2_slam_toolbox/package.dsv'
[0.611s] INFO:colcon.colcon_core.shell:Creating package script '/home/jinyoung/zeta_ws/install/zeta2_slam_toolbox/share/zeta2_slam_toolbox/package.sh'
[0.611s] INFO:colcon.colcon_core.shell:Creating package script '/home/jinyoung/zeta_ws/install/zeta2_slam_toolbox/share/zeta2_slam_toolbox/package.bash'
[0.611s] INFO:colcon.colcon_core.shell:Creating package script '/home/jinyoung/zeta_ws/install/zeta2_slam_toolbox/share/zeta2_slam_toolbox/package.zsh'
[0.612s] Level 1:colcon.colcon_core.environment:create_file_with_runtime_dependencies(/home/jinyoung/zeta_ws/install/zeta2_slam_toolbox/share/colcon-core/packages/zeta2_slam_toolbox)
[0.613s] Level 1:colcon.colcon_core.environment:create_environment_scripts_only(zeta2_navigation)
[0.613s] Level 1:colcon.colcon_core.environment:checking '/home/jinyoung/zeta_ws/install/zeta2_navigation' for CMake module files
[0.614s] Level 1:colcon.colcon_core.environment:checking '/home/jinyoung/zeta_ws/install/zeta2_navigation' for CMake config files
[0.614s] Level 1:colcon.colcon_core.shell:create_environment_hook('zeta2_navigation', 'cmake_prefix_path')
[0.614s] INFO:colcon.colcon_core.shell:Creating environment hook '/home/jinyoung/zeta_ws/install/zeta2_navigation/share/zeta2_navigation/hook/cmake_prefix_path.ps1'
[0.614s] INFO:colcon.colcon_core.shell:Creating environment descriptor '/home/jinyoung/zeta_ws/install/zeta2_navigation/share/zeta2_navigation/hook/cmake_prefix_path.dsv'
[0.615s] INFO:colcon.colcon_core.shell:Creating environment hook '/home/jinyoung/zeta_ws/install/zeta2_navigation/share/zeta2_navigation/hook/cmake_prefix_path.sh'
[0.615s] Level 1:colcon.colcon_core.environment:checking '/home/jinyoung/zeta_ws/install/zeta2_navigation/bin'
[0.615s] Level 1:colcon.colcon_core.environment:checking '/home/jinyoung/zeta_ws/install/zeta2_navigation/lib/pkgconfig/zeta2_navigation.pc'
[0.615s] Level 1:colcon.colcon_core.environment:checking '/home/jinyoung/zeta_ws/install/zeta2_navigation/lib/python3.10/site-packages'
[0.616s] Level 1:colcon.colcon_core.environment:checking '/home/jinyoung/zeta_ws/install/zeta2_navigation/bin'
[0.616s] INFO:colcon.colcon_core.shell:Creating package script '/home/jinyoung/zeta_ws/install/zeta2_navigation/share/zeta2_navigation/package.ps1'
[0.616s] INFO:colcon.colcon_core.shell:Creating package descriptor '/home/jinyoung/zeta_ws/install/zeta2_navigation/share/zeta2_navigation/package.dsv'
[0.617s] INFO:colcon.colcon_core.shell:Creating package script '/home/jinyoung/zeta_ws/install/zeta2_navigation/share/zeta2_navigation/package.sh'
[0.617s] INFO:colcon.colcon_core.shell:Creating package script '/home/jinyoung/zeta_ws/install/zeta2_navigation/share/zeta2_navigation/package.bash'
[0.617s] INFO:colcon.colcon_core.shell:Creating package script '/home/jinyoung/zeta_ws/install/zeta2_navigation/share/zeta2_navigation/package.zsh'
[0.618s] Level 1:colcon.colcon_core.environment:create_file_with_runtime_dependencies(/home/jinyoung/zeta_ws/install/zeta2_navigation/share/colcon-core/packages/zeta2_navigation)
[0.619s] Level 1:colcon.colcon_core.environment:create_environment_scripts_only(zeta2_cartographer)
[0.620s] Level 1:colcon.colcon_core.environment:checking '/home/jinyoung/zeta_ws/install/zeta2_cartographer' for CMake module files
[0.621s] Level 1:colcon.colcon_core.environment:checking '/home/jinyoung/zeta_ws/install/zeta2_cartographer' for CMake config files
[0.621s] Level 1:colcon.colcon_core.shell:create_environment_hook('zeta2_cartographer', 'cmake_prefix_path')
[0.621s] INFO:colcon.colcon_core.shell:Creating environment hook '/home/jinyoung/zeta_ws/install/zeta2_cartographer/share/zeta2_cartographer/hook/cmake_prefix_path.ps1'
[0.622s] INFO:colcon.colcon_core.shell:Creating environment descriptor '/home/jinyoung/zeta_ws/install/zeta2_cartographer/share/zeta2_cartographer/hook/cmake_prefix_path.dsv'
[0.622s] INFO:colcon.colcon_core.shell:Creating environment hook '/home/jinyoung/zeta_ws/install/zeta2_cartographer/share/zeta2_cartographer/hook/cmake_prefix_path.sh'
[0.622s] Level 1:colcon.colcon_core.environment:checking '/home/jinyoung/zeta_ws/install/zeta2_cartographer/bin'
[0.623s] Level 1:colcon.colcon_core.environment:checking '/home/jinyoung/zeta_ws/install/zeta2_cartographer/lib/pkgconfig/zeta2_cartographer.pc'
[0.623s] Level 1:colcon.colcon_core.environment:checking '/home/jinyoung/zeta_ws/install/zeta2_cartographer/lib/python3.10/site-packages'
[0.623s] Level 1:colcon.colcon_core.environment:checking '/home/jinyoung/zeta_ws/install/zeta2_cartographer/bin'
[0.623s] INFO:colcon.colcon_core.shell:Creating package script '/home/jinyoung/zeta_ws/install/zeta2_cartographer/share/zeta2_cartographer/package.ps1'
[0.624s] INFO:colcon.colcon_core.shell:Creating package descriptor '/home/jinyoung/zeta_ws/install/zeta2_cartographer/share/zeta2_cartographer/package.dsv'
[0.624s] INFO:colcon.colcon_core.shell:Creating package script '/home/jinyoung/zeta_ws/install/zeta2_cartographer/share/zeta2_cartographer/package.sh'
[0.624s] INFO:colcon.colcon_core.shell:Creating package script '/home/jinyoung/zeta_ws/install/zeta2_cartographer/share/zeta2_cartographer/package.bash'
[0.625s] INFO:colcon.colcon_core.shell:Creating package script '/home/jinyoung/zeta_ws/install/zeta2_cartographer/share/zeta2_cartographer/package.zsh'
[0.625s] Level 1:colcon.colcon_core.environment:create_file_with_runtime_dependencies(/home/jinyoung/zeta_ws/install/zeta2_cartographer/share/colcon-core/packages/zeta2_cartographer)
[0.631s] Level 1:colcon.colcon_core.environment:create_environment_scripts_only(zeta2_slam_toolbox)
[0.631s] Level 1:colcon.colcon_core.environment:checking '/home/jinyoung/zeta_ws/install/zeta2_slam_toolbox' for CMake module files
[0.632s] Level 1:colcon.colcon_core.environment:checking '/home/jinyoung/zeta_ws/install/zeta2_slam_toolbox' for CMake config files
[0.632s] Level 1:colcon.colcon_core.shell:create_environment_hook('zeta2_slam_toolbox', 'cmake_prefix_path')
[0.633s] INFO:colcon.colcon_core.shell:Creating environment hook '/home/jinyoung/zeta_ws/install/zeta2_slam_toolbox/share/zeta2_slam_toolbox/hook/cmake_prefix_path.ps1'
[0.633s] INFO:colcon.colcon_core.shell:Creating environment descriptor '/home/jinyoung/zeta_ws/install/zeta2_slam_toolbox/share/zeta2_slam_toolbox/hook/cmake_prefix_path.dsv'
[0.634s] INFO:colcon.colcon_core.shell:Creating environment hook '/home/jinyoung/zeta_ws/install/zeta2_slam_toolbox/share/zeta2_slam_toolbox/hook/cmake_prefix_path.sh'
[0.635s] Level 1:colcon.colcon_core.environment:checking '/home/jinyoung/zeta_ws/install/zeta2_slam_toolbox/bin'
[0.635s] Level 1:colcon.colcon_core.environment:checking '/home/jinyoung/zeta_ws/install/zeta2_slam_toolbox/lib/pkgconfig/zeta2_slam_toolbox.pc'
[0.635s] Level 1:colcon.colcon_core.environment:checking '/home/jinyoung/zeta_ws/install/zeta2_slam_toolbox/lib/python3.10/site-packages'
[0.635s] Level 1:colcon.colcon_core.environment:checking '/home/jinyoung/zeta_ws/install/zeta2_slam_toolbox/bin'
[0.636s] INFO:colcon.colcon_core.shell:Creating package script '/home/jinyoung/zeta_ws/install/zeta2_slam_toolbox/share/zeta2_slam_toolbox/package.ps1'
[0.637s] INFO:colcon.colcon_core.shell:Creating package descriptor '/home/jinyoung/zeta_ws/install/zeta2_slam_toolbox/share/zeta2_slam_toolbox/package.dsv'
[0.637s] INFO:colcon.colcon_core.shell:Creating package script '/home/jinyoung/zeta_ws/install/zeta2_slam_toolbox/share/zeta2_slam_toolbox/package.sh'
[0.638s] INFO:colcon.colcon_core.shell:Creating package script '/home/jinyoung/zeta_ws/install/zeta2_slam_toolbox/share/zeta2_slam_toolbox/package.bash'
[0.638s] INFO:colcon.colcon_core.shell:Creating package script '/home/jinyoung/zeta_ws/install/zeta2_slam_toolbox/share/zeta2_slam_toolbox/package.zsh'
[0.638s] Level 1:colcon.colcon_core.environment:create_file_with_runtime_dependencies(/home/jinyoung/zeta_ws/install/zeta2_slam_toolbox/share/colcon-core/packages/zeta2_slam_toolbox)
[0.926s] DEBUG:colcon.colcon_core.event_handler.log_command:Invoking command in '/home/jinyoung/zeta_ws/src/zeta2_edu_autonomous/zeta2_simple_commander': PYTHONPATH=/home/jinyoung/zeta_ws/build/zeta2_simple_commander/prefix_override:/usr/lib/python3/dist-packages/colcon_core/task/python/colcon_distutils_commands:/home/jinyoung/zeta_ws/install/zeta2_simple_commander/lib/python3.10/site-packages:${PYTHONPATH} /usr/bin/python3 -W ignore:setup.py install is deprecated setup.py egg_info --egg-base ../../../build/zeta2_simple_commander build --build-base /home/jinyoung/zeta_ws/build/zeta2_simple_commander/build install --record /home/jinyoung/zeta_ws/build/zeta2_simple_commander/install.log --single-version-externally-managed install_data
[1.225s] Level 1:colcon.colcon_core.environment:checking '/home/jinyoung/zeta_ws/install/zeta2_simple_commander' for CMake module files
[1.226s] DEBUG:colcon.colcon_core.event_handler.log_command:Invoked command in '/home/jinyoung/zeta_ws/src/zeta2_edu_autonomous/zeta2_simple_commander' returned '0': PYTHONPATH=/home/jinyoung/zeta_ws/build/zeta2_simple_commander/prefix_override:/usr/lib/python3/dist-packages/colcon_core/task/python/colcon_distutils_commands:/home/jinyoung/zeta_ws/install/zeta2_simple_commander/lib/python3.10/site-packages:${PYTHONPATH} /usr/bin/python3 -W ignore:setup.py install is deprecated setup.py egg_info --egg-base ../../../build/zeta2_simple_commander build --build-base /home/jinyoung/zeta_ws/build/zeta2_simple_commander/build install --record /home/jinyoung/zeta_ws/build/zeta2_simple_commander/install.log --single-version-externally-managed install_data
[1.226s] Level 1:colcon.colcon_core.environment:checking '/home/jinyoung/zeta_ws/install/zeta2_simple_commander' for CMake config files
[1.227s] Level 1:colcon.colcon_core.environment:checking '/home/jinyoung/zeta_ws/install/zeta2_simple_commander/lib'
[1.227s] Level 1:colcon.colcon_core.environment:checking '/home/jinyoung/zeta_ws/install/zeta2_simple_commander/bin'
[1.227s] Level 1:colcon.colcon_core.environment:checking '/home/jinyoung/zeta_ws/install/zeta2_simple_commander/lib/pkgconfig/zeta2_simple_commander.pc'
[1.227s] Level 1:colcon.colcon_core.environment:checking '/home/jinyoung/zeta_ws/install/zeta2_simple_commander/lib/python3.10/site-packages'
[1.227s] Level 1:colcon.colcon_core.shell:create_environment_hook('zeta2_simple_commander', 'pythonpath')
[1.227s] INFO:colcon.colcon_core.shell:Creating environment hook '/home/jinyoung/zeta_ws/install/zeta2_simple_commander/share/zeta2_simple_commander/hook/pythonpath.ps1'
[1.228s] INFO:colcon.colcon_core.shell:Creating environment descriptor '/home/jinyoung/zeta_ws/install/zeta2_simple_commander/share/zeta2_simple_commander/hook/pythonpath.dsv'
[1.228s] INFO:colcon.colcon_core.shell:Creating environment hook '/home/jinyoung/zeta_ws/install/zeta2_simple_commander/share/zeta2_simple_commander/hook/pythonpath.sh'
[1.229s] Level 1:colcon.colcon_core.environment:checking '/home/jinyoung/zeta_ws/install/zeta2_simple_commander/bin'
[1.229s] Level 1:colcon.colcon_core.environment:create_environment_scripts_only(zeta2_simple_commander)
[1.230s] INFO:colcon.colcon_core.shell:Creating package script '/home/jinyoung/zeta_ws/install/zeta2_simple_commander/share/zeta2_simple_commander/package.ps1'
[1.230s] INFO:colcon.colcon_core.shell:Creating package descriptor '/home/jinyoung/zeta_ws/install/zeta2_simple_commander/share/zeta2_simple_commander/package.dsv'
[1.231s] INFO:colcon.colcon_core.shell:Creating package script '/home/jinyoung/zeta_ws/install/zeta2_simple_commander/share/zeta2_simple_commander/package.sh'
[1.232s] INFO:colcon.colcon_core.shell:Creating package script '/home/jinyoung/zeta_ws/install/zeta2_simple_commander/share/zeta2_simple_commander/package.bash'
[1.232s] INFO:colcon.colcon_core.shell:Creating package script '/home/jinyoung/zeta_ws/install/zeta2_simple_commander/share/zeta2_simple_commander/package.zsh'
[1.232s] Level 1:colcon.colcon_core.environment:create_file_with_runtime_dependencies(/home/jinyoung/zeta_ws/install/zeta2_simple_commander/share/colcon-core/packages/zeta2_simple_commander)
[1.233s] DEBUG:colcon.colcon_parallel_executor.executor.parallel:closing loop
[1.233s] DEBUG:colcon.colcon_parallel_executor.executor.parallel:loop closed
[1.233s] DEBUG:colcon.colcon_parallel_executor.executor.parallel:run_until_complete finished with '0'
[1.233s] DEBUG:colcon.colcon_core.event_reactor:joining thread
[1.238s] INFO:colcon.colcon_core.plugin_system:Skipping extension 'colcon_notification.desktop_notification.terminal_notifier': Not used on non-Darwin systems
[1.238s] INFO:colcon.colcon_core.plugin_system:Skipping extension 'colcon_notification.desktop_notification.win32': Not used on non-Windows systems
[1.238s] INFO:colcon.colcon_notification.desktop_notification:Sending desktop notification using 'notify2'
[1.253s] DEBUG:colcon.colcon_core.event_reactor:joined thread
[1.254s] INFO:colcon.colcon_core.shell:Creating prefix script '/home/jinyoung/zeta_ws/install/local_setup.ps1'
[1.254s] INFO:colcon.colcon_core.shell:Creating prefix util module '/home/jinyoung/zeta_ws/install/_local_setup_util_ps1.py'
[1.256s] INFO:colcon.colcon_core.shell:Creating prefix chain script '/home/jinyoung/zeta_ws/install/setup.ps1'
[1.257s] INFO:colcon.colcon_core.shell:Creating prefix script '/home/jinyoung/zeta_ws/install/local_setup.sh'
[1.257s] INFO:colcon.colcon_core.shell:Creating prefix util module '/home/jinyoung/zeta_ws/install/_local_setup_util_sh.py'
[1.257s] INFO:colcon.colcon_core.shell:Creating prefix chain script '/home/jinyoung/zeta_ws/install/setup.sh'
[1.258s] INFO:colcon.colcon_core.shell:Creating prefix script '/home/jinyoung/zeta_ws/install/local_setup.bash'
[1.259s] INFO:colcon.colcon_core.shell:Creating prefix chain script '/home/jinyoung/zeta_ws/install/setup.bash'
[1.259s] INFO:colcon.colcon_core.shell:Creating prefix script '/home/jinyoung/zeta_ws/install/local_setup.zsh'
[1.260s] INFO:colcon.colcon_core.shell:Creating prefix chain script '/home/jinyoung/zeta_ws/install/setup.zsh'
