-- Install configuration: ""
-- Up-to-date: /home/jinyoung/zeta_ws/install/zeta2_navigation/share/zeta2_navigation/params
-- Up-to-date: /home/jinyoung/zeta_ws/install/zeta2_navigation/share/zeta2_navigation/params/zeta_smac_2d.yaml
-- Up-to-date: /home/jinyoung/zeta_ws/install/zeta2_navigation/share/zeta2_navigation/params/zeta_rotation_shim.yaml
-- Up-to-date: /home/jinyoung/zeta_ws/install/zeta2_navigation/share/zeta2_navigation/params/zeta_mppi.yaml
-- Up-to-date: /home/jinyoung/zeta_ws/install/zeta2_navigation/share/zeta2_navigation/params/zeta_theta.yaml
-- Up-to-date: /home/jinyoung/zeta_ws/install/zeta2_navigation/share/zeta2_navigation/params/zeta_graceful.yaml
-- Up-to-date: /home/jinyoung/zeta_ws/install/zeta2_navigation/share/zeta2_navigation/params/zeta_smoother.yaml
-- Up-to-date: /home/jinyoung/zeta_ws/install/zeta2_navigation/share/zeta2_navigation/params/zeta_regulated_pp.yaml
-- Up-to-date: /home/jinyoung/zeta_ws/install/zeta2_navigation/share/zeta2_navigation/params/zeta_nomal.yaml
-- Up-to-date: /home/jinyoung/zeta_ws/install/zeta2_navigation/share/zeta2_navigation/launch
-- Up-to-date: /home/jinyoung/zeta_ws/install/zeta2_navigation/share/zeta2_navigation/launch/zeta2_navigation_theta.launch.py
-- Up-to-date: /home/jinyoung/zeta_ws/install/zeta2_navigation/share/zeta2_navigation/launch/zeta2_navigation_graceful.launch.py
-- Up-to-date: /home/jinyoung/zeta_ws/install/zeta2_navigation/share/zeta2_navigation/launch/zeta2_navigation_rotation_shim.launch.py
-- Up-to-date: /home/jinyoung/zeta_ws/install/zeta2_navigation/share/zeta2_navigation/launch/zeta2_navigation_smoother.py
-- Up-to-date: /home/jinyoung/zeta_ws/install/zeta2_navigation/share/zeta2_navigation/launch/zeta2_navigation_mppi.launch.py
-- Up-to-date: /home/jinyoung/zeta_ws/install/zeta2_navigation/share/zeta2_navigation/launch/zeta2_navigation_regulated_pp.launch.py
-- Up-to-date: /home/jinyoung/zeta_ws/install/zeta2_navigation/share/zeta2_navigation/launch/zeta2_navigation_smac_2d.launch.py
-- Up-to-date: /home/jinyoung/zeta_ws/install/zeta2_navigation/share/zeta2_navigation/launch/zeta2_navigation.launch.py
-- Up-to-date: /home/jinyoung/zeta_ws/install/zeta2_navigation/share/zeta2_navigation/rviz
-- Up-to-date: /home/jinyoung/zeta_ws/install/zeta2_navigation/share/zeta2_navigation/rviz/nav2.rviz
-- Up-to-date: /home/jinyoung/zeta_ws/install/zeta2_navigation/share/zeta2_navigation/maps
-- Up-to-date: /home/jinyoung/zeta_ws/install/zeta2_navigation/share/zeta2_navigation/maps/cartographer
-- Up-to-date: /home/jinyoung/zeta_ws/install/zeta2_navigation/share/zeta2_navigation/maps/cartographer/carto_seongsu.pgm
-- Up-to-date: /home/jinyoung/zeta_ws/install/zeta2_navigation/share/zeta2_navigation/maps/cartographer/carto_seongsu.yaml
-- Up-to-date: /home/jinyoung/zeta_ws/install/zeta2_navigation/share/zeta2_navigation/maps/slam_toolbox
-- Up-to-date: /home/jinyoung/zeta_ws/install/zeta2_navigation/share/zeta2_navigation/maps/slam_toolbox/slam_toolbox_seongsu.yaml
-- Up-to-date: /home/jinyoung/zeta_ws/install/zeta2_navigation/share/zeta2_navigation/maps/slam_toolbox/slam_toolbox_seongsu.pgm
-- Up-to-date: /home/jinyoung/zeta_ws/install/zeta2_navigation/share/ament_index/resource_index/package_run_dependencies/zeta2_navigation
-- Up-to-date: /home/jinyoung/zeta_ws/install/zeta2_navigation/share/ament_index/resource_index/parent_prefix_path/zeta2_navigation
-- Up-to-date: /home/jinyoung/zeta_ws/install/zeta2_navigation/share/zeta2_navigation/environment/ament_prefix_path.sh
-- Up-to-date: /home/jinyoung/zeta_ws/install/zeta2_navigation/share/zeta2_navigation/environment/ament_prefix_path.dsv
-- Up-to-date: /home/jinyoung/zeta_ws/install/zeta2_navigation/share/zeta2_navigation/environment/path.sh
-- Up-to-date: /home/jinyoung/zeta_ws/install/zeta2_navigation/share/zeta2_navigation/environment/path.dsv
-- Up-to-date: /home/jinyoung/zeta_ws/install/zeta2_navigation/share/zeta2_navigation/local_setup.bash
-- Up-to-date: /home/jinyoung/zeta_ws/install/zeta2_navigation/share/zeta2_navigation/local_setup.sh
-- Up-to-date: /home/jinyoung/zeta_ws/install/zeta2_navigation/share/zeta2_navigation/local_setup.zsh
-- Up-to-date: /home/jinyoung/zeta_ws/install/zeta2_navigation/share/zeta2_navigation/local_setup.dsv
-- Installing: /home/jinyoung/zeta_ws/install/zeta2_navigation/share/zeta2_navigation/package.dsv
-- Up-to-date: /home/jinyoung/zeta_ws/install/zeta2_navigation/share/ament_index/resource_index/packages/zeta2_navigation
-- Up-to-date: /home/jinyoung/zeta_ws/install/zeta2_navigation/share/zeta2_navigation/cmake/zeta2_navigationConfig.cmake
-- Up-to-date: /home/jinyoung/zeta_ws/install/zeta2_navigation/share/zeta2_navigation/cmake/zeta2_navigationConfig-version.cmake
-- Up-to-date: /home/jinyoung/zeta_ws/install/zeta2_navigation/share/zeta2_navigation/package.xml
