[0.074s] DEBUG:colcon:Command line arguments: ['/usr/bin/colcon', 'build']
[0.074s] DEBUG:colcon:Parsed command line arguments: Namespace(log_base=None, log_level=None, verb_name='build', build_base='build', install_base='install', merge_install=False, symlink_install=False, test_result_base=None, continue_on_error=False, executor='parallel', parallel_workers=16, event_handlers=None, ignore_user_meta=False, metas=['./colcon.meta'], base_paths=['.'], packages_ignore=None, packages_ignore_regex=None, paths=None, packages_up_to=None, packages_up_to_regex=None, packages_above=None, packages_above_and_dependencies=None, packages_above_depth=None, packages_select_by_dep=None, packages_skip_by_dep=None, packages_skip_up_to=None, packages_select_build_failed=False, packages_skip_build_finished=False, packages_select_test_failures=False, packages_skip_test_passed=False, packages_select=None, packages_skip=None, packages_select_regex=None, packages_skip_regex=None, packages_start=None, packages_end=None, allow_overriding=[], cmake_args=None, cmake_target=None, cmake_target_skip_unavailable=False, cmake_clean_cache=False, cmake_clean_first=False, cmake_force_configure=False, ament_cmake_args=None, catkin_cmake_args=None, catkin_skip_building_tests=False, mixin_files=None, mixin=None, verb_parser=<colcon_mixin.mixin.mixin_argument.MixinArgumentDecorator object at 0x72e824337520>, verb_extension=<colcon_core.verb.build.BuildVerb object at 0x72e824453b50>, main=<bound method BuildVerb.main of <colcon_core.verb.build.BuildVerb object at 0x72e824453b50>>, mixin_verb=('build',))
[0.191s] Level 1:colcon.colcon_core.package_discovery:discover_packages(colcon_meta) check parameters
[0.191s] Level 1:colcon.colcon_core.package_discovery:discover_packages(recursive) check parameters
[0.191s] Level 1:colcon.colcon_core.package_discovery:discover_packages(ignore) check parameters
[0.191s] Level 1:colcon.colcon_core.package_discovery:discover_packages(path) check parameters
[0.191s] Level 1:colcon.colcon_core.package_discovery:discover_packages(colcon_meta) discover
[0.191s] Level 1:colcon.colcon_core.package_discovery:discover_packages(recursive) discover
[0.191s] INFO:colcon.colcon_core.package_discovery:Crawling recursively for packages in '/home/jinyoung/zeta_ws'
[0.191s] Level 1:colcon.colcon_core.package_identification:_identify(.) by extensions ['ignore', 'ignore_ament_install']
[0.191s] Level 1:colcon.colcon_core.package_identification:_identify(.) by extension 'ignore'
[0.191s] Level 1:colcon.colcon_core.package_identification:_identify(.) by extension 'ignore_ament_install'
[0.191s] Level 1:colcon.colcon_core.package_identification:_identify(.) by extensions ['colcon_pkg']
[0.191s] Level 1:colcon.colcon_core.package_identification:_identify(.) by extension 'colcon_pkg'
[0.191s] Level 1:colcon.colcon_core.package_identification:_identify(.) by extensions ['colcon_meta']
[0.191s] Level 1:colcon.colcon_core.package_identification:_identify(.) by extension 'colcon_meta'
[0.191s] Level 1:colcon.colcon_core.package_identification:_identify(.) by extensions ['ros']
[0.191s] Level 1:colcon.colcon_core.package_identification:_identify(.) by extension 'ros'
[0.203s] Level 1:colcon.colcon_core.package_identification:_identify(.) by extensions ['cmake', 'python']
[0.203s] Level 1:colcon.colcon_core.package_identification:_identify(.) by extension 'cmake'
[0.203s] Level 1:colcon.colcon_core.package_identification:_identify(.) by extension 'python'
[0.203s] Level 1:colcon.colcon_core.package_identification:_identify(.) by extensions ['python_setup_py']
[0.203s] Level 1:colcon.colcon_core.package_identification:_identify(.) by extension 'python_setup_py'
[0.204s] Level 1:colcon.colcon_core.package_identification:_identify(build) by extensions ['ignore', 'ignore_ament_install']
[0.204s] Level 1:colcon.colcon_core.package_identification:_identify(build) by extension 'ignore'
[0.204s] Level 1:colcon.colcon_core.package_identification:_identify(build) ignored
[0.204s] Level 1:colcon.colcon_core.package_identification:_identify(install) by extensions ['ignore', 'ignore_ament_install']
[0.204s] Level 1:colcon.colcon_core.package_identification:_identify(install) by extension 'ignore'
[0.204s] Level 1:colcon.colcon_core.package_identification:_identify(install) ignored
[0.204s] Level 1:colcon.colcon_core.package_identification:_identify(log) by extensions ['ignore', 'ignore_ament_install']
[0.204s] Level 1:colcon.colcon_core.package_identification:_identify(log) by extension 'ignore'
[0.204s] Level 1:colcon.colcon_core.package_identification:_identify(log) ignored
[0.204s] Level 1:colcon.colcon_core.package_identification:_identify(src) by extensions ['ignore', 'ignore_ament_install']
[0.204s] Level 1:colcon.colcon_core.package_identification:_identify(src) by extension 'ignore'
[0.204s] Level 1:colcon.colcon_core.package_identification:_identify(src) by extension 'ignore_ament_install'
[0.204s] Level 1:colcon.colcon_core.package_identification:_identify(src) by extensions ['colcon_pkg']
[0.204s] Level 1:colcon.colcon_core.package_identification:_identify(src) by extension 'colcon_pkg'
[0.204s] Level 1:colcon.colcon_core.package_identification:_identify(src) by extensions ['colcon_meta']
[0.204s] Level 1:colcon.colcon_core.package_identification:_identify(src) by extension 'colcon_meta'
[0.205s] Level 1:colcon.colcon_core.package_identification:_identify(src) by extensions ['ros']
[0.205s] Level 1:colcon.colcon_core.package_identification:_identify(src) by extension 'ros'
[0.205s] Level 1:colcon.colcon_core.package_identification:_identify(src) by extensions ['cmake', 'python']
[0.205s] Level 1:colcon.colcon_core.package_identification:_identify(src) by extension 'cmake'
[0.205s] Level 1:colcon.colcon_core.package_identification:_identify(src) by extension 'python'
[0.205s] Level 1:colcon.colcon_core.package_identification:_identify(src) by extensions ['python_setup_py']
[0.205s] Level 1:colcon.colcon_core.package_identification:_identify(src) by extension 'python_setup_py'
[0.205s] Level 1:colcon.colcon_core.package_identification:_identify(src/zeta2_edu_autonomous) by extensions ['ignore', 'ignore_ament_install']
[0.205s] Level 1:colcon.colcon_core.package_identification:_identify(src/zeta2_edu_autonomous) by extension 'ignore'
[0.205s] Level 1:colcon.colcon_core.package_identification:_identify(src/zeta2_edu_autonomous) by extension 'ignore_ament_install'
[0.205s] Level 1:colcon.colcon_core.package_identification:_identify(src/zeta2_edu_autonomous) by extensions ['colcon_pkg']
[0.205s] Level 1:colcon.colcon_core.package_identification:_identify(src/zeta2_edu_autonomous) by extension 'colcon_pkg'
[0.205s] Level 1:colcon.colcon_core.package_identification:_identify(src/zeta2_edu_autonomous) by extensions ['colcon_meta']
[0.205s] Level 1:colcon.colcon_core.package_identification:_identify(src/zeta2_edu_autonomous) by extension 'colcon_meta'
[0.205s] Level 1:colcon.colcon_core.package_identification:_identify(src/zeta2_edu_autonomous) by extensions ['ros']
[0.205s] Level 1:colcon.colcon_core.package_identification:_identify(src/zeta2_edu_autonomous) by extension 'ros'
[0.205s] Level 1:colcon.colcon_core.package_identification:_identify(src/zeta2_edu_autonomous) by extensions ['cmake', 'python']
[0.205s] Level 1:colcon.colcon_core.package_identification:_identify(src/zeta2_edu_autonomous) by extension 'cmake'
[0.205s] Level 1:colcon.colcon_core.package_identification:_identify(src/zeta2_edu_autonomous) by extension 'python'
[0.205s] Level 1:colcon.colcon_core.package_identification:_identify(src/zeta2_edu_autonomous) by extensions ['python_setup_py']
[0.205s] Level 1:colcon.colcon_core.package_identification:_identify(src/zeta2_edu_autonomous) by extension 'python_setup_py'
[0.205s] Level 1:colcon.colcon_core.package_identification:_identify(src/zeta2_edu_autonomous/_photo) by extensions ['ignore', 'ignore_ament_install']
[0.205s] Level 1:colcon.colcon_core.package_identification:_identify(src/zeta2_edu_autonomous/_photo) by extension 'ignore'
[0.205s] Level 1:colcon.colcon_core.package_identification:_identify(src/zeta2_edu_autonomous/_photo) by extension 'ignore_ament_install'
[0.205s] Level 1:colcon.colcon_core.package_identification:_identify(src/zeta2_edu_autonomous/_photo) by extensions ['colcon_pkg']
[0.205s] Level 1:colcon.colcon_core.package_identification:_identify(src/zeta2_edu_autonomous/_photo) by extension 'colcon_pkg'
[0.205s] Level 1:colcon.colcon_core.package_identification:_identify(src/zeta2_edu_autonomous/_photo) by extensions ['colcon_meta']
[0.205s] Level 1:colcon.colcon_core.package_identification:_identify(src/zeta2_edu_autonomous/_photo) by extension 'colcon_meta'
[0.205s] Level 1:colcon.colcon_core.package_identification:_identify(src/zeta2_edu_autonomous/_photo) by extensions ['ros']
[0.205s] Level 1:colcon.colcon_core.package_identification:_identify(src/zeta2_edu_autonomous/_photo) by extension 'ros'
[0.205s] Level 1:colcon.colcon_core.package_identification:_identify(src/zeta2_edu_autonomous/_photo) by extensions ['cmake', 'python']
[0.206s] Level 1:colcon.colcon_core.package_identification:_identify(src/zeta2_edu_autonomous/_photo) by extension 'cmake'
[0.206s] Level 1:colcon.colcon_core.package_identification:_identify(src/zeta2_edu_autonomous/_photo) by extension 'python'
[0.206s] Level 1:colcon.colcon_core.package_identification:_identify(src/zeta2_edu_autonomous/_photo) by extensions ['python_setup_py']
[0.206s] Level 1:colcon.colcon_core.package_identification:_identify(src/zeta2_edu_autonomous/_photo) by extension 'python_setup_py'
[0.206s] Level 1:colcon.colcon_core.package_identification:_identify(src/zeta2_edu_autonomous/scripts) by extensions ['ignore', 'ignore_ament_install']
[0.206s] Level 1:colcon.colcon_core.package_identification:_identify(src/zeta2_edu_autonomous/scripts) by extension 'ignore'
[0.206s] Level 1:colcon.colcon_core.package_identification:_identify(src/zeta2_edu_autonomous/scripts) by extension 'ignore_ament_install'
[0.206s] Level 1:colcon.colcon_core.package_identification:_identify(src/zeta2_edu_autonomous/scripts) by extensions ['colcon_pkg']
[0.206s] Level 1:colcon.colcon_core.package_identification:_identify(src/zeta2_edu_autonomous/scripts) by extension 'colcon_pkg'
[0.206s] Level 1:colcon.colcon_core.package_identification:_identify(src/zeta2_edu_autonomous/scripts) by extensions ['colcon_meta']
[0.206s] Level 1:colcon.colcon_core.package_identification:_identify(src/zeta2_edu_autonomous/scripts) by extension 'colcon_meta'
[0.206s] Level 1:colcon.colcon_core.package_identification:_identify(src/zeta2_edu_autonomous/scripts) by extensions ['ros']
[0.206s] Level 1:colcon.colcon_core.package_identification:_identify(src/zeta2_edu_autonomous/scripts) by extension 'ros'
[0.206s] Level 1:colcon.colcon_core.package_identification:_identify(src/zeta2_edu_autonomous/scripts) by extensions ['cmake', 'python']
[0.206s] Level 1:colcon.colcon_core.package_identification:_identify(src/zeta2_edu_autonomous/scripts) by extension 'cmake'
[0.206s] Level 1:colcon.colcon_core.package_identification:_identify(src/zeta2_edu_autonomous/scripts) by extension 'python'
[0.206s] Level 1:colcon.colcon_core.package_identification:_identify(src/zeta2_edu_autonomous/scripts) by extensions ['python_setup_py']
[0.206s] Level 1:colcon.colcon_core.package_identification:_identify(src/zeta2_edu_autonomous/scripts) by extension 'python_setup_py'
[0.206s] Level 1:colcon.colcon_core.package_identification:_identify(src/zeta2_edu_autonomous/zeta2_cartographer) by extensions ['ignore', 'ignore_ament_install']
[0.206s] Level 1:colcon.colcon_core.package_identification:_identify(src/zeta2_edu_autonomous/zeta2_cartographer) by extension 'ignore'
[0.206s] Level 1:colcon.colcon_core.package_identification:_identify(src/zeta2_edu_autonomous/zeta2_cartographer) by extension 'ignore_ament_install'
[0.206s] Level 1:colcon.colcon_core.package_identification:_identify(src/zeta2_edu_autonomous/zeta2_cartographer) by extensions ['colcon_pkg']
[0.206s] Level 1:colcon.colcon_core.package_identification:_identify(src/zeta2_edu_autonomous/zeta2_cartographer) by extension 'colcon_pkg'
[0.206s] Level 1:colcon.colcon_core.package_identification:_identify(src/zeta2_edu_autonomous/zeta2_cartographer) by extensions ['colcon_meta']
[0.206s] Level 1:colcon.colcon_core.package_identification:_identify(src/zeta2_edu_autonomous/zeta2_cartographer) by extension 'colcon_meta'
[0.206s] Level 1:colcon.colcon_core.package_identification:_identify(src/zeta2_edu_autonomous/zeta2_cartographer) by extensions ['ros']
[0.206s] Level 1:colcon.colcon_core.package_identification:_identify(src/zeta2_edu_autonomous/zeta2_cartographer) by extension 'ros'
[0.208s] DEBUG:colcon.colcon_core.package_identification:Package 'src/zeta2_edu_autonomous/zeta2_cartographer' with type 'ros.ament_cmake' and name 'zeta2_cartographer'
[0.208s] Level 1:colcon.colcon_core.package_identification:_identify(src/zeta2_edu_autonomous/zeta2_navigation) by extensions ['ignore', 'ignore_ament_install']
[0.209s] Level 1:colcon.colcon_core.package_identification:_identify(src/zeta2_edu_autonomous/zeta2_navigation) by extension 'ignore'
[0.209s] Level 1:colcon.colcon_core.package_identification:_identify(src/zeta2_edu_autonomous/zeta2_navigation) by extension 'ignore_ament_install'
[0.209s] Level 1:colcon.colcon_core.package_identification:_identify(src/zeta2_edu_autonomous/zeta2_navigation) by extensions ['colcon_pkg']
[0.209s] Level 1:colcon.colcon_core.package_identification:_identify(src/zeta2_edu_autonomous/zeta2_navigation) by extension 'colcon_pkg'
[0.209s] Level 1:colcon.colcon_core.package_identification:_identify(src/zeta2_edu_autonomous/zeta2_navigation) by extensions ['colcon_meta']
[0.209s] Level 1:colcon.colcon_core.package_identification:_identify(src/zeta2_edu_autonomous/zeta2_navigation) by extension 'colcon_meta'
[0.209s] Level 1:colcon.colcon_core.package_identification:_identify(src/zeta2_edu_autonomous/zeta2_navigation) by extensions ['ros']
[0.209s] Level 1:colcon.colcon_core.package_identification:_identify(src/zeta2_edu_autonomous/zeta2_navigation) by extension 'ros'
[0.209s] DEBUG:colcon.colcon_core.package_identification:Package 'src/zeta2_edu_autonomous/zeta2_navigation' with type 'ros.ament_cmake' and name 'zeta2_navigation'
[0.209s] Level 1:colcon.colcon_core.package_identification:_identify(src/zeta2_edu_autonomous/zeta2_simple_commander) by extensions ['ignore', 'ignore_ament_install']
[0.209s] Level 1:colcon.colcon_core.package_identification:_identify(src/zeta2_edu_autonomous/zeta2_simple_commander) by extension 'ignore'
[0.209s] Level 1:colcon.colcon_core.package_identification:_identify(src/zeta2_edu_autonomous/zeta2_simple_commander) by extension 'ignore_ament_install'
[0.209s] Level 1:colcon.colcon_core.package_identification:_identify(src/zeta2_edu_autonomous/zeta2_simple_commander) by extensions ['colcon_pkg']
[0.209s] Level 1:colcon.colcon_core.package_identification:_identify(src/zeta2_edu_autonomous/zeta2_simple_commander) by extension 'colcon_pkg'
[0.209s] Level 1:colcon.colcon_core.package_identification:_identify(src/zeta2_edu_autonomous/zeta2_simple_commander) by extensions ['colcon_meta']
[0.209s] Level 1:colcon.colcon_core.package_identification:_identify(src/zeta2_edu_autonomous/zeta2_simple_commander) by extension 'colcon_meta'
[0.210s] Level 1:colcon.colcon_core.package_identification:_identify(src/zeta2_edu_autonomous/zeta2_simple_commander) by extensions ['ros']
[0.210s] Level 1:colcon.colcon_core.package_identification:_identify(src/zeta2_edu_autonomous/zeta2_simple_commander) by extension 'ros'
[0.210s] DEBUG:colcon.colcon_core.package_identification:Package 'src/zeta2_edu_autonomous/zeta2_simple_commander' with type 'ros.ament_python' and name 'zeta2_simple_commander'
[0.210s] Level 1:colcon.colcon_core.package_identification:_identify(src/zeta2_edu_autonomous/zeta2_slam_toolbox) by extensions ['ignore', 'ignore_ament_install']
[0.210s] Level 1:colcon.colcon_core.package_identification:_identify(src/zeta2_edu_autonomous/zeta2_slam_toolbox) by extension 'ignore'
[0.210s] Level 1:colcon.colcon_core.package_identification:_identify(src/zeta2_edu_autonomous/zeta2_slam_toolbox) by extension 'ignore_ament_install'
[0.210s] Level 1:colcon.colcon_core.package_identification:_identify(src/zeta2_edu_autonomous/zeta2_slam_toolbox) by extensions ['colcon_pkg']
[0.210s] Level 1:colcon.colcon_core.package_identification:_identify(src/zeta2_edu_autonomous/zeta2_slam_toolbox) by extension 'colcon_pkg'
[0.210s] Level 1:colcon.colcon_core.package_identification:_identify(src/zeta2_edu_autonomous/zeta2_slam_toolbox) by extensions ['colcon_meta']
[0.210s] Level 1:colcon.colcon_core.package_identification:_identify(src/zeta2_edu_autonomous/zeta2_slam_toolbox) by extension 'colcon_meta'
[0.210s] Level 1:colcon.colcon_core.package_identification:_identify(src/zeta2_edu_autonomous/zeta2_slam_toolbox) by extensions ['ros']
[0.210s] Level 1:colcon.colcon_core.package_identification:_identify(src/zeta2_edu_autonomous/zeta2_slam_toolbox) by extension 'ros'
[0.211s] DEBUG:colcon.colcon_core.package_identification:Package 'src/zeta2_edu_autonomous/zeta2_slam_toolbox' with type 'ros.ament_cmake' and name 'zeta2_slam_toolbox'
[0.211s] Level 1:colcon.colcon_core.package_discovery:discover_packages(recursive) using defaults
[0.211s] Level 1:colcon.colcon_core.package_discovery:discover_packages(ignore) discover
[0.211s] Level 1:colcon.colcon_core.package_discovery:discover_packages(ignore) using defaults
[0.211s] Level 1:colcon.colcon_core.package_discovery:discover_packages(path) discover
[0.211s] Level 1:colcon.colcon_core.package_discovery:discover_packages(path) using defaults
[0.237s] Level 1:colcon.colcon_core.package_discovery:discover_packages(prefix_path) check parameters
[0.237s] Level 1:colcon.colcon_core.package_discovery:discover_packages(prefix_path) discover
[0.238s] DEBUG:colcon.colcon_installed_package_information.package_discovery:Found 3 installed packages in /home/jinyoung/zeta_ws/install
[0.239s] DEBUG:colcon.colcon_installed_package_information.package_discovery:Found 389 installed packages in /opt/ros/humble
[0.241s] Level 1:colcon.colcon_core.package_discovery:discover_packages(prefix_path) using defaults
[0.275s] Level 5:colcon.colcon_core.verb:set package 'zeta2_cartographer' build argument 'cmake_args' from command line to 'None'
[0.275s] Level 5:colcon.colcon_core.verb:set package 'zeta2_cartographer' build argument 'cmake_target' from command line to 'None'
[0.275s] Level 5:colcon.colcon_core.verb:set package 'zeta2_cartographer' build argument 'cmake_target_skip_unavailable' from command line to 'False'
[0.275s] Level 5:colcon.colcon_core.verb:set package 'zeta2_cartographer' build argument 'cmake_clean_cache' from command line to 'False'
[0.275s] Level 5:colcon.colcon_core.verb:set package 'zeta2_cartographer' build argument 'cmake_clean_first' from command line to 'False'
[0.275s] Level 5:colcon.colcon_core.verb:set package 'zeta2_cartographer' build argument 'cmake_force_configure' from command line to 'False'
[0.275s] Level 5:colcon.colcon_core.verb:set package 'zeta2_cartographer' build argument 'ament_cmake_args' from command line to 'None'
[0.275s] Level 5:colcon.colcon_core.verb:set package 'zeta2_cartographer' build argument 'catkin_cmake_args' from command line to 'None'
[0.275s] Level 5:colcon.colcon_core.verb:set package 'zeta2_cartographer' build argument 'catkin_skip_building_tests' from command line to 'False'
[0.275s] DEBUG:colcon.colcon_core.verb:Building package 'zeta2_cartographer' with the following arguments: {'ament_cmake_args': None, 'build_base': '/home/jinyoung/zeta_ws/build/zeta2_cartographer', 'catkin_cmake_args': None, 'catkin_skip_building_tests': False, 'cmake_args': None, 'cmake_clean_cache': False, 'cmake_clean_first': False, 'cmake_force_configure': False, 'cmake_target': None, 'cmake_target_skip_unavailable': False, 'install_base': '/home/jinyoung/zeta_ws/install/zeta2_cartographer', 'merge_install': False, 'path': '/home/jinyoung/zeta_ws/src/zeta2_edu_autonomous/zeta2_cartographer', 'symlink_install': False, 'test_result_base': None}
[0.275s] Level 5:colcon.colcon_core.verb:set package 'zeta2_navigation' build argument 'cmake_args' from command line to 'None'
[0.275s] Level 5:colcon.colcon_core.verb:set package 'zeta2_navigation' build argument 'cmake_target' from command line to 'None'
[0.275s] Level 5:colcon.colcon_core.verb:set package 'zeta2_navigation' build argument 'cmake_target_skip_unavailable' from command line to 'False'
[0.275s] Level 5:colcon.colcon_core.verb:set package 'zeta2_navigation' build argument 'cmake_clean_cache' from command line to 'False'
[0.275s] Level 5:colcon.colcon_core.verb:set package 'zeta2_navigation' build argument 'cmake_clean_first' from command line to 'False'
[0.275s] Level 5:colcon.colcon_core.verb:set package 'zeta2_navigation' build argument 'cmake_force_configure' from command line to 'False'
[0.275s] Level 5:colcon.colcon_core.verb:set package 'zeta2_navigation' build argument 'ament_cmake_args' from command line to 'None'
[0.275s] Level 5:colcon.colcon_core.verb:set package 'zeta2_navigation' build argument 'catkin_cmake_args' from command line to 'None'
[0.275s] Level 5:colcon.colcon_core.verb:set package 'zeta2_navigation' build argument 'catkin_skip_building_tests' from command line to 'False'
[0.275s] DEBUG:colcon.colcon_core.verb:Building package 'zeta2_navigation' with the following arguments: {'ament_cmake_args': None, 'build_base': '/home/jinyoung/zeta_ws/build/zeta2_navigation', 'catkin_cmake_args': None, 'catkin_skip_building_tests': False, 'cmake_args': None, 'cmake_clean_cache': False, 'cmake_clean_first': False, 'cmake_force_configure': False, 'cmake_target': None, 'cmake_target_skip_unavailable': False, 'install_base': '/home/jinyoung/zeta_ws/install/zeta2_navigation', 'merge_install': False, 'path': '/home/jinyoung/zeta_ws/src/zeta2_edu_autonomous/zeta2_navigation', 'symlink_install': False, 'test_result_base': None}
[0.276s] Level 5:colcon.colcon_core.verb:set package 'zeta2_simple_commander' build argument 'cmake_args' from command line to 'None'
[0.276s] Level 5:colcon.colcon_core.verb:set package 'zeta2_simple_commander' build argument 'cmake_target' from command line to 'None'
[0.276s] Level 5:colcon.colcon_core.verb:set package 'zeta2_simple_commander' build argument 'cmake_target_skip_unavailable' from command line to 'False'
[0.276s] Level 5:colcon.colcon_core.verb:set package 'zeta2_simple_commander' build argument 'cmake_clean_cache' from command line to 'False'
[0.276s] Level 5:colcon.colcon_core.verb:set package 'zeta2_simple_commander' build argument 'cmake_clean_first' from command line to 'False'
[0.276s] Level 5:colcon.colcon_core.verb:set package 'zeta2_simple_commander' build argument 'cmake_force_configure' from command line to 'False'
[0.276s] Level 5:colcon.colcon_core.verb:set package 'zeta2_simple_commander' build argument 'ament_cmake_args' from command line to 'None'
[0.276s] Level 5:colcon.colcon_core.verb:set package 'zeta2_simple_commander' build argument 'catkin_cmake_args' from command line to 'None'
[0.276s] Level 5:colcon.colcon_core.verb:set package 'zeta2_simple_commander' build argument 'catkin_skip_building_tests' from command line to 'False'
[0.276s] DEBUG:colcon.colcon_core.verb:Building package 'zeta2_simple_commander' with the following arguments: {'ament_cmake_args': None, 'build_base': '/home/jinyoung/zeta_ws/build/zeta2_simple_commander', 'catkin_cmake_args': None, 'catkin_skip_building_tests': False, 'cmake_args': None, 'cmake_clean_cache': False, 'cmake_clean_first': False, 'cmake_force_configure': False, 'cmake_target': None, 'cmake_target_skip_unavailable': False, 'install_base': '/home/jinyoung/zeta_ws/install/zeta2_simple_commander', 'merge_install': False, 'path': '/home/jinyoung/zeta_ws/src/zeta2_edu_autonomous/zeta2_simple_commander', 'symlink_install': False, 'test_result_base': None}
[0.276s] Level 5:colcon.colcon_core.verb:set package 'zeta2_slam_toolbox' build argument 'cmake_args' from command line to 'None'
[0.276s] Level 5:colcon.colcon_core.verb:set package 'zeta2_slam_toolbox' build argument 'cmake_target' from command line to 'None'
[0.276s] Level 5:colcon.colcon_core.verb:set package 'zeta2_slam_toolbox' build argument 'cmake_target_skip_unavailable' from command line to 'False'
[0.276s] Level 5:colcon.colcon_core.verb:set package 'zeta2_slam_toolbox' build argument 'cmake_clean_cache' from command line to 'False'
[0.276s] Level 5:colcon.colcon_core.verb:set package 'zeta2_slam_toolbox' build argument 'cmake_clean_first' from command line to 'False'
[0.276s] Level 5:colcon.colcon_core.verb:set package 'zeta2_slam_toolbox' build argument 'cmake_force_configure' from command line to 'False'
[0.276s] Level 5:colcon.colcon_core.verb:set package 'zeta2_slam_toolbox' build argument 'ament_cmake_args' from command line to 'None'
[0.276s] Level 5:colcon.colcon_core.verb:set package 'zeta2_slam_toolbox' build argument 'catkin_cmake_args' from command line to 'None'
[0.276s] Level 5:colcon.colcon_core.verb:set package 'zeta2_slam_toolbox' build argument 'catkin_skip_building_tests' from command line to 'False'
[0.276s] DEBUG:colcon.colcon_core.verb:Building package 'zeta2_slam_toolbox' with the following arguments: {'ament_cmake_args': None, 'build_base': '/home/jinyoung/zeta_ws/build/zeta2_slam_toolbox', 'catkin_cmake_args': None, 'catkin_skip_building_tests': False, 'cmake_args': None, 'cmake_clean_cache': False, 'cmake_clean_first': False, 'cmake_force_configure': False, 'cmake_target': None, 'cmake_target_skip_unavailable': False, 'install_base': '/home/jinyoung/zeta_ws/install/zeta2_slam_toolbox', 'merge_install': False, 'path': '/home/jinyoung/zeta_ws/src/zeta2_edu_autonomous/zeta2_slam_toolbox', 'symlink_install': False, 'test_result_base': None}
[0.276s] INFO:colcon.colcon_core.executor:Executing jobs using 'parallel' executor
[0.277s] DEBUG:colcon.colcon_parallel_executor.executor.parallel:run_until_complete
[0.278s] INFO:colcon.colcon_ros.task.ament_cmake.build:Building ROS package in '/home/jinyoung/zeta_ws/src/zeta2_edu_autonomous/zeta2_cartographer' with build type 'ament_cmake'
[0.278s] INFO:colcon.colcon_cmake.task.cmake.build:Building CMake package in '/home/jinyoung/zeta_ws/src/zeta2_edu_autonomous/zeta2_cartographer'
[0.279s] INFO:colcon.colcon_core.plugin_system:Skipping extension 'colcon_core.shell.bat': Not used on non-Windows systems
[0.279s] INFO:colcon.colcon_core.shell:Skip shell extension 'powershell' for command environment: Not usable outside of PowerShell
[0.279s] DEBUG:colcon.colcon_core.shell:Skip shell extension 'dsv' for command environment
[0.282s] INFO:colcon.colcon_ros.task.ament_cmake.build:Building ROS package in '/home/jinyoung/zeta_ws/src/zeta2_edu_autonomous/zeta2_navigation' with build type 'ament_cmake'
[0.282s] INFO:colcon.colcon_cmake.task.cmake.build:Building CMake package in '/home/jinyoung/zeta_ws/src/zeta2_edu_autonomous/zeta2_navigation'
[0.283s] INFO:colcon.colcon_core.shell:Skip shell extension 'powershell' for command environment: Not usable outside of PowerShell
[0.283s] DEBUG:colcon.colcon_core.shell:Skip shell extension 'dsv' for command environment
[0.285s] INFO:colcon.colcon_ros.task.ament_python.build:Building ROS package in '/home/jinyoung/zeta_ws/src/zeta2_edu_autonomous/zeta2_simple_commander' with build type 'ament_python'
[0.285s] Level 1:colcon.colcon_core.shell:create_environment_hook('zeta2_simple_commander', 'ament_prefix_path')
[0.285s] INFO:colcon.colcon_core.shell:Creating environment hook '/home/jinyoung/zeta_ws/install/zeta2_simple_commander/share/zeta2_simple_commander/hook/ament_prefix_path.ps1'
[0.286s] INFO:colcon.colcon_core.shell:Creating environment descriptor '/home/jinyoung/zeta_ws/install/zeta2_simple_commander/share/zeta2_simple_commander/hook/ament_prefix_path.dsv'
[0.286s] INFO:colcon.colcon_core.shell:Creating environment hook '/home/jinyoung/zeta_ws/install/zeta2_simple_commander/share/zeta2_simple_commander/hook/ament_prefix_path.sh'
[0.287s] INFO:colcon.colcon_core.shell:Skip shell extension 'powershell' for command environment: Not usable outside of PowerShell
[0.287s] DEBUG:colcon.colcon_core.shell:Skip shell extension 'dsv' for command environment
[0.289s] INFO:colcon.colcon_ros.task.ament_cmake.build:Building ROS package in '/home/jinyoung/zeta_ws/src/zeta2_edu_autonomous/zeta2_slam_toolbox' with build type 'ament_cmake'
[0.289s] INFO:colcon.colcon_cmake.task.cmake.build:Building CMake package in '/home/jinyoung/zeta_ws/src/zeta2_edu_autonomous/zeta2_slam_toolbox'
[0.289s] INFO:colcon.colcon_core.shell:Skip shell extension 'powershell' for command environment: Not usable outside of PowerShell
[0.289s] DEBUG:colcon.colcon_core.shell:Skip shell extension 'dsv' for command environment
[0.296s] DEBUG:colcon.colcon_core.event_handler.log_command:Invoking command in '/home/jinyoung/zeta_ws/build/zeta2_cartographer': CMAKE_PREFIX_PATH=${CMAKE_PREFIX_PATH}:/opt/ros/humble /usr/bin/cmake --build /home/jinyoung/zeta_ws/build/zeta2_cartographer -- -j16 -l16
[0.298s] DEBUG:colcon.colcon_core.event_handler.log_command:Invoking command in '/home/jinyoung/zeta_ws/build/zeta2_navigation': CMAKE_PREFIX_PATH=${CMAKE_PREFIX_PATH}:/opt/ros/humble /usr/bin/cmake --build /home/jinyoung/zeta_ws/build/zeta2_navigation -- -j16 -l16
[0.523s] INFO:colcon.colcon_core.task.python.build:Building Python package in '/home/jinyoung/zeta_ws/src/zeta2_edu_autonomous/zeta2_simple_commander'
[0.523s] INFO:colcon.colcon_core.shell:Skip shell extension 'powershell' for command environment: Not usable outside of PowerShell
[0.523s] DEBUG:colcon.colcon_core.shell:Skip shell extension 'dsv' for command environment
[0.531s] DEBUG:colcon.colcon_core.event_handler.log_command:Invoking command in '/home/jinyoung/zeta_ws/build/zeta2_slam_toolbox': CMAKE_PREFIX_PATH=${CMAKE_PREFIX_PATH}:/opt/ros/humble /usr/bin/cmake --build /home/jinyoung/zeta_ws/build/zeta2_slam_toolbox -- -j16 -l16
[0.531s] DEBUG:colcon.colcon_core.event_handler.log_command:Invoked command in '/home/jinyoung/zeta_ws/build/zeta2_cartographer' returned '0': CMAKE_PREFIX_PATH=${CMAKE_PREFIX_PATH}:/opt/ros/humble /usr/bin/cmake --build /home/jinyoung/zeta_ws/build/zeta2_cartographer -- -j16 -l16
[0.532s] DEBUG:colcon.colcon_core.event_handler.log_command:Invoked command in '/home/jinyoung/zeta_ws/build/zeta2_navigation' returned '0': CMAKE_PREFIX_PATH=${CMAKE_PREFIX_PATH}:/opt/ros/humble /usr/bin/cmake --build /home/jinyoung/zeta_ws/build/zeta2_navigation -- -j16 -l16
[0.553s] DEBUG:colcon.colcon_core.event_handler.log_command:Invoking command in '/home/jinyoung/zeta_ws/build/zeta2_cartographer': CMAKE_PREFIX_PATH=${CMAKE_PREFIX_PATH}:/opt/ros/humble /usr/bin/cmake --install /home/jinyoung/zeta_ws/build/zeta2_cartographer
[0.555s] DEBUG:colcon.colcon_core.event_handler.log_command:Invoking command in '/home/jinyoung/zeta_ws/build/zeta2_navigation': CMAKE_PREFIX_PATH=${CMAKE_PREFIX_PATH}:/opt/ros/humble /usr/bin/cmake --install /home/jinyoung/zeta_ws/build/zeta2_navigation
[0.560s] DEBUG:colcon.colcon_core.event_handler.log_command:Invoked command in '/home/jinyoung/zeta_ws/build/zeta2_slam_toolbox' returned '0': CMAKE_PREFIX_PATH=${CMAKE_PREFIX_PATH}:/opt/ros/humble /usr/bin/cmake --build /home/jinyoung/zeta_ws/build/zeta2_slam_toolbox -- -j16 -l16
[0.563s] Level 1:colcon.colcon_core.environment:create_environment_scripts_only(zeta2_cartographer)
[0.567s] DEBUG:colcon.colcon_core.event_handler.log_command:Invoked command in '/home/jinyoung/zeta_ws/build/zeta2_cartographer' returned '0': CMAKE_PREFIX_PATH=${CMAKE_PREFIX_PATH}:/opt/ros/humble /usr/bin/cmake --install /home/jinyoung/zeta_ws/build/zeta2_cartographer
[0.569s] Level 1:colcon.colcon_core.environment:checking '/home/jinyoung/zeta_ws/install/zeta2_cartographer' for CMake module files
[0.570s] Level 1:colcon.colcon_core.environment:checking '/home/jinyoung/zeta_ws/install/zeta2_cartographer' for CMake config files
[0.570s] Level 1:colcon.colcon_core.shell:create_environment_hook('zeta2_cartographer', 'cmake_prefix_path')
[0.570s] INFO:colcon.colcon_core.shell:Creating environment hook '/home/jinyoung/zeta_ws/install/zeta2_cartographer/share/zeta2_cartographer/hook/cmake_prefix_path.ps1'
[0.571s] INFO:colcon.colcon_core.shell:Creating environment descriptor '/home/jinyoung/zeta_ws/install/zeta2_cartographer/share/zeta2_cartographer/hook/cmake_prefix_path.dsv'
[0.571s] INFO:colcon.colcon_core.shell:Creating environment hook '/home/jinyoung/zeta_ws/install/zeta2_cartographer/share/zeta2_cartographer/hook/cmake_prefix_path.sh'
[0.572s] Level 1:colcon.colcon_core.environment:checking '/home/jinyoung/zeta_ws/install/zeta2_cartographer/bin'
[0.572s] Level 1:colcon.colcon_core.environment:checking '/home/jinyoung/zeta_ws/install/zeta2_cartographer/lib/pkgconfig/zeta2_cartographer.pc'
[0.573s] Level 1:colcon.colcon_core.environment:checking '/home/jinyoung/zeta_ws/install/zeta2_cartographer/lib/python3.10/site-packages'
[0.573s] Level 1:colcon.colcon_core.environment:checking '/home/jinyoung/zeta_ws/install/zeta2_cartographer/bin'
[0.573s] INFO:colcon.colcon_core.shell:Creating package script '/home/jinyoung/zeta_ws/install/zeta2_cartographer/share/zeta2_cartographer/package.ps1'
[0.574s] INFO:colcon.colcon_core.shell:Creating package descriptor '/home/jinyoung/zeta_ws/install/zeta2_cartographer/share/zeta2_cartographer/package.dsv'
[0.575s] INFO:colcon.colcon_core.shell:Creating package script '/home/jinyoung/zeta_ws/install/zeta2_cartographer/share/zeta2_cartographer/package.sh'
[0.576s] INFO:colcon.colcon_core.shell:Creating package script '/home/jinyoung/zeta_ws/install/zeta2_cartographer/share/zeta2_cartographer/package.bash'
[0.577s] INFO:colcon.colcon_core.shell:Creating package script '/home/jinyoung/zeta_ws/install/zeta2_cartographer/share/zeta2_cartographer/package.zsh'
[0.577s] Level 1:colcon.colcon_core.environment:create_file_with_runtime_dependencies(/home/jinyoung/zeta_ws/install/zeta2_cartographer/share/colcon-core/packages/zeta2_cartographer)
[0.579s] Level 1:colcon.colcon_core.environment:create_environment_scripts_only(zeta2_navigation)
[0.579s] Level 1:colcon.colcon_core.environment:checking '/home/jinyoung/zeta_ws/install/zeta2_navigation' for CMake module files
[0.580s] DEBUG:colcon.colcon_core.event_handler.log_command:Invoked command in '/home/jinyoung/zeta_ws/build/zeta2_navigation' returned '0': CMAKE_PREFIX_PATH=${CMAKE_PREFIX_PATH}:/opt/ros/humble /usr/bin/cmake --install /home/jinyoung/zeta_ws/build/zeta2_navigation
[0.581s] Level 1:colcon.colcon_core.environment:checking '/home/jinyoung/zeta_ws/install/zeta2_navigation' for CMake config files
[0.581s] Level 1:colcon.colcon_core.shell:create_environment_hook('zeta2_navigation', 'cmake_prefix_path')
[0.582s] INFO:colcon.colcon_core.shell:Creating environment hook '/home/jinyoung/zeta_ws/install/zeta2_navigation/share/zeta2_navigation/hook/cmake_prefix_path.ps1'
[0.582s] INFO:colcon.colcon_core.shell:Creating environment descriptor '/home/jinyoung/zeta_ws/install/zeta2_navigation/share/zeta2_navigation/hook/cmake_prefix_path.dsv'
[0.582s] INFO:colcon.colcon_core.shell:Creating environment hook '/home/jinyoung/zeta_ws/install/zeta2_navigation/share/zeta2_navigation/hook/cmake_prefix_path.sh'
[0.583s] Level 1:colcon.colcon_core.environment:checking '/home/jinyoung/zeta_ws/install/zeta2_navigation/bin'
[0.583s] Level 1:colcon.colcon_core.environment:checking '/home/jinyoung/zeta_ws/install/zeta2_navigation/lib/pkgconfig/zeta2_navigation.pc'
[0.583s] Level 1:colcon.colcon_core.environment:checking '/home/jinyoung/zeta_ws/install/zeta2_navigation/lib/python3.10/site-packages'
[0.584s] Level 1:colcon.colcon_core.environment:checking '/home/jinyoung/zeta_ws/install/zeta2_navigation/bin'
[0.584s] INFO:colcon.colcon_core.shell:Creating package script '/home/jinyoung/zeta_ws/install/zeta2_navigation/share/zeta2_navigation/package.ps1'
[0.585s] INFO:colcon.colcon_core.shell:Creating package descriptor '/home/jinyoung/zeta_ws/install/zeta2_navigation/share/zeta2_navigation/package.dsv'
[0.585s] INFO:colcon.colcon_core.shell:Creating package script '/home/jinyoung/zeta_ws/install/zeta2_navigation/share/zeta2_navigation/package.sh'
[0.586s] INFO:colcon.colcon_core.shell:Creating package script '/home/jinyoung/zeta_ws/install/zeta2_navigation/share/zeta2_navigation/package.bash'
[0.586s] INFO:colcon.colcon_core.shell:Creating package script '/home/jinyoung/zeta_ws/install/zeta2_navigation/share/zeta2_navigation/package.zsh'
[0.586s] Level 1:colcon.colcon_core.environment:create_file_with_runtime_dependencies(/home/jinyoung/zeta_ws/install/zeta2_navigation/share/colcon-core/packages/zeta2_navigation)
[0.589s] DEBUG:colcon.colcon_core.event_handler.log_command:Invoking command in '/home/jinyoung/zeta_ws/build/zeta2_slam_toolbox': CMAKE_PREFIX_PATH=${CMAKE_PREFIX_PATH}:/opt/ros/humble /usr/bin/cmake --install /home/jinyoung/zeta_ws/build/zeta2_slam_toolbox
[0.596s] Level 1:colcon.colcon_core.environment:create_environment_scripts_only(zeta2_cartographer)
[0.597s] Level 1:colcon.colcon_core.environment:checking '/home/jinyoung/zeta_ws/install/zeta2_cartographer' for CMake module files
[0.598s] Level 1:colcon.colcon_core.environment:checking '/home/jinyoung/zeta_ws/install/zeta2_cartographer' for CMake config files
[0.599s] Level 1:colcon.colcon_core.shell:create_environment_hook('zeta2_cartographer', 'cmake_prefix_path')
[0.599s] INFO:colcon.colcon_core.shell:Creating environment hook '/home/jinyoung/zeta_ws/install/zeta2_cartographer/share/zeta2_cartographer/hook/cmake_prefix_path.ps1'
[0.600s] INFO:colcon.colcon_core.shell:Creating environment descriptor '/home/jinyoung/zeta_ws/install/zeta2_cartographer/share/zeta2_cartographer/hook/cmake_prefix_path.dsv'
[0.601s] INFO:colcon.colcon_core.shell:Creating environment hook '/home/jinyoung/zeta_ws/install/zeta2_cartographer/share/zeta2_cartographer/hook/cmake_prefix_path.sh'
[0.601s] Level 1:colcon.colcon_core.environment:checking '/home/jinyoung/zeta_ws/install/zeta2_cartographer/bin'
[0.601s] Level 1:colcon.colcon_core.environment:checking '/home/jinyoung/zeta_ws/install/zeta2_cartographer/lib/pkgconfig/zeta2_cartographer.pc'
[0.601s] Level 1:colcon.colcon_core.environment:checking '/home/jinyoung/zeta_ws/install/zeta2_cartographer/lib/python3.10/site-packages'
[0.601s] Level 1:colcon.colcon_core.environment:checking '/home/jinyoung/zeta_ws/install/zeta2_cartographer/bin'
[0.602s] INFO:colcon.colcon_core.shell:Creating package script '/home/jinyoung/zeta_ws/install/zeta2_cartographer/share/zeta2_cartographer/package.ps1'
[0.602s] INFO:colcon.colcon_core.shell:Creating package descriptor '/home/jinyoung/zeta_ws/install/zeta2_cartographer/share/zeta2_cartographer/package.dsv'
[0.602s] INFO:colcon.colcon_core.shell:Creating package script '/home/jinyoung/zeta_ws/install/zeta2_cartographer/share/zeta2_cartographer/package.sh'
[0.603s] INFO:colcon.colcon_core.shell:Creating package script '/home/jinyoung/zeta_ws/install/zeta2_cartographer/share/zeta2_cartographer/package.bash'
[0.603s] INFO:colcon.colcon_core.shell:Creating package script '/home/jinyoung/zeta_ws/install/zeta2_cartographer/share/zeta2_cartographer/package.zsh'
[0.603s] Level 1:colcon.colcon_core.environment:create_file_with_runtime_dependencies(/home/jinyoung/zeta_ws/install/zeta2_cartographer/share/colcon-core/packages/zeta2_cartographer)
[0.604s] Level 1:colcon.colcon_core.environment:create_environment_scripts_only(zeta2_navigation)
[0.604s] Level 1:colcon.colcon_core.environment:checking '/home/jinyoung/zeta_ws/install/zeta2_navigation' for CMake module files
[0.605s] Level 1:colcon.colcon_core.environment:checking '/home/jinyoung/zeta_ws/install/zeta2_navigation' for CMake config files
[0.605s] Level 1:colcon.colcon_core.shell:create_environment_hook('zeta2_navigation', 'cmake_prefix_path')
[0.606s] INFO:colcon.colcon_core.shell:Creating environment hook '/home/jinyoung/zeta_ws/install/zeta2_navigation/share/zeta2_navigation/hook/cmake_prefix_path.ps1'
[0.606s] INFO:colcon.colcon_core.shell:Creating environment descriptor '/home/jinyoung/zeta_ws/install/zeta2_navigation/share/zeta2_navigation/hook/cmake_prefix_path.dsv'
[0.606s] INFO:colcon.colcon_core.shell:Creating environment hook '/home/jinyoung/zeta_ws/install/zeta2_navigation/share/zeta2_navigation/hook/cmake_prefix_path.sh'
[0.606s] Level 1:colcon.colcon_core.environment:checking '/home/jinyoung/zeta_ws/install/zeta2_navigation/bin'
[0.606s] Level 1:colcon.colcon_core.environment:checking '/home/jinyoung/zeta_ws/install/zeta2_navigation/lib/pkgconfig/zeta2_navigation.pc'
[0.607s] Level 1:colcon.colcon_core.environment:checking '/home/jinyoung/zeta_ws/install/zeta2_navigation/lib/python3.10/site-packages'
[0.607s] Level 1:colcon.colcon_core.environment:checking '/home/jinyoung/zeta_ws/install/zeta2_navigation/bin'
[0.607s] INFO:colcon.colcon_core.shell:Creating package script '/home/jinyoung/zeta_ws/install/zeta2_navigation/share/zeta2_navigation/package.ps1'
[0.608s] INFO:colcon.colcon_core.shell:Creating package descriptor '/home/jinyoung/zeta_ws/install/zeta2_navigation/share/zeta2_navigation/package.dsv'
[0.608s] INFO:colcon.colcon_core.shell:Creating package script '/home/jinyoung/zeta_ws/install/zeta2_navigation/share/zeta2_navigation/package.sh'
[0.608s] INFO:colcon.colcon_core.shell:Creating package script '/home/jinyoung/zeta_ws/install/zeta2_navigation/share/zeta2_navigation/package.bash'
[0.608s] INFO:colcon.colcon_core.shell:Creating package script '/home/jinyoung/zeta_ws/install/zeta2_navigation/share/zeta2_navigation/package.zsh'
[0.609s] Level 1:colcon.colcon_core.environment:create_file_with_runtime_dependencies(/home/jinyoung/zeta_ws/install/zeta2_navigation/share/colcon-core/packages/zeta2_navigation)
[0.609s] Level 1:colcon.colcon_core.environment:create_environment_scripts_only(zeta2_slam_toolbox)
[0.609s] Level 1:colcon.colcon_core.environment:checking '/home/jinyoung/zeta_ws/install/zeta2_slam_toolbox' for CMake module files
[0.610s] DEBUG:colcon.colcon_core.event_handler.log_command:Invoked command in '/home/jinyoung/zeta_ws/build/zeta2_slam_toolbox' returned '0': CMAKE_PREFIX_PATH=${CMAKE_PREFIX_PATH}:/opt/ros/humble /usr/bin/cmake --install /home/jinyoung/zeta_ws/build/zeta2_slam_toolbox
[0.610s] Level 1:colcon.colcon_core.environment:checking '/home/jinyoung/zeta_ws/install/zeta2_slam_toolbox' for CMake config files
[0.610s] Level 1:colcon.colcon_core.shell:create_environment_hook('zeta2_slam_toolbox', 'cmake_prefix_path')
[0.610s] INFO:colcon.colcon_core.shell:Creating environment hook '/home/jinyoung/zeta_ws/install/zeta2_slam_toolbox/share/zeta2_slam_toolbox/hook/cmake_prefix_path.ps1'
[0.611s] INFO:colcon.colcon_core.shell:Creating environment descriptor '/home/jinyoung/zeta_ws/install/zeta2_slam_toolbox/share/zeta2_slam_toolbox/hook/cmake_prefix_path.dsv'
[0.611s] INFO:colcon.colcon_core.shell:Creating environment hook '/home/jinyoung/zeta_ws/install/zeta2_slam_toolbox/share/zeta2_slam_toolbox/hook/cmake_prefix_path.sh'
[0.611s] Level 1:colcon.colcon_core.environment:checking '/home/jinyoung/zeta_ws/install/zeta2_slam_toolbox/bin'
[0.611s] Level 1:colcon.colcon_core.environment:checking '/home/jinyoung/zeta_ws/install/zeta2_slam_toolbox/lib/pkgconfig/zeta2_slam_toolbox.pc'
[0.612s] Level 1:colcon.colcon_core.environment:checking '/home/jinyoung/zeta_ws/install/zeta2_slam_toolbox/lib/python3.10/site-packages'
[0.612s] Level 1:colcon.colcon_core.environment:checking '/home/jinyoung/zeta_ws/install/zeta2_slam_toolbox/bin'
[0.612s] INFO:colcon.colcon_core.shell:Creating package script '/home/jinyoung/zeta_ws/install/zeta2_slam_toolbox/share/zeta2_slam_toolbox/package.ps1'
[0.612s] INFO:colcon.colcon_core.shell:Creating package descriptor '/home/jinyoung/zeta_ws/install/zeta2_slam_toolbox/share/zeta2_slam_toolbox/package.dsv'
[0.613s] INFO:colcon.colcon_core.shell:Creating package script '/home/jinyoung/zeta_ws/install/zeta2_slam_toolbox/share/zeta2_slam_toolbox/package.sh'
[0.613s] INFO:colcon.colcon_core.shell:Creating package script '/home/jinyoung/zeta_ws/install/zeta2_slam_toolbox/share/zeta2_slam_toolbox/package.bash'
[0.613s] INFO:colcon.colcon_core.shell:Creating package script '/home/jinyoung/zeta_ws/install/zeta2_slam_toolbox/share/zeta2_slam_toolbox/package.zsh'
[0.614s] Level 1:colcon.colcon_core.environment:create_file_with_runtime_dependencies(/home/jinyoung/zeta_ws/install/zeta2_slam_toolbox/share/colcon-core/packages/zeta2_slam_toolbox)
[0.634s] Level 1:colcon.colcon_core.environment:create_environment_scripts_only(zeta2_slam_toolbox)
[0.634s] Level 1:colcon.colcon_core.environment:checking '/home/jinyoung/zeta_ws/install/zeta2_slam_toolbox' for CMake module files
[0.634s] Level 1:colcon.colcon_core.environment:checking '/home/jinyoung/zeta_ws/install/zeta2_slam_toolbox' for CMake config files
[0.634s] Level 1:colcon.colcon_core.shell:create_environment_hook('zeta2_slam_toolbox', 'cmake_prefix_path')
[0.635s] INFO:colcon.colcon_core.shell:Creating environment hook '/home/jinyoung/zeta_ws/install/zeta2_slam_toolbox/share/zeta2_slam_toolbox/hook/cmake_prefix_path.ps1'
[0.635s] INFO:colcon.colcon_core.shell:Creating environment descriptor '/home/jinyoung/zeta_ws/install/zeta2_slam_toolbox/share/zeta2_slam_toolbox/hook/cmake_prefix_path.dsv'
[0.635s] INFO:colcon.colcon_core.shell:Creating environment hook '/home/jinyoung/zeta_ws/install/zeta2_slam_toolbox/share/zeta2_slam_toolbox/hook/cmake_prefix_path.sh'
[0.636s] Level 1:colcon.colcon_core.environment:checking '/home/jinyoung/zeta_ws/install/zeta2_slam_toolbox/bin'
[0.636s] Level 1:colcon.colcon_core.environment:checking '/home/jinyoung/zeta_ws/install/zeta2_slam_toolbox/lib/pkgconfig/zeta2_slam_toolbox.pc'
[0.636s] Level 1:colcon.colcon_core.environment:checking '/home/jinyoung/zeta_ws/install/zeta2_slam_toolbox/lib/python3.10/site-packages'
[0.636s] Level 1:colcon.colcon_core.environment:checking '/home/jinyoung/zeta_ws/install/zeta2_slam_toolbox/bin'
[0.637s] INFO:colcon.colcon_core.shell:Creating package script '/home/jinyoung/zeta_ws/install/zeta2_slam_toolbox/share/zeta2_slam_toolbox/package.ps1'
[0.637s] INFO:colcon.colcon_core.shell:Creating package descriptor '/home/jinyoung/zeta_ws/install/zeta2_slam_toolbox/share/zeta2_slam_toolbox/package.dsv'
[0.637s] INFO:colcon.colcon_core.shell:Creating package script '/home/jinyoung/zeta_ws/install/zeta2_slam_toolbox/share/zeta2_slam_toolbox/package.sh'
[0.638s] INFO:colcon.colcon_core.shell:Creating package script '/home/jinyoung/zeta_ws/install/zeta2_slam_toolbox/share/zeta2_slam_toolbox/package.bash'
[0.638s] INFO:colcon.colcon_core.shell:Creating package script '/home/jinyoung/zeta_ws/install/zeta2_slam_toolbox/share/zeta2_slam_toolbox/package.zsh'
[0.638s] Level 1:colcon.colcon_core.environment:create_file_with_runtime_dependencies(/home/jinyoung/zeta_ws/install/zeta2_slam_toolbox/share/colcon-core/packages/zeta2_slam_toolbox)
[0.876s] DEBUG:colcon.colcon_core.event_handler.log_command:Invoking command in '/home/jinyoung/zeta_ws/src/zeta2_edu_autonomous/zeta2_simple_commander': PYTHONPATH=/home/jinyoung/zeta_ws/build/zeta2_simple_commander/prefix_override:/usr/lib/python3/dist-packages/colcon_core/task/python/colcon_distutils_commands:/home/jinyoung/zeta_ws/install/zeta2_simple_commander/lib/python3.10/site-packages:${PYTHONPATH} /usr/bin/python3 -W ignore:setup.py install is deprecated setup.py egg_info --egg-base ../../../build/zeta2_simple_commander build --build-base /home/jinyoung/zeta_ws/build/zeta2_simple_commander/build install --record /home/jinyoung/zeta_ws/build/zeta2_simple_commander/install.log --single-version-externally-managed install_data
[1.138s] Level 1:colcon.colcon_core.environment:checking '/home/jinyoung/zeta_ws/install/zeta2_simple_commander' for CMake module files
[1.139s] DEBUG:colcon.colcon_core.event_handler.log_command:Invoked command in '/home/jinyoung/zeta_ws/src/zeta2_edu_autonomous/zeta2_simple_commander' returned '0': PYTHONPATH=/home/jinyoung/zeta_ws/build/zeta2_simple_commander/prefix_override:/usr/lib/python3/dist-packages/colcon_core/task/python/colcon_distutils_commands:/home/jinyoung/zeta_ws/install/zeta2_simple_commander/lib/python3.10/site-packages:${PYTHONPATH} /usr/bin/python3 -W ignore:setup.py install is deprecated setup.py egg_info --egg-base ../../../build/zeta2_simple_commander build --build-base /home/jinyoung/zeta_ws/build/zeta2_simple_commander/build install --record /home/jinyoung/zeta_ws/build/zeta2_simple_commander/install.log --single-version-externally-managed install_data
[1.139s] Level 1:colcon.colcon_core.environment:checking '/home/jinyoung/zeta_ws/install/zeta2_simple_commander' for CMake config files
[1.139s] Level 1:colcon.colcon_core.environment:checking '/home/jinyoung/zeta_ws/install/zeta2_simple_commander/lib'
[1.139s] Level 1:colcon.colcon_core.environment:checking '/home/jinyoung/zeta_ws/install/zeta2_simple_commander/bin'
[1.140s] Level 1:colcon.colcon_core.environment:checking '/home/jinyoung/zeta_ws/install/zeta2_simple_commander/lib/pkgconfig/zeta2_simple_commander.pc'
[1.140s] Level 1:colcon.colcon_core.environment:checking '/home/jinyoung/zeta_ws/install/zeta2_simple_commander/lib/python3.10/site-packages'
[1.140s] Level 1:colcon.colcon_core.shell:create_environment_hook('zeta2_simple_commander', 'pythonpath')
[1.140s] INFO:colcon.colcon_core.shell:Creating environment hook '/home/jinyoung/zeta_ws/install/zeta2_simple_commander/share/zeta2_simple_commander/hook/pythonpath.ps1'
[1.140s] INFO:colcon.colcon_core.shell:Creating environment descriptor '/home/jinyoung/zeta_ws/install/zeta2_simple_commander/share/zeta2_simple_commander/hook/pythonpath.dsv'
[1.141s] INFO:colcon.colcon_core.shell:Creating environment hook '/home/jinyoung/zeta_ws/install/zeta2_simple_commander/share/zeta2_simple_commander/hook/pythonpath.sh'
[1.141s] Level 1:colcon.colcon_core.environment:checking '/home/jinyoung/zeta_ws/install/zeta2_simple_commander/bin'
[1.141s] Level 1:colcon.colcon_core.environment:create_environment_scripts_only(zeta2_simple_commander)
[1.142s] INFO:colcon.colcon_core.shell:Creating package script '/home/jinyoung/zeta_ws/install/zeta2_simple_commander/share/zeta2_simple_commander/package.ps1'
[1.142s] INFO:colcon.colcon_core.shell:Creating package descriptor '/home/jinyoung/zeta_ws/install/zeta2_simple_commander/share/zeta2_simple_commander/package.dsv'
[1.142s] INFO:colcon.colcon_core.shell:Creating package script '/home/jinyoung/zeta_ws/install/zeta2_simple_commander/share/zeta2_simple_commander/package.sh'
[1.142s] INFO:colcon.colcon_core.shell:Creating package script '/home/jinyoung/zeta_ws/install/zeta2_simple_commander/share/zeta2_simple_commander/package.bash'
[1.143s] INFO:colcon.colcon_core.shell:Creating package script '/home/jinyoung/zeta_ws/install/zeta2_simple_commander/share/zeta2_simple_commander/package.zsh'
[1.143s] Level 1:colcon.colcon_core.environment:create_file_with_runtime_dependencies(/home/jinyoung/zeta_ws/install/zeta2_simple_commander/share/colcon-core/packages/zeta2_simple_commander)
[1.143s] DEBUG:colcon.colcon_parallel_executor.executor.parallel:closing loop
[1.143s] DEBUG:colcon.colcon_parallel_executor.executor.parallel:loop closed
[1.143s] DEBUG:colcon.colcon_parallel_executor.executor.parallel:run_until_complete finished with '0'
[1.143s] DEBUG:colcon.colcon_core.event_reactor:joining thread
[1.148s] INFO:colcon.colcon_core.plugin_system:Skipping extension 'colcon_notification.desktop_notification.terminal_notifier': Not used on non-Darwin systems
[1.148s] INFO:colcon.colcon_core.plugin_system:Skipping extension 'colcon_notification.desktop_notification.win32': Not used on non-Windows systems
[1.148s] INFO:colcon.colcon_notification.desktop_notification:Sending desktop notification using 'notify2'
[1.159s] DEBUG:colcon.colcon_core.event_reactor:joined thread
[1.159s] INFO:colcon.colcon_core.shell:Creating prefix script '/home/jinyoung/zeta_ws/install/local_setup.ps1'
[1.160s] INFO:colcon.colcon_core.shell:Creating prefix util module '/home/jinyoung/zeta_ws/install/_local_setup_util_ps1.py'
[1.161s] INFO:colcon.colcon_core.shell:Creating prefix chain script '/home/jinyoung/zeta_ws/install/setup.ps1'
[1.162s] INFO:colcon.colcon_core.shell:Creating prefix script '/home/jinyoung/zeta_ws/install/local_setup.sh'
[1.162s] INFO:colcon.colcon_core.shell:Creating prefix util module '/home/jinyoung/zeta_ws/install/_local_setup_util_sh.py'
[1.163s] INFO:colcon.colcon_core.shell:Creating prefix chain script '/home/jinyoung/zeta_ws/install/setup.sh'
[1.163s] INFO:colcon.colcon_core.shell:Creating prefix script '/home/jinyoung/zeta_ws/install/local_setup.bash'
[1.164s] INFO:colcon.colcon_core.shell:Creating prefix chain script '/home/jinyoung/zeta_ws/install/setup.bash'
[1.164s] INFO:colcon.colcon_core.shell:Creating prefix script '/home/jinyoung/zeta_ws/install/local_setup.zsh'
[1.165s] INFO:colcon.colcon_core.shell:Creating prefix chain script '/home/jinyoung/zeta_ws/install/setup.zsh'
