[0.018s] Invoking command in '/home/jinyoung/zeta_ws/build/zeta2_cartographer': CMAKE_PREFIX_PATH=${CMAKE_PREFIX_PATH}:/opt/ros/humble /usr/bin/cmake --build /home/jinyoung/zeta_ws/build/zeta2_cartographer -- -j16 -l16
[0.253s] Invoked command in '/home/jinyoung/zeta_ws/build/zeta2_cartographer' returned '0': CMAKE_PREFIX_PATH=${CMAKE_PREFIX_PATH}:/opt/ros/humble /usr/bin/cmake --build /home/jinyoung/zeta_ws/build/zeta2_cartographer -- -j16 -l16
[0.275s] Invoking command in '/home/jinyoung/zeta_ws/build/zeta2_cartographer': CMAKE_PREFIX_PATH=${CMAKE_PREFIX_PATH}:/opt/ros/humble /usr/bin/cmake --install /home/jinyoung/zeta_ws/build/zeta2_cartographer
[0.282s] -- Install configuration: ""
[0.283s] -- Up-to-date: /home/jinyoung/zeta_ws/install/zeta2_cartographer/share/zeta2_cartographer/config
[0.283s] -- Up-to-date: /home/jinyoung/zeta_ws/install/zeta2_cartographer/share/zeta2_cartographer/config/zeta2_ldlidar.lua
[0.283s] -- Up-to-date: /home/jinyoung/zeta_ws/install/zeta2_cartographer/share/zeta2_cartographer/launch
[0.283s] -- Up-to-date: /home/jinyoung/zeta_ws/install/zeta2_cartographer/share/zeta2_cartographer/launch/zeta2_cartographer.launch.py
[0.283s] -- Up-to-date: /home/jinyoung/zeta_ws/install/zeta2_cartographer/share/zeta2_cartographer/rviz
[0.283s] -- Up-to-date: /home/jinyoung/zeta_ws/install/zeta2_cartographer/share/zeta2_cartographer/rviz/zeta2_cartographer.rviz
[0.283s] -- Up-to-date: /home/jinyoung/zeta_ws/install/zeta2_cartographer/share/ament_index/resource_index/package_run_dependencies/zeta2_cartographer
[0.283s] -- Up-to-date: /home/jinyoung/zeta_ws/install/zeta2_cartographer/share/ament_index/resource_index/parent_prefix_path/zeta2_cartographer
[0.283s] -- Up-to-date: /home/jinyoung/zeta_ws/install/zeta2_cartographer/share/zeta2_cartographer/environment/ament_prefix_path.sh
[0.284s] -- Up-to-date: /home/jinyoung/zeta_ws/install/zeta2_cartographer/share/zeta2_cartographer/environment/ament_prefix_path.dsv
[0.284s] -- Up-to-date: /home/jinyoung/zeta_ws/install/zeta2_cartographer/share/zeta2_cartographer/environment/path.sh
[0.284s] -- Up-to-date: /home/jinyoung/zeta_ws/install/zeta2_cartographer/share/zeta2_cartographer/environment/path.dsv
[0.284s] -- Up-to-date: /home/jinyoung/zeta_ws/install/zeta2_cartographer/share/zeta2_cartographer/local_setup.bash
[0.285s] -- Up-to-date: /home/jinyoung/zeta_ws/install/zeta2_cartographer/share/zeta2_cartographer/local_setup.sh
[0.285s] -- Up-to-date: /home/jinyoung/zeta_ws/install/zeta2_cartographer/share/zeta2_cartographer/local_setup.zsh
[0.285s] -- Up-to-date: /home/jinyoung/zeta_ws/install/zeta2_cartographer/share/zeta2_cartographer/local_setup.dsv
[0.285s] -- Installing: /home/jinyoung/zeta_ws/install/zeta2_cartographer/share/zeta2_cartographer/package.dsv
[0.286s] -- Up-to-date: /home/jinyoung/zeta_ws/install/zeta2_cartographer/share/ament_index/resource_index/packages/zeta2_cartographer
[0.286s] -- Up-to-date: /home/jinyoung/zeta_ws/install/zeta2_cartographer/share/zeta2_cartographer/cmake/zeta2_cartographerConfig.cmake
[0.286s] -- Up-to-date: /home/jinyoung/zeta_ws/install/zeta2_cartographer/share/zeta2_cartographer/cmake/zeta2_cartographerConfig-version.cmake
[0.286s] -- Up-to-date: /home/jinyoung/zeta_ws/install/zeta2_cartographer/share/zeta2_cartographer/package.xml
[0.289s] Invoked command in '/home/jinyoung/zeta_ws/build/zeta2_cartographer' returned '0': CMAKE_PREFIX_PATH=${CMAKE_PREFIX_PATH}:/opt/ros/humble /usr/bin/cmake --install /home/jinyoung/zeta_ws/build/zeta2_cartographer
