[0.008s] Invoking command in '/home/jinyoung/zeta_ws/build/zeta2_navigation': CMAKE_PREFIX_PATH=/opt/ros/humble /usr/bin/cmake /home/jinyoung/zeta_ws/src/zeta2_edu_autonomous/zeta2_navigation -DCMAKE_INSTALL_PREFIX=/home/jinyoung/zeta_ws/install/zeta2_navigation
[0.064s] -- The C compiler identification is GNU 11.4.0
[0.114s] -- The CXX compiler identification is GNU 11.4.0
[0.119s] -- Detecting C compiler ABI info
[0.163s] -- Detecting C compiler ABI info - done
[0.167s] -- Check for working C compiler: /usr/bin/cc - skipped
[0.168s] -- Detecting C compile features
[0.168s] -- Detecting C compile features - done
[0.170s] -- Detecting CXX compiler ABI info
[0.221s] -- Detecting CXX compiler ABI info - done
[0.226s] -- Check for working CXX compiler: /usr/bin/c++ - skipped
[0.226s] -- Detecting CXX compile features
[0.227s] -- Detecting CXX compile features - done
[0.228s] -- Found ament_cmake: 1.3.9 (/opt/ros/humble/share/ament_cmake/cmake)
[0.335s] -- Found Python3: /usr/bin/python3 (found version "3.10.12") found components: Interpreter 
[0.399s] -- Found xacro: 2.0.8 (/opt/ros/humble/share/xacro/cmake)
[0.442s] -- Configuring done
[0.444s] -- Generating done
[0.444s] -- Build files have been written to: /home/jinyoung/zeta_ws/build/zeta2_navigation
[0.450s] Invoked command in '/home/jinyoung/zeta_ws/build/zeta2_navigation' returned '0': CMAKE_PREFIX_PATH=/opt/ros/humble /usr/bin/cmake /home/jinyoung/zeta_ws/src/zeta2_edu_autonomous/zeta2_navigation -DCMAKE_INSTALL_PREFIX=/home/jinyoung/zeta_ws/install/zeta2_navigation
[0.452s] Invoking command in '/home/jinyoung/zeta_ws/build/zeta2_navigation': CMAKE_PREFIX_PATH=/opt/ros/humble /usr/bin/cmake --build /home/jinyoung/zeta_ws/build/zeta2_navigation -- -j16 -l16
[0.472s] Invoked command in '/home/jinyoung/zeta_ws/build/zeta2_navigation' returned '0': CMAKE_PREFIX_PATH=/opt/ros/humble /usr/bin/cmake --build /home/jinyoung/zeta_ws/build/zeta2_navigation -- -j16 -l16
[0.490s] Invoking command in '/home/jinyoung/zeta_ws/build/zeta2_navigation': CMAKE_PREFIX_PATH=/opt/ros/humble /usr/bin/cmake --install /home/jinyoung/zeta_ws/build/zeta2_navigation
[0.494s] -- Install configuration: ""
[0.495s] -- Installing: /home/jinyoung/zeta_ws/install/zeta2_navigation/share/zeta2_navigation/params
[0.495s] -- Installing: /home/jinyoung/zeta_ws/install/zeta2_navigation/share/zeta2_navigation/params/zeta_smac_2d.yaml
[0.495s] -- Installing: /home/jinyoung/zeta_ws/install/zeta2_navigation/share/zeta2_navigation/params/zeta_rotation_shim.yaml
[0.495s] -- Installing: /home/jinyoung/zeta_ws/install/zeta2_navigation/share/zeta2_navigation/params/zeta_mppi.yaml
[0.495s] -- Installing: /home/jinyoung/zeta_ws/install/zeta2_navigation/share/zeta2_navigation/params/zeta_theta.yaml
[0.495s] -- Installing: /home/jinyoung/zeta_ws/install/zeta2_navigation/share/zeta2_navigation/params/zeta_graceful.yaml
[0.495s] -- Installing: /home/jinyoung/zeta_ws/install/zeta2_navigation/share/zeta2_navigation/params/zeta_smoother.yaml
[0.495s] -- Installing: /home/jinyoung/zeta_ws/install/zeta2_navigation/share/zeta2_navigation/params/zeta_regulated_pp.yaml
[0.495s] -- Installing: /home/jinyoung/zeta_ws/install/zeta2_navigation/share/zeta2_navigation/params/zeta_nomal.yaml
[0.495s] -- Installing: /home/jinyoung/zeta_ws/install/zeta2_navigation/share/zeta2_navigation/launch
[0.495s] -- Installing: /home/jinyoung/zeta_ws/install/zeta2_navigation/share/zeta2_navigation/launch/zeta2_navigation_theta.launch.py
[0.495s] -- Installing: /home/jinyoung/zeta_ws/install/zeta2_navigation/share/zeta2_navigation/launch/zeta2_navigation_graceful.launch.py
[0.495s] -- Installing: /home/jinyoung/zeta_ws/install/zeta2_navigation/share/zeta2_navigation/launch/zeta2_navigation_rotation_shim.launch.py
[0.495s] -- Installing: /home/jinyoung/zeta_ws/install/zeta2_navigation/share/zeta2_navigation/launch/zeta2_navigation_smoother.py
[0.495s] -- Installing: /home/jinyoung/zeta_ws/install/zeta2_navigation/share/zeta2_navigation/launch/zeta2_navigation_mppi.launch.py
[0.495s] -- Installing: /home/jinyoung/zeta_ws/install/zeta2_navigation/share/zeta2_navigation/launch/zeta2_navigation_regulated_pp.launch.py
[0.495s] -- Installing: /home/jinyoung/zeta_ws/install/zeta2_navigation/share/zeta2_navigation/launch/zeta2_navigation_smac_2d.launch.py
[0.495s] -- Installing: /home/jinyoung/zeta_ws/install/zeta2_navigation/share/zeta2_navigation/launch/zeta2_navigation.launch.py
[0.496s] -- Installing: /home/jinyoung/zeta_ws/install/zeta2_navigation/share/zeta2_navigation/rviz
[0.496s] -- Installing: /home/jinyoung/zeta_ws/install/zeta2_navigation/share/zeta2_navigation/rviz/nav2.rviz
[0.496s] -- Installing: /home/jinyoung/zeta_ws/install/zeta2_navigation/share/zeta2_navigation/maps
[0.497s] -- Installing: /home/jinyoung/zeta_ws/install/zeta2_navigation/share/zeta2_navigation/maps/cartographer
[0.497s] -- Installing: /home/jinyoung/zeta_ws/install/zeta2_navigation/share/zeta2_navigation/maps/cartographer/carto_seongsu.pgm
[0.497s] -- Installing: /home/jinyoung/zeta_ws/install/zeta2_navigation/share/zeta2_navigation/maps/cartographer/carto_seongsu.yaml
[0.497s] -- Installing: /home/jinyoung/zeta_ws/install/zeta2_navigation/share/zeta2_navigation/maps/slam_toolbox
[0.497s] -- Installing: /home/jinyoung/zeta_ws/install/zeta2_navigation/share/zeta2_navigation/maps/slam_toolbox/slam_toolbox_seongsu.yaml
[0.497s] -- Installing: /home/jinyoung/zeta_ws/install/zeta2_navigation/share/zeta2_navigation/maps/slam_toolbox/slam_toolbox_seongsu.pgm
[0.497s] -- Installing: /home/jinyoung/zeta_ws/install/zeta2_navigation/share/ament_index/resource_index/package_run_dependencies/zeta2_navigation
[0.497s] -- Installing: /home/jinyoung/zeta_ws/install/zeta2_navigation/share/ament_index/resource_index/parent_prefix_path/zeta2_navigation
[0.497s] -- Installing: /home/jinyoung/zeta_ws/install/zeta2_navigation/share/zeta2_navigation/environment/ament_prefix_path.sh
[0.497s] -- Installing: /home/jinyoung/zeta_ws/install/zeta2_navigation/share/zeta2_navigation/environment/ament_prefix_path.dsv
[0.497s] -- Installing: /home/jinyoung/zeta_ws/install/zeta2_navigation/share/zeta2_navigation/environment/path.sh
[0.497s] -- Installing: /home/jinyoung/zeta_ws/install/zeta2_navigation/share/zeta2_navigation/environment/path.dsv
[0.497s] -- Installing: /home/jinyoung/zeta_ws/install/zeta2_navigation/share/zeta2_navigation/local_setup.bash
[0.497s] -- Installing: /home/jinyoung/zeta_ws/install/zeta2_navigation/share/zeta2_navigation/local_setup.sh
[0.497s] -- Installing: /home/jinyoung/zeta_ws/install/zeta2_navigation/share/zeta2_navigation/local_setup.zsh
[0.497s] -- Installing: /home/jinyoung/zeta_ws/install/zeta2_navigation/share/zeta2_navigation/local_setup.dsv
[0.497s] -- Installing: /home/jinyoung/zeta_ws/install/zeta2_navigation/share/zeta2_navigation/package.dsv
[0.497s] -- Installing: /home/jinyoung/zeta_ws/install/zeta2_navigation/share/ament_index/resource_index/packages/zeta2_navigation
[0.498s] -- Installing: /home/jinyoung/zeta_ws/install/zeta2_navigation/share/zeta2_navigation/cmake/zeta2_navigationConfig.cmake
[0.498s] -- Installing: /home/jinyoung/zeta_ws/install/zeta2_navigation/share/zeta2_navigation/cmake/zeta2_navigationConfig-version.cmake
[0.498s] -- Installing: /home/jinyoung/zeta_ws/install/zeta2_navigation/share/zeta2_navigation/package.xml
[0.510s] Invoked command in '/home/jinyoung/zeta_ws/build/zeta2_navigation' returned '0': CMAKE_PREFIX_PATH=/opt/ros/humble /usr/bin/cmake --install /home/jinyoung/zeta_ws/build/zeta2_navigation
