/home/jinyoung/zeta_ws/install/zeta2_simple_commander/lib/python3.10/site-packages/zeta2_simple_commander/demo_security.py
/home/jinyoung/zeta_ws/install/zeta2_simple_commander/lib/python3.10/site-packages/zeta2_simple_commander/example_nav_through_poses.py
/home/jinyoung/zeta_ws/install/zeta2_simple_commander/lib/python3.10/site-packages/zeta2_simple_commander/__init__.py
/home/jinyoung/zeta_ws/install/zeta2_simple_commander/lib/python3.10/site-packages/zeta2_simple_commander/demo_picking.py
/home/jinyoung/zeta_ws/install/zeta2_simple_commander/lib/python3.10/site-packages/zeta2_simple_commander/example_waypoint_follower.py
/home/jinyoung/zeta_ws/install/zeta2_simple_commander/lib/python3.10/site-packages/zeta2_simple_commander/demo_inspection.py
/home/jinyoung/zeta_ws/install/zeta2_simple_commander/lib/python3.10/site-packages/zeta2_simple_commander/example_nav_to_pose.py
/home/jinyoung/zeta_ws/install/zeta2_simple_commander/lib/python3.10/site-packages/zeta2_simple_commander/example_follow_path.py
/home/jinyoung/zeta_ws/install/zeta2_simple_commander/lib/python3.10/site-packages/zeta2_simple_commander/__pycache__/demo_security.cpython-310.pyc
/home/jinyoung/zeta_ws/install/zeta2_simple_commander/lib/python3.10/site-packages/zeta2_simple_commander/__pycache__/example_nav_through_poses.cpython-310.pyc
/home/jinyoung/zeta_ws/install/zeta2_simple_commander/lib/python3.10/site-packages/zeta2_simple_commander/__pycache__/__init__.cpython-310.pyc
/home/jinyoung/zeta_ws/install/zeta2_simple_commander/lib/python3.10/site-packages/zeta2_simple_commander/__pycache__/demo_picking.cpython-310.pyc
/home/jinyoung/zeta_ws/install/zeta2_simple_commander/lib/python3.10/site-packages/zeta2_simple_commander/__pycache__/example_waypoint_follower.cpython-310.pyc
/home/jinyoung/zeta_ws/install/zeta2_simple_commander/lib/python3.10/site-packages/zeta2_simple_commander/__pycache__/demo_inspection.cpython-310.pyc
/home/jinyoung/zeta_ws/install/zeta2_simple_commander/lib/python3.10/site-packages/zeta2_simple_commander/__pycache__/example_nav_to_pose.cpython-310.pyc
/home/jinyoung/zeta_ws/install/zeta2_simple_commander/lib/python3.10/site-packages/zeta2_simple_commander/__pycache__/example_follow_path.cpython-310.pyc
/home/jinyoung/zeta_ws/install/zeta2_simple_commander/share/ament_index/resource_index/packages/zeta2_simple_commander
/home/jinyoung/zeta_ws/install/zeta2_simple_commander/share/zeta2_simple_commander/package.xml
/home/jinyoung/zeta_ws/install/zeta2_simple_commander/share/zeta2_simple_commander
/home/jinyoung/zeta_ws/install/zeta2_simple_commander/lib/python3.10/site-packages/zeta2_simple_commander-1.0.0-py3.10.egg-info/zip-safe
/home/jinyoung/zeta_ws/install/zeta2_simple_commander/lib/python3.10/site-packages/zeta2_simple_commander-1.0.0-py3.10.egg-info/PKG-INFO
/home/jinyoung/zeta_ws/install/zeta2_simple_commander/lib/python3.10/site-packages/zeta2_simple_commander-1.0.0-py3.10.egg-info/dependency_links.txt
/home/jinyoung/zeta_ws/install/zeta2_simple_commander/lib/python3.10/site-packages/zeta2_simple_commander-1.0.0-py3.10.egg-info/SOURCES.txt
/home/jinyoung/zeta_ws/install/zeta2_simple_commander/lib/python3.10/site-packages/zeta2_simple_commander-1.0.0-py3.10.egg-info/top_level.txt
/home/jinyoung/zeta_ws/install/zeta2_simple_commander/lib/python3.10/site-packages/zeta2_simple_commander-1.0.0-py3.10.egg-info/entry_points.txt
/home/jinyoung/zeta_ws/install/zeta2_simple_commander/lib/python3.10/site-packages/zeta2_simple_commander-1.0.0-py3.10.egg-info/requires.txt
/home/jinyoung/zeta_ws/install/zeta2_simple_commander/lib/zeta2_simple_commander/demo_inspection
/home/jinyoung/zeta_ws/install/zeta2_simple_commander/lib/zeta2_simple_commander/demo_picking
/home/jinyoung/zeta_ws/install/zeta2_simple_commander/lib/zeta2_simple_commander/demo_recoveries
/home/jinyoung/zeta_ws/install/zeta2_simple_commander/lib/zeta2_simple_commander/demo_security
/home/jinyoung/zeta_ws/install/zeta2_simple_commander/lib/zeta2_simple_commander/example_assisted_teleop
/home/jinyoung/zeta_ws/install/zeta2_simple_commander/lib/zeta2_simple_commander/example_follow_path
/home/jinyoung/zeta_ws/install/zeta2_simple_commander/lib/zeta2_simple_commander/example_nav_through_poses
/home/jinyoung/zeta_ws/install/zeta2_simple_commander/lib/zeta2_simple_commander/example_nav_to_pose
/home/jinyoung/zeta_ws/install/zeta2_simple_commander/lib/zeta2_simple_commander/example_waypoint_follower
