[0.084s] DEBUG:colcon:Command line arguments: ['/usr/bin/colcon', 'build']
[0.084s] DEBUG:colcon:Parsed command line arguments: Namespace(log_base=None, log_level=None, verb_name='build', build_base='build', install_base='install', merge_install=False, symlink_install=False, test_result_base=None, continue_on_error=False, executor='parallel', parallel_workers=16, event_handlers=None, ignore_user_meta=False, metas=['./colcon.meta'], base_paths=['.'], packages_ignore=None, packages_ignore_regex=None, paths=None, packages_up_to=None, packages_up_to_regex=None, packages_above=None, packages_above_and_dependencies=None, packages_above_depth=None, packages_select_by_dep=None, packages_skip_by_dep=None, packages_skip_up_to=None, packages_select_build_failed=False, packages_skip_build_finished=False, packages_select_test_failures=False, packages_skip_test_passed=False, packages_select=None, packages_skip=None, packages_select_regex=None, packages_skip_regex=None, packages_start=None, packages_end=None, allow_overriding=[], cmake_args=None, cmake_target=None, cmake_target_skip_unavailable=False, cmake_clean_cache=False, cmake_clean_first=False, cmake_force_configure=False, ament_cmake_args=None, catkin_cmake_args=None, catkin_skip_building_tests=False, mixin_files=None, mixin=None, verb_parser=<colcon_mixin.mixin.mixin_argument.MixinArgumentDecorator object at 0x7c65b173b580>, verb_extension=<colcon_core.verb.build.BuildVerb object at 0x7c65b1857bb0>, main=<bound method BuildVerb.main of <colcon_core.verb.build.BuildVerb object at 0x7c65b1857bb0>>, mixin_verb=('build',))
[0.216s] Level 1:colcon.colcon_core.package_discovery:discover_packages(colcon_meta) check parameters
[0.216s] Level 1:colcon.colcon_core.package_discovery:discover_packages(recursive) check parameters
[0.216s] Level 1:colcon.colcon_core.package_discovery:discover_packages(ignore) check parameters
[0.216s] Level 1:colcon.colcon_core.package_discovery:discover_packages(path) check parameters
[0.216s] Level 1:colcon.colcon_core.package_discovery:discover_packages(colcon_meta) discover
[0.217s] Level 1:colcon.colcon_core.package_discovery:discover_packages(recursive) discover
[0.217s] INFO:colcon.colcon_core.package_discovery:Crawling recursively for packages in '/home/jinyoung/zeta_ws'
[0.217s] Level 1:colcon.colcon_core.package_identification:_identify(.) by extensions ['ignore', 'ignore_ament_install']
[0.217s] Level 1:colcon.colcon_core.package_identification:_identify(.) by extension 'ignore'
[0.217s] Level 1:colcon.colcon_core.package_identification:_identify(.) by extension 'ignore_ament_install'
[0.217s] Level 1:colcon.colcon_core.package_identification:_identify(.) by extensions ['colcon_pkg']
[0.217s] Level 1:colcon.colcon_core.package_identification:_identify(.) by extension 'colcon_pkg'
[0.217s] Level 1:colcon.colcon_core.package_identification:_identify(.) by extensions ['colcon_meta']
[0.217s] Level 1:colcon.colcon_core.package_identification:_identify(.) by extension 'colcon_meta'
[0.217s] Level 1:colcon.colcon_core.package_identification:_identify(.) by extensions ['ros']
[0.217s] Level 1:colcon.colcon_core.package_identification:_identify(.) by extension 'ros'
[0.227s] Level 1:colcon.colcon_core.package_identification:_identify(.) by extensions ['cmake', 'python']
[0.227s] Level 1:colcon.colcon_core.package_identification:_identify(.) by extension 'cmake'
[0.227s] Level 1:colcon.colcon_core.package_identification:_identify(.) by extension 'python'
[0.227s] Level 1:colcon.colcon_core.package_identification:_identify(.) by extensions ['python_setup_py']
[0.227s] Level 1:colcon.colcon_core.package_identification:_identify(.) by extension 'python_setup_py'
[0.227s] Level 1:colcon.colcon_core.package_identification:_identify(build) by extensions ['ignore', 'ignore_ament_install']
[0.227s] Level 1:colcon.colcon_core.package_identification:_identify(build) by extension 'ignore'
[0.227s] Level 1:colcon.colcon_core.package_identification:_identify(build) ignored
[0.227s] Level 1:colcon.colcon_core.package_identification:_identify(install) by extensions ['ignore', 'ignore_ament_install']
[0.227s] Level 1:colcon.colcon_core.package_identification:_identify(install) by extension 'ignore'
[0.227s] Level 1:colcon.colcon_core.package_identification:_identify(install) ignored
[0.227s] Level 1:colcon.colcon_core.package_identification:_identify(log) by extensions ['ignore', 'ignore_ament_install']
[0.227s] Level 1:colcon.colcon_core.package_identification:_identify(log) by extension 'ignore'
[0.227s] Level 1:colcon.colcon_core.package_identification:_identify(log) ignored
[0.227s] Level 1:colcon.colcon_core.package_identification:_identify(src) by extensions ['ignore', 'ignore_ament_install']
[0.227s] Level 1:colcon.colcon_core.package_identification:_identify(src) by extension 'ignore'
[0.228s] Level 1:colcon.colcon_core.package_identification:_identify(src) by extension 'ignore_ament_install'
[0.228s] Level 1:colcon.colcon_core.package_identification:_identify(src) by extensions ['colcon_pkg']
[0.228s] Level 1:colcon.colcon_core.package_identification:_identify(src) by extension 'colcon_pkg'
[0.228s] Level 1:colcon.colcon_core.package_identification:_identify(src) by extensions ['colcon_meta']
[0.228s] Level 1:colcon.colcon_core.package_identification:_identify(src) by extension 'colcon_meta'
[0.228s] Level 1:colcon.colcon_core.package_identification:_identify(src) by extensions ['ros']
[0.228s] Level 1:colcon.colcon_core.package_identification:_identify(src) by extension 'ros'
[0.228s] Level 1:colcon.colcon_core.package_identification:_identify(src) by extensions ['cmake', 'python']
[0.228s] Level 1:colcon.colcon_core.package_identification:_identify(src) by extension 'cmake'
[0.228s] Level 1:colcon.colcon_core.package_identification:_identify(src) by extension 'python'
[0.228s] Level 1:colcon.colcon_core.package_identification:_identify(src) by extensions ['python_setup_py']
[0.228s] Level 1:colcon.colcon_core.package_identification:_identify(src) by extension 'python_setup_py'
[0.228s] Level 1:colcon.colcon_core.package_identification:_identify(src/zeta2_edu_autonomous) by extensions ['ignore', 'ignore_ament_install']
[0.228s] Level 1:colcon.colcon_core.package_identification:_identify(src/zeta2_edu_autonomous) by extension 'ignore'
[0.228s] Level 1:colcon.colcon_core.package_identification:_identify(src/zeta2_edu_autonomous) by extension 'ignore_ament_install'
[0.228s] Level 1:colcon.colcon_core.package_identification:_identify(src/zeta2_edu_autonomous) by extensions ['colcon_pkg']
[0.228s] Level 1:colcon.colcon_core.package_identification:_identify(src/zeta2_edu_autonomous) by extension 'colcon_pkg'
[0.228s] Level 1:colcon.colcon_core.package_identification:_identify(src/zeta2_edu_autonomous) by extensions ['colcon_meta']
[0.228s] Level 1:colcon.colcon_core.package_identification:_identify(src/zeta2_edu_autonomous) by extension 'colcon_meta'
[0.228s] Level 1:colcon.colcon_core.package_identification:_identify(src/zeta2_edu_autonomous) by extensions ['ros']
[0.228s] Level 1:colcon.colcon_core.package_identification:_identify(src/zeta2_edu_autonomous) by extension 'ros'
[0.228s] Level 1:colcon.colcon_core.package_identification:_identify(src/zeta2_edu_autonomous) by extensions ['cmake', 'python']
[0.228s] Level 1:colcon.colcon_core.package_identification:_identify(src/zeta2_edu_autonomous) by extension 'cmake'
[0.228s] Level 1:colcon.colcon_core.package_identification:_identify(src/zeta2_edu_autonomous) by extension 'python'
[0.228s] Level 1:colcon.colcon_core.package_identification:_identify(src/zeta2_edu_autonomous) by extensions ['python_setup_py']
[0.228s] Level 1:colcon.colcon_core.package_identification:_identify(src/zeta2_edu_autonomous) by extension 'python_setup_py'
[0.228s] Level 1:colcon.colcon_core.package_identification:_identify(src/zeta2_edu_autonomous/_photo) by extensions ['ignore', 'ignore_ament_install']
[0.228s] Level 1:colcon.colcon_core.package_identification:_identify(src/zeta2_edu_autonomous/_photo) by extension 'ignore'
[0.228s] Level 1:colcon.colcon_core.package_identification:_identify(src/zeta2_edu_autonomous/_photo) by extension 'ignore_ament_install'
[0.229s] Level 1:colcon.colcon_core.package_identification:_identify(src/zeta2_edu_autonomous/_photo) by extensions ['colcon_pkg']
[0.229s] Level 1:colcon.colcon_core.package_identification:_identify(src/zeta2_edu_autonomous/_photo) by extension 'colcon_pkg'
[0.229s] Level 1:colcon.colcon_core.package_identification:_identify(src/zeta2_edu_autonomous/_photo) by extensions ['colcon_meta']
[0.229s] Level 1:colcon.colcon_core.package_identification:_identify(src/zeta2_edu_autonomous/_photo) by extension 'colcon_meta'
[0.229s] Level 1:colcon.colcon_core.package_identification:_identify(src/zeta2_edu_autonomous/_photo) by extensions ['ros']
[0.229s] Level 1:colcon.colcon_core.package_identification:_identify(src/zeta2_edu_autonomous/_photo) by extension 'ros'
[0.229s] Level 1:colcon.colcon_core.package_identification:_identify(src/zeta2_edu_autonomous/_photo) by extensions ['cmake', 'python']
[0.229s] Level 1:colcon.colcon_core.package_identification:_identify(src/zeta2_edu_autonomous/_photo) by extension 'cmake'
[0.229s] Level 1:colcon.colcon_core.package_identification:_identify(src/zeta2_edu_autonomous/_photo) by extension 'python'
[0.229s] Level 1:colcon.colcon_core.package_identification:_identify(src/zeta2_edu_autonomous/_photo) by extensions ['python_setup_py']
[0.229s] Level 1:colcon.colcon_core.package_identification:_identify(src/zeta2_edu_autonomous/_photo) by extension 'python_setup_py'
[0.229s] Level 1:colcon.colcon_core.package_identification:_identify(src/zeta2_edu_autonomous/scripts) by extensions ['ignore', 'ignore_ament_install']
[0.229s] Level 1:colcon.colcon_core.package_identification:_identify(src/zeta2_edu_autonomous/scripts) by extension 'ignore'
[0.229s] Level 1:colcon.colcon_core.package_identification:_identify(src/zeta2_edu_autonomous/scripts) by extension 'ignore_ament_install'
[0.229s] Level 1:colcon.colcon_core.package_identification:_identify(src/zeta2_edu_autonomous/scripts) by extensions ['colcon_pkg']
[0.229s] Level 1:colcon.colcon_core.package_identification:_identify(src/zeta2_edu_autonomous/scripts) by extension 'colcon_pkg'
[0.229s] Level 1:colcon.colcon_core.package_identification:_identify(src/zeta2_edu_autonomous/scripts) by extensions ['colcon_meta']
[0.229s] Level 1:colcon.colcon_core.package_identification:_identify(src/zeta2_edu_autonomous/scripts) by extension 'colcon_meta'
[0.229s] Level 1:colcon.colcon_core.package_identification:_identify(src/zeta2_edu_autonomous/scripts) by extensions ['ros']
[0.229s] Level 1:colcon.colcon_core.package_identification:_identify(src/zeta2_edu_autonomous/scripts) by extension 'ros'
[0.229s] Level 1:colcon.colcon_core.package_identification:_identify(src/zeta2_edu_autonomous/scripts) by extensions ['cmake', 'python']
[0.229s] Level 1:colcon.colcon_core.package_identification:_identify(src/zeta2_edu_autonomous/scripts) by extension 'cmake'
[0.229s] Level 1:colcon.colcon_core.package_identification:_identify(src/zeta2_edu_autonomous/scripts) by extension 'python'
[0.229s] Level 1:colcon.colcon_core.package_identification:_identify(src/zeta2_edu_autonomous/scripts) by extensions ['python_setup_py']
[0.229s] Level 1:colcon.colcon_core.package_identification:_identify(src/zeta2_edu_autonomous/scripts) by extension 'python_setup_py'
[0.229s] Level 1:colcon.colcon_core.package_identification:_identify(src/zeta2_edu_autonomous/zeta2_cartographer) by extensions ['ignore', 'ignore_ament_install']
[0.229s] Level 1:colcon.colcon_core.package_identification:_identify(src/zeta2_edu_autonomous/zeta2_cartographer) by extension 'ignore'
[0.229s] Level 1:colcon.colcon_core.package_identification:_identify(src/zeta2_edu_autonomous/zeta2_cartographer) by extension 'ignore_ament_install'
[0.229s] Level 1:colcon.colcon_core.package_identification:_identify(src/zeta2_edu_autonomous/zeta2_cartographer) by extensions ['colcon_pkg']
[0.229s] Level 1:colcon.colcon_core.package_identification:_identify(src/zeta2_edu_autonomous/zeta2_cartographer) by extension 'colcon_pkg'
[0.230s] Level 1:colcon.colcon_core.package_identification:_identify(src/zeta2_edu_autonomous/zeta2_cartographer) by extensions ['colcon_meta']
[0.230s] Level 1:colcon.colcon_core.package_identification:_identify(src/zeta2_edu_autonomous/zeta2_cartographer) by extension 'colcon_meta'
[0.230s] Level 1:colcon.colcon_core.package_identification:_identify(src/zeta2_edu_autonomous/zeta2_cartographer) by extensions ['ros']
[0.230s] Level 1:colcon.colcon_core.package_identification:_identify(src/zeta2_edu_autonomous/zeta2_cartographer) by extension 'ros'
[0.232s] DEBUG:colcon.colcon_core.package_identification:Package 'src/zeta2_edu_autonomous/zeta2_cartographer' with type 'ros.ament_cmake' and name 'zeta2_cartographer'
[0.232s] Level 1:colcon.colcon_core.package_identification:_identify(src/zeta2_edu_autonomous/zeta2_navigation) by extensions ['ignore', 'ignore_ament_install']
[0.232s] Level 1:colcon.colcon_core.package_identification:_identify(src/zeta2_edu_autonomous/zeta2_navigation) by extension 'ignore'
[0.232s] Level 1:colcon.colcon_core.package_identification:_identify(src/zeta2_edu_autonomous/zeta2_navigation) by extension 'ignore_ament_install'
[0.232s] Level 1:colcon.colcon_core.package_identification:_identify(src/zeta2_edu_autonomous/zeta2_navigation) by extensions ['colcon_pkg']
[0.232s] Level 1:colcon.colcon_core.package_identification:_identify(src/zeta2_edu_autonomous/zeta2_navigation) by extension 'colcon_pkg'
[0.232s] Level 1:colcon.colcon_core.package_identification:_identify(src/zeta2_edu_autonomous/zeta2_navigation) by extensions ['colcon_meta']
[0.232s] Level 1:colcon.colcon_core.package_identification:_identify(src/zeta2_edu_autonomous/zeta2_navigation) by extension 'colcon_meta'
[0.232s] Level 1:colcon.colcon_core.package_identification:_identify(src/zeta2_edu_autonomous/zeta2_navigation) by extensions ['ros']
[0.232s] Level 1:colcon.colcon_core.package_identification:_identify(src/zeta2_edu_autonomous/zeta2_navigation) by extension 'ros'
[0.233s] DEBUG:colcon.colcon_core.package_identification:Package 'src/zeta2_edu_autonomous/zeta2_navigation' with type 'ros.ament_cmake' and name 'zeta2_navigation'
[0.233s] Level 1:colcon.colcon_core.package_identification:_identify(src/zeta2_edu_autonomous/zeta2_simple_commander) by extensions ['ignore', 'ignore_ament_install']
[0.233s] Level 1:colcon.colcon_core.package_identification:_identify(src/zeta2_edu_autonomous/zeta2_simple_commander) by extension 'ignore'
[0.233s] Level 1:colcon.colcon_core.package_identification:_identify(src/zeta2_edu_autonomous/zeta2_simple_commander) by extension 'ignore_ament_install'
[0.233s] Level 1:colcon.colcon_core.package_identification:_identify(src/zeta2_edu_autonomous/zeta2_simple_commander) by extensions ['colcon_pkg']
[0.233s] Level 1:colcon.colcon_core.package_identification:_identify(src/zeta2_edu_autonomous/zeta2_simple_commander) by extension 'colcon_pkg'
[0.233s] Level 1:colcon.colcon_core.package_identification:_identify(src/zeta2_edu_autonomous/zeta2_simple_commander) by extensions ['colcon_meta']
[0.233s] Level 1:colcon.colcon_core.package_identification:_identify(src/zeta2_edu_autonomous/zeta2_simple_commander) by extension 'colcon_meta'
[0.233s] Level 1:colcon.colcon_core.package_identification:_identify(src/zeta2_edu_autonomous/zeta2_simple_commander) by extensions ['ros']
[0.233s] Level 1:colcon.colcon_core.package_identification:_identify(src/zeta2_edu_autonomous/zeta2_simple_commander) by extension 'ros'
[0.234s] DEBUG:colcon.colcon_core.package_identification:Package 'src/zeta2_edu_autonomous/zeta2_simple_commander' with type 'ros.ament_python' and name 'zeta2_simple_commander'
[0.234s] Level 1:colcon.colcon_core.package_identification:_identify(src/zeta2_edu_autonomous/zeta2_slam_toolbox) by extensions ['ignore', 'ignore_ament_install']
[0.234s] Level 1:colcon.colcon_core.package_identification:_identify(src/zeta2_edu_autonomous/zeta2_slam_toolbox) by extension 'ignore'
[0.234s] Level 1:colcon.colcon_core.package_identification:_identify(src/zeta2_edu_autonomous/zeta2_slam_toolbox) by extension 'ignore_ament_install'
[0.234s] Level 1:colcon.colcon_core.package_identification:_identify(src/zeta2_edu_autonomous/zeta2_slam_toolbox) by extensions ['colcon_pkg']
[0.234s] Level 1:colcon.colcon_core.package_identification:_identify(src/zeta2_edu_autonomous/zeta2_slam_toolbox) by extension 'colcon_pkg'
[0.234s] Level 1:colcon.colcon_core.package_identification:_identify(src/zeta2_edu_autonomous/zeta2_slam_toolbox) by extensions ['colcon_meta']
[0.234s] Level 1:colcon.colcon_core.package_identification:_identify(src/zeta2_edu_autonomous/zeta2_slam_toolbox) by extension 'colcon_meta'
[0.234s] Level 1:colcon.colcon_core.package_identification:_identify(src/zeta2_edu_autonomous/zeta2_slam_toolbox) by extensions ['ros']
[0.234s] Level 1:colcon.colcon_core.package_identification:_identify(src/zeta2_edu_autonomous/zeta2_slam_toolbox) by extension 'ros'
[0.234s] DEBUG:colcon.colcon_core.package_identification:Package 'src/zeta2_edu_autonomous/zeta2_slam_toolbox' with type 'ros.ament_cmake' and name 'zeta2_slam_toolbox'
[0.234s] Level 1:colcon.colcon_core.package_discovery:discover_packages(recursive) using defaults
[0.234s] Level 1:colcon.colcon_core.package_discovery:discover_packages(ignore) discover
[0.234s] Level 1:colcon.colcon_core.package_discovery:discover_packages(ignore) using defaults
[0.234s] Level 1:colcon.colcon_core.package_discovery:discover_packages(path) discover
[0.234s] Level 1:colcon.colcon_core.package_discovery:discover_packages(path) using defaults
[0.260s] Level 1:colcon.colcon_core.package_discovery:discover_packages(prefix_path) check parameters
[0.260s] Level 1:colcon.colcon_core.package_discovery:discover_packages(prefix_path) discover
[0.262s] DEBUG:colcon.colcon_installed_package_information.package_discovery:Found 389 installed packages in /opt/ros/humble
[0.264s] Level 1:colcon.colcon_core.package_discovery:discover_packages(prefix_path) using defaults
[0.301s] Level 5:colcon.colcon_core.verb:set package 'zeta2_cartographer' build argument 'cmake_args' from command line to 'None'
[0.301s] Level 5:colcon.colcon_core.verb:set package 'zeta2_cartographer' build argument 'cmake_target' from command line to 'None'
[0.301s] Level 5:colcon.colcon_core.verb:set package 'zeta2_cartographer' build argument 'cmake_target_skip_unavailable' from command line to 'False'
[0.301s] Level 5:colcon.colcon_core.verb:set package 'zeta2_cartographer' build argument 'cmake_clean_cache' from command line to 'False'
[0.301s] Level 5:colcon.colcon_core.verb:set package 'zeta2_cartographer' build argument 'cmake_clean_first' from command line to 'False'
[0.301s] Level 5:colcon.colcon_core.verb:set package 'zeta2_cartographer' build argument 'cmake_force_configure' from command line to 'False'
[0.301s] Level 5:colcon.colcon_core.verb:set package 'zeta2_cartographer' build argument 'ament_cmake_args' from command line to 'None'
[0.301s] Level 5:colcon.colcon_core.verb:set package 'zeta2_cartographer' build argument 'catkin_cmake_args' from command line to 'None'
[0.301s] Level 5:colcon.colcon_core.verb:set package 'zeta2_cartographer' build argument 'catkin_skip_building_tests' from command line to 'False'
[0.301s] DEBUG:colcon.colcon_core.verb:Building package 'zeta2_cartographer' with the following arguments: {'ament_cmake_args': None, 'build_base': '/home/jinyoung/zeta_ws/build/zeta2_cartographer', 'catkin_cmake_args': None, 'catkin_skip_building_tests': False, 'cmake_args': None, 'cmake_clean_cache': False, 'cmake_clean_first': False, 'cmake_force_configure': False, 'cmake_target': None, 'cmake_target_skip_unavailable': False, 'install_base': '/home/jinyoung/zeta_ws/install/zeta2_cartographer', 'merge_install': False, 'path': '/home/jinyoung/zeta_ws/src/zeta2_edu_autonomous/zeta2_cartographer', 'symlink_install': False, 'test_result_base': None}
[0.302s] Level 5:colcon.colcon_core.verb:set package 'zeta2_navigation' build argument 'cmake_args' from command line to 'None'
[0.302s] Level 5:colcon.colcon_core.verb:set package 'zeta2_navigation' build argument 'cmake_target' from command line to 'None'
[0.302s] Level 5:colcon.colcon_core.verb:set package 'zeta2_navigation' build argument 'cmake_target_skip_unavailable' from command line to 'False'
[0.302s] Level 5:colcon.colcon_core.verb:set package 'zeta2_navigation' build argument 'cmake_clean_cache' from command line to 'False'
[0.302s] Level 5:colcon.colcon_core.verb:set package 'zeta2_navigation' build argument 'cmake_clean_first' from command line to 'False'
[0.302s] Level 5:colcon.colcon_core.verb:set package 'zeta2_navigation' build argument 'cmake_force_configure' from command line to 'False'
[0.302s] Level 5:colcon.colcon_core.verb:set package 'zeta2_navigation' build argument 'ament_cmake_args' from command line to 'None'
[0.302s] Level 5:colcon.colcon_core.verb:set package 'zeta2_navigation' build argument 'catkin_cmake_args' from command line to 'None'
[0.302s] Level 5:colcon.colcon_core.verb:set package 'zeta2_navigation' build argument 'catkin_skip_building_tests' from command line to 'False'
[0.302s] DEBUG:colcon.colcon_core.verb:Building package 'zeta2_navigation' with the following arguments: {'ament_cmake_args': None, 'build_base': '/home/jinyoung/zeta_ws/build/zeta2_navigation', 'catkin_cmake_args': None, 'catkin_skip_building_tests': False, 'cmake_args': None, 'cmake_clean_cache': False, 'cmake_clean_first': False, 'cmake_force_configure': False, 'cmake_target': None, 'cmake_target_skip_unavailable': False, 'install_base': '/home/jinyoung/zeta_ws/install/zeta2_navigation', 'merge_install': False, 'path': '/home/jinyoung/zeta_ws/src/zeta2_edu_autonomous/zeta2_navigation', 'symlink_install': False, 'test_result_base': None}
[0.302s] Level 5:colcon.colcon_core.verb:set package 'zeta2_simple_commander' build argument 'cmake_args' from command line to 'None'
[0.302s] Level 5:colcon.colcon_core.verb:set package 'zeta2_simple_commander' build argument 'cmake_target' from command line to 'None'
[0.302s] Level 5:colcon.colcon_core.verb:set package 'zeta2_simple_commander' build argument 'cmake_target_skip_unavailable' from command line to 'False'
[0.302s] Level 5:colcon.colcon_core.verb:set package 'zeta2_simple_commander' build argument 'cmake_clean_cache' from command line to 'False'
[0.302s] Level 5:colcon.colcon_core.verb:set package 'zeta2_simple_commander' build argument 'cmake_clean_first' from command line to 'False'
[0.302s] Level 5:colcon.colcon_core.verb:set package 'zeta2_simple_commander' build argument 'cmake_force_configure' from command line to 'False'
[0.302s] Level 5:colcon.colcon_core.verb:set package 'zeta2_simple_commander' build argument 'ament_cmake_args' from command line to 'None'
[0.302s] Level 5:colcon.colcon_core.verb:set package 'zeta2_simple_commander' build argument 'catkin_cmake_args' from command line to 'None'
[0.302s] Level 5:colcon.colcon_core.verb:set package 'zeta2_simple_commander' build argument 'catkin_skip_building_tests' from command line to 'False'
[0.302s] DEBUG:colcon.colcon_core.verb:Building package 'zeta2_simple_commander' with the following arguments: {'ament_cmake_args': None, 'build_base': '/home/jinyoung/zeta_ws/build/zeta2_simple_commander', 'catkin_cmake_args': None, 'catkin_skip_building_tests': False, 'cmake_args': None, 'cmake_clean_cache': False, 'cmake_clean_first': False, 'cmake_force_configure': False, 'cmake_target': None, 'cmake_target_skip_unavailable': False, 'install_base': '/home/jinyoung/zeta_ws/install/zeta2_simple_commander', 'merge_install': False, 'path': '/home/jinyoung/zeta_ws/src/zeta2_edu_autonomous/zeta2_simple_commander', 'symlink_install': False, 'test_result_base': None}
[0.303s] Level 5:colcon.colcon_core.verb:set package 'zeta2_slam_toolbox' build argument 'cmake_args' from command line to 'None'
[0.303s] Level 5:colcon.colcon_core.verb:set package 'zeta2_slam_toolbox' build argument 'cmake_target' from command line to 'None'
[0.303s] Level 5:colcon.colcon_core.verb:set package 'zeta2_slam_toolbox' build argument 'cmake_target_skip_unavailable' from command line to 'False'
[0.303s] Level 5:colcon.colcon_core.verb:set package 'zeta2_slam_toolbox' build argument 'cmake_clean_cache' from command line to 'False'
[0.303s] Level 5:colcon.colcon_core.verb:set package 'zeta2_slam_toolbox' build argument 'cmake_clean_first' from command line to 'False'
[0.303s] Level 5:colcon.colcon_core.verb:set package 'zeta2_slam_toolbox' build argument 'cmake_force_configure' from command line to 'False'
[0.303s] Level 5:colcon.colcon_core.verb:set package 'zeta2_slam_toolbox' build argument 'ament_cmake_args' from command line to 'None'
[0.303s] Level 5:colcon.colcon_core.verb:set package 'zeta2_slam_toolbox' build argument 'catkin_cmake_args' from command line to 'None'
[0.303s] Level 5:colcon.colcon_core.verb:set package 'zeta2_slam_toolbox' build argument 'catkin_skip_building_tests' from command line to 'False'
[0.303s] DEBUG:colcon.colcon_core.verb:Building package 'zeta2_slam_toolbox' with the following arguments: {'ament_cmake_args': None, 'build_base': '/home/jinyoung/zeta_ws/build/zeta2_slam_toolbox', 'catkin_cmake_args': None, 'catkin_skip_building_tests': False, 'cmake_args': None, 'cmake_clean_cache': False, 'cmake_clean_first': False, 'cmake_force_configure': False, 'cmake_target': None, 'cmake_target_skip_unavailable': False, 'install_base': '/home/jinyoung/zeta_ws/install/zeta2_slam_toolbox', 'merge_install': False, 'path': '/home/jinyoung/zeta_ws/src/zeta2_edu_autonomous/zeta2_slam_toolbox', 'symlink_install': False, 'test_result_base': None}
[0.303s] INFO:colcon.colcon_core.executor:Executing jobs using 'parallel' executor
[0.304s] DEBUG:colcon.colcon_parallel_executor.executor.parallel:run_until_complete
[0.304s] INFO:colcon.colcon_ros.task.ament_cmake.build:Building ROS package in '/home/jinyoung/zeta_ws/src/zeta2_edu_autonomous/zeta2_cartographer' with build type 'ament_cmake'
[0.304s] INFO:colcon.colcon_cmake.task.cmake.build:Building CMake package in '/home/jinyoung/zeta_ws/src/zeta2_edu_autonomous/zeta2_cartographer'
[0.306s] INFO:colcon.colcon_core.plugin_system:Skipping extension 'colcon_core.shell.bat': Not used on non-Windows systems
[0.306s] INFO:colcon.colcon_core.shell:Skip shell extension 'powershell' for command environment: Not usable outside of PowerShell
[0.306s] DEBUG:colcon.colcon_core.shell:Skip shell extension 'dsv' for command environment
[0.309s] INFO:colcon.colcon_ros.task.ament_cmake.build:Building ROS package in '/home/jinyoung/zeta_ws/src/zeta2_edu_autonomous/zeta2_navigation' with build type 'ament_cmake'
[0.309s] INFO:colcon.colcon_cmake.task.cmake.build:Building CMake package in '/home/jinyoung/zeta_ws/src/zeta2_edu_autonomous/zeta2_navigation'
[0.309s] INFO:colcon.colcon_core.shell:Skip shell extension 'powershell' for command environment: Not usable outside of PowerShell
[0.309s] DEBUG:colcon.colcon_core.shell:Skip shell extension 'dsv' for command environment
[0.311s] INFO:colcon.colcon_ros.task.ament_python.build:Building ROS package in '/home/jinyoung/zeta_ws/src/zeta2_edu_autonomous/zeta2_simple_commander' with build type 'ament_python'
[0.311s] Level 1:colcon.colcon_core.shell:create_environment_hook('zeta2_simple_commander', 'ament_prefix_path')
[0.312s] INFO:colcon.colcon_core.shell:Creating environment hook '/home/jinyoung/zeta_ws/install/zeta2_simple_commander/share/zeta2_simple_commander/hook/ament_prefix_path.ps1'
[0.312s] INFO:colcon.colcon_core.shell:Creating environment descriptor '/home/jinyoung/zeta_ws/install/zeta2_simple_commander/share/zeta2_simple_commander/hook/ament_prefix_path.dsv'
[0.312s] INFO:colcon.colcon_core.shell:Creating environment hook '/home/jinyoung/zeta_ws/install/zeta2_simple_commander/share/zeta2_simple_commander/hook/ament_prefix_path.sh'
[0.313s] INFO:colcon.colcon_core.shell:Skip shell extension 'powershell' for command environment: Not usable outside of PowerShell
[0.313s] DEBUG:colcon.colcon_core.shell:Skip shell extension 'dsv' for command environment
[0.315s] INFO:colcon.colcon_ros.task.ament_cmake.build:Building ROS package in '/home/jinyoung/zeta_ws/src/zeta2_edu_autonomous/zeta2_slam_toolbox' with build type 'ament_cmake'
[0.315s] INFO:colcon.colcon_cmake.task.cmake.build:Building CMake package in '/home/jinyoung/zeta_ws/src/zeta2_edu_autonomous/zeta2_slam_toolbox'
[0.315s] INFO:colcon.colcon_core.shell:Skip shell extension 'powershell' for command environment: Not usable outside of PowerShell
[0.315s] DEBUG:colcon.colcon_core.shell:Skip shell extension 'dsv' for command environment
[0.322s] DEBUG:colcon.colcon_core.event_handler.log_command:Invoking command in '/home/jinyoung/zeta_ws/build/zeta2_cartographer': CMAKE_PREFIX_PATH=/opt/ros/humble /usr/bin/cmake --build /home/jinyoung/zeta_ws/build/zeta2_cartographer -- -j16 -l16
[0.324s] DEBUG:colcon.colcon_core.event_handler.log_command:Invoking command in '/home/jinyoung/zeta_ws/build/zeta2_navigation': CMAKE_PREFIX_PATH=/opt/ros/humble /usr/bin/cmake --build /home/jinyoung/zeta_ws/build/zeta2_navigation -- -j16 -l16
[0.569s] INFO:colcon.colcon_core.task.python.build:Building Python package in '/home/jinyoung/zeta_ws/src/zeta2_edu_autonomous/zeta2_simple_commander'
[0.570s] INFO:colcon.colcon_core.shell:Skip shell extension 'powershell' for command environment: Not usable outside of PowerShell
[0.570s] DEBUG:colcon.colcon_core.shell:Skip shell extension 'dsv' for command environment
[0.578s] DEBUG:colcon.colcon_core.event_handler.log_command:Invoking command in '/home/jinyoung/zeta_ws/build/zeta2_slam_toolbox': CMAKE_PREFIX_PATH=/opt/ros/humble /usr/bin/cmake --build /home/jinyoung/zeta_ws/build/zeta2_slam_toolbox -- -j16 -l16
[0.579s] DEBUG:colcon.colcon_core.event_handler.log_command:Invoked command in '/home/jinyoung/zeta_ws/build/zeta2_cartographer' returned '0': CMAKE_PREFIX_PATH=/opt/ros/humble /usr/bin/cmake --build /home/jinyoung/zeta_ws/build/zeta2_cartographer -- -j16 -l16
[0.579s] DEBUG:colcon.colcon_core.event_handler.log_command:Invoked command in '/home/jinyoung/zeta_ws/build/zeta2_navigation' returned '0': CMAKE_PREFIX_PATH=/opt/ros/humble /usr/bin/cmake --build /home/jinyoung/zeta_ws/build/zeta2_navigation -- -j16 -l16
[0.605s] DEBUG:colcon.colcon_core.event_handler.log_command:Invoking command in '/home/jinyoung/zeta_ws/build/zeta2_cartographer': CMAKE_PREFIX_PATH=/opt/ros/humble /usr/bin/cmake --install /home/jinyoung/zeta_ws/build/zeta2_cartographer
[0.608s] DEBUG:colcon.colcon_core.event_handler.log_command:Invoking command in '/home/jinyoung/zeta_ws/build/zeta2_navigation': CMAKE_PREFIX_PATH=/opt/ros/humble /usr/bin/cmake --install /home/jinyoung/zeta_ws/build/zeta2_navigation
[0.616s] DEBUG:colcon.colcon_core.event_handler.log_command:Invoked command in '/home/jinyoung/zeta_ws/build/zeta2_slam_toolbox' returned '0': CMAKE_PREFIX_PATH=/opt/ros/humble /usr/bin/cmake --build /home/jinyoung/zeta_ws/build/zeta2_slam_toolbox -- -j16 -l16
[0.617s] Level 1:colcon.colcon_core.environment:create_environment_scripts_only(zeta2_cartographer)
[0.622s] DEBUG:colcon.colcon_core.event_handler.log_command:Invoked command in '/home/jinyoung/zeta_ws/build/zeta2_cartographer' returned '0': CMAKE_PREFIX_PATH=/opt/ros/humble /usr/bin/cmake --install /home/jinyoung/zeta_ws/build/zeta2_cartographer
[0.625s] Level 1:colcon.colcon_core.environment:checking '/home/jinyoung/zeta_ws/install/zeta2_cartographer' for CMake module files
[0.625s] Level 1:colcon.colcon_core.environment:checking '/home/jinyoung/zeta_ws/install/zeta2_cartographer' for CMake config files
[0.625s] Level 1:colcon.colcon_core.shell:create_environment_hook('zeta2_cartographer', 'cmake_prefix_path')
[0.626s] INFO:colcon.colcon_core.shell:Creating environment hook '/home/jinyoung/zeta_ws/install/zeta2_cartographer/share/zeta2_cartographer/hook/cmake_prefix_path.ps1'
[0.626s] INFO:colcon.colcon_core.shell:Creating environment descriptor '/home/jinyoung/zeta_ws/install/zeta2_cartographer/share/zeta2_cartographer/hook/cmake_prefix_path.dsv'
[0.626s] INFO:colcon.colcon_core.shell:Creating environment hook '/home/jinyoung/zeta_ws/install/zeta2_cartographer/share/zeta2_cartographer/hook/cmake_prefix_path.sh'
[0.627s] Level 1:colcon.colcon_core.environment:checking '/home/jinyoung/zeta_ws/install/zeta2_cartographer/bin'
[0.627s] Level 1:colcon.colcon_core.environment:checking '/home/jinyoung/zeta_ws/install/zeta2_cartographer/lib/pkgconfig/zeta2_cartographer.pc'
[0.627s] Level 1:colcon.colcon_core.environment:checking '/home/jinyoung/zeta_ws/install/zeta2_cartographer/lib/python3.10/site-packages'
[0.628s] Level 1:colcon.colcon_core.environment:checking '/home/jinyoung/zeta_ws/install/zeta2_cartographer/bin'
[0.628s] INFO:colcon.colcon_core.shell:Creating package script '/home/jinyoung/zeta_ws/install/zeta2_cartographer/share/zeta2_cartographer/package.ps1'
[0.629s] INFO:colcon.colcon_core.shell:Creating package descriptor '/home/jinyoung/zeta_ws/install/zeta2_cartographer/share/zeta2_cartographer/package.dsv'
[0.629s] INFO:colcon.colcon_core.shell:Creating package script '/home/jinyoung/zeta_ws/install/zeta2_cartographer/share/zeta2_cartographer/package.sh'
[0.630s] INFO:colcon.colcon_core.shell:Creating package script '/home/jinyoung/zeta_ws/install/zeta2_cartographer/share/zeta2_cartographer/package.bash'
[0.631s] INFO:colcon.colcon_core.shell:Creating package script '/home/jinyoung/zeta_ws/install/zeta2_cartographer/share/zeta2_cartographer/package.zsh'
[0.632s] Level 1:colcon.colcon_core.environment:create_file_with_runtime_dependencies(/home/jinyoung/zeta_ws/install/zeta2_cartographer/share/colcon-core/packages/zeta2_cartographer)
[0.635s] DEBUG:colcon.colcon_core.event_handler.log_command:Invoking command in '/home/jinyoung/zeta_ws/build/zeta2_slam_toolbox': CMAKE_PREFIX_PATH=/opt/ros/humble /usr/bin/cmake --install /home/jinyoung/zeta_ws/build/zeta2_slam_toolbox
[0.635s] Level 1:colcon.colcon_core.environment:create_environment_scripts_only(zeta2_navigation)
[0.636s] Level 1:colcon.colcon_core.environment:checking '/home/jinyoung/zeta_ws/install/zeta2_navigation' for CMake module files
[0.637s] DEBUG:colcon.colcon_core.event_handler.log_command:Invoked command in '/home/jinyoung/zeta_ws/build/zeta2_navigation' returned '0': CMAKE_PREFIX_PATH=/opt/ros/humble /usr/bin/cmake --install /home/jinyoung/zeta_ws/build/zeta2_navigation
[0.637s] Level 1:colcon.colcon_core.environment:checking '/home/jinyoung/zeta_ws/install/zeta2_navigation' for CMake config files
[0.637s] Level 1:colcon.colcon_core.shell:create_environment_hook('zeta2_navigation', 'cmake_prefix_path')
[0.637s] INFO:colcon.colcon_core.shell:Creating environment hook '/home/jinyoung/zeta_ws/install/zeta2_navigation/share/zeta2_navigation/hook/cmake_prefix_path.ps1'
[0.638s] INFO:colcon.colcon_core.shell:Creating environment descriptor '/home/jinyoung/zeta_ws/install/zeta2_navigation/share/zeta2_navigation/hook/cmake_prefix_path.dsv'
[0.638s] INFO:colcon.colcon_core.shell:Creating environment hook '/home/jinyoung/zeta_ws/install/zeta2_navigation/share/zeta2_navigation/hook/cmake_prefix_path.sh'
[0.639s] Level 1:colcon.colcon_core.environment:checking '/home/jinyoung/zeta_ws/install/zeta2_navigation/bin'
[0.639s] Level 1:colcon.colcon_core.environment:checking '/home/jinyoung/zeta_ws/install/zeta2_navigation/lib/pkgconfig/zeta2_navigation.pc'
[0.639s] Level 1:colcon.colcon_core.environment:checking '/home/jinyoung/zeta_ws/install/zeta2_navigation/lib/python3.10/site-packages'
[0.639s] Level 1:colcon.colcon_core.environment:checking '/home/jinyoung/zeta_ws/install/zeta2_navigation/bin'
[0.640s] INFO:colcon.colcon_core.shell:Creating package script '/home/jinyoung/zeta_ws/install/zeta2_navigation/share/zeta2_navigation/package.ps1'
[0.640s] INFO:colcon.colcon_core.shell:Creating package descriptor '/home/jinyoung/zeta_ws/install/zeta2_navigation/share/zeta2_navigation/package.dsv'
[0.641s] INFO:colcon.colcon_core.shell:Creating package script '/home/jinyoung/zeta_ws/install/zeta2_navigation/share/zeta2_navigation/package.sh'
[0.642s] INFO:colcon.colcon_core.shell:Creating package script '/home/jinyoung/zeta_ws/install/zeta2_navigation/share/zeta2_navigation/package.bash'
[0.642s] INFO:colcon.colcon_core.shell:Creating package script '/home/jinyoung/zeta_ws/install/zeta2_navigation/share/zeta2_navigation/package.zsh'
[0.643s] Level 1:colcon.colcon_core.environment:create_file_with_runtime_dependencies(/home/jinyoung/zeta_ws/install/zeta2_navigation/share/colcon-core/packages/zeta2_navigation)
[0.648s] Level 1:colcon.colcon_core.environment:create_environment_scripts_only(zeta2_slam_toolbox)
[0.649s] Level 1:colcon.colcon_core.environment:checking '/home/jinyoung/zeta_ws/install/zeta2_slam_toolbox' for CMake module files
[0.649s] DEBUG:colcon.colcon_core.event_handler.log_command:Invoked command in '/home/jinyoung/zeta_ws/build/zeta2_slam_toolbox' returned '0': CMAKE_PREFIX_PATH=/opt/ros/humble /usr/bin/cmake --install /home/jinyoung/zeta_ws/build/zeta2_slam_toolbox
[0.649s] Level 1:colcon.colcon_core.environment:checking '/home/jinyoung/zeta_ws/install/zeta2_slam_toolbox' for CMake config files
[0.650s] Level 1:colcon.colcon_core.shell:create_environment_hook('zeta2_slam_toolbox', 'cmake_prefix_path')
[0.650s] INFO:colcon.colcon_core.shell:Creating environment hook '/home/jinyoung/zeta_ws/install/zeta2_slam_toolbox/share/zeta2_slam_toolbox/hook/cmake_prefix_path.ps1'
[0.650s] INFO:colcon.colcon_core.shell:Creating environment descriptor '/home/jinyoung/zeta_ws/install/zeta2_slam_toolbox/share/zeta2_slam_toolbox/hook/cmake_prefix_path.dsv'
[0.651s] INFO:colcon.colcon_core.shell:Creating environment hook '/home/jinyoung/zeta_ws/install/zeta2_slam_toolbox/share/zeta2_slam_toolbox/hook/cmake_prefix_path.sh'
[0.651s] Level 1:colcon.colcon_core.environment:checking '/home/jinyoung/zeta_ws/install/zeta2_slam_toolbox/bin'
[0.651s] Level 1:colcon.colcon_core.environment:checking '/home/jinyoung/zeta_ws/install/zeta2_slam_toolbox/lib/pkgconfig/zeta2_slam_toolbox.pc'
[0.651s] Level 1:colcon.colcon_core.environment:checking '/home/jinyoung/zeta_ws/install/zeta2_slam_toolbox/lib/python3.10/site-packages'
[0.652s] Level 1:colcon.colcon_core.environment:checking '/home/jinyoung/zeta_ws/install/zeta2_slam_toolbox/bin'
[0.652s] INFO:colcon.colcon_core.shell:Creating package script '/home/jinyoung/zeta_ws/install/zeta2_slam_toolbox/share/zeta2_slam_toolbox/package.ps1'
[0.652s] INFO:colcon.colcon_core.shell:Creating package descriptor '/home/jinyoung/zeta_ws/install/zeta2_slam_toolbox/share/zeta2_slam_toolbox/package.dsv'
[0.653s] INFO:colcon.colcon_core.shell:Creating package script '/home/jinyoung/zeta_ws/install/zeta2_slam_toolbox/share/zeta2_slam_toolbox/package.sh'
[0.653s] INFO:colcon.colcon_core.shell:Creating package script '/home/jinyoung/zeta_ws/install/zeta2_slam_toolbox/share/zeta2_slam_toolbox/package.bash'
[0.653s] INFO:colcon.colcon_core.shell:Creating package script '/home/jinyoung/zeta_ws/install/zeta2_slam_toolbox/share/zeta2_slam_toolbox/package.zsh'
[0.654s] Level 1:colcon.colcon_core.environment:create_file_with_runtime_dependencies(/home/jinyoung/zeta_ws/install/zeta2_slam_toolbox/share/colcon-core/packages/zeta2_slam_toolbox)
[0.655s] Level 1:colcon.colcon_core.environment:create_environment_scripts_only(zeta2_cartographer)
[0.655s] Level 1:colcon.colcon_core.environment:checking '/home/jinyoung/zeta_ws/install/zeta2_cartographer' for CMake module files
[0.656s] Level 1:colcon.colcon_core.environment:checking '/home/jinyoung/zeta_ws/install/zeta2_cartographer' for CMake config files
[0.656s] Level 1:colcon.colcon_core.shell:create_environment_hook('zeta2_cartographer', 'cmake_prefix_path')
[0.656s] INFO:colcon.colcon_core.shell:Creating environment hook '/home/jinyoung/zeta_ws/install/zeta2_cartographer/share/zeta2_cartographer/hook/cmake_prefix_path.ps1'
[0.657s] INFO:colcon.colcon_core.shell:Creating environment descriptor '/home/jinyoung/zeta_ws/install/zeta2_cartographer/share/zeta2_cartographer/hook/cmake_prefix_path.dsv'
[0.657s] INFO:colcon.colcon_core.shell:Creating environment hook '/home/jinyoung/zeta_ws/install/zeta2_cartographer/share/zeta2_cartographer/hook/cmake_prefix_path.sh'
[0.657s] Level 1:colcon.colcon_core.environment:checking '/home/jinyoung/zeta_ws/install/zeta2_cartographer/bin'
[0.658s] Level 1:colcon.colcon_core.environment:checking '/home/jinyoung/zeta_ws/install/zeta2_cartographer/lib/pkgconfig/zeta2_cartographer.pc'
[0.658s] Level 1:colcon.colcon_core.environment:checking '/home/jinyoung/zeta_ws/install/zeta2_cartographer/lib/python3.10/site-packages'
[0.658s] Level 1:colcon.colcon_core.environment:checking '/home/jinyoung/zeta_ws/install/zeta2_cartographer/bin'
[0.658s] INFO:colcon.colcon_core.shell:Creating package script '/home/jinyoung/zeta_ws/install/zeta2_cartographer/share/zeta2_cartographer/package.ps1'
[0.659s] INFO:colcon.colcon_core.shell:Creating package descriptor '/home/jinyoung/zeta_ws/install/zeta2_cartographer/share/zeta2_cartographer/package.dsv'
[0.659s] INFO:colcon.colcon_core.shell:Creating package script '/home/jinyoung/zeta_ws/install/zeta2_cartographer/share/zeta2_cartographer/package.sh'
[0.660s] INFO:colcon.colcon_core.shell:Creating package script '/home/jinyoung/zeta_ws/install/zeta2_cartographer/share/zeta2_cartographer/package.bash'
[0.660s] INFO:colcon.colcon_core.shell:Creating package script '/home/jinyoung/zeta_ws/install/zeta2_cartographer/share/zeta2_cartographer/package.zsh'
[0.660s] Level 1:colcon.colcon_core.environment:create_file_with_runtime_dependencies(/home/jinyoung/zeta_ws/install/zeta2_cartographer/share/colcon-core/packages/zeta2_cartographer)
[0.666s] Level 1:colcon.colcon_core.environment:create_environment_scripts_only(zeta2_navigation)
[0.667s] Level 1:colcon.colcon_core.environment:checking '/home/jinyoung/zeta_ws/install/zeta2_navigation' for CMake module files
[0.667s] Level 1:colcon.colcon_core.environment:checking '/home/jinyoung/zeta_ws/install/zeta2_navigation' for CMake config files
[0.668s] Level 1:colcon.colcon_core.shell:create_environment_hook('zeta2_navigation', 'cmake_prefix_path')
[0.668s] INFO:colcon.colcon_core.shell:Creating environment hook '/home/jinyoung/zeta_ws/install/zeta2_navigation/share/zeta2_navigation/hook/cmake_prefix_path.ps1'
[0.669s] INFO:colcon.colcon_core.shell:Creating environment descriptor '/home/jinyoung/zeta_ws/install/zeta2_navigation/share/zeta2_navigation/hook/cmake_prefix_path.dsv'
[0.669s] INFO:colcon.colcon_core.shell:Creating environment hook '/home/jinyoung/zeta_ws/install/zeta2_navigation/share/zeta2_navigation/hook/cmake_prefix_path.sh'
[0.669s] Level 1:colcon.colcon_core.environment:checking '/home/jinyoung/zeta_ws/install/zeta2_navigation/bin'
[0.670s] Level 1:colcon.colcon_core.environment:checking '/home/jinyoung/zeta_ws/install/zeta2_navigation/lib/pkgconfig/zeta2_navigation.pc'
[0.670s] Level 1:colcon.colcon_core.environment:checking '/home/jinyoung/zeta_ws/install/zeta2_navigation/lib/python3.10/site-packages'
[0.670s] Level 1:colcon.colcon_core.environment:checking '/home/jinyoung/zeta_ws/install/zeta2_navigation/bin'
[0.670s] INFO:colcon.colcon_core.shell:Creating package script '/home/jinyoung/zeta_ws/install/zeta2_navigation/share/zeta2_navigation/package.ps1'
[0.671s] INFO:colcon.colcon_core.shell:Creating package descriptor '/home/jinyoung/zeta_ws/install/zeta2_navigation/share/zeta2_navigation/package.dsv'
[0.671s] INFO:colcon.colcon_core.shell:Creating package script '/home/jinyoung/zeta_ws/install/zeta2_navigation/share/zeta2_navigation/package.sh'
[0.671s] INFO:colcon.colcon_core.shell:Creating package script '/home/jinyoung/zeta_ws/install/zeta2_navigation/share/zeta2_navigation/package.bash'
[0.672s] INFO:colcon.colcon_core.shell:Creating package script '/home/jinyoung/zeta_ws/install/zeta2_navigation/share/zeta2_navigation/package.zsh'
[0.672s] Level 1:colcon.colcon_core.environment:create_file_with_runtime_dependencies(/home/jinyoung/zeta_ws/install/zeta2_navigation/share/colcon-core/packages/zeta2_navigation)
[0.674s] Level 1:colcon.colcon_core.environment:create_environment_scripts_only(zeta2_slam_toolbox)
[0.674s] Level 1:colcon.colcon_core.environment:checking '/home/jinyoung/zeta_ws/install/zeta2_slam_toolbox' for CMake module files
[0.675s] Level 1:colcon.colcon_core.environment:checking '/home/jinyoung/zeta_ws/install/zeta2_slam_toolbox' for CMake config files
[0.675s] Level 1:colcon.colcon_core.shell:create_environment_hook('zeta2_slam_toolbox', 'cmake_prefix_path')
[0.675s] INFO:colcon.colcon_core.shell:Creating environment hook '/home/jinyoung/zeta_ws/install/zeta2_slam_toolbox/share/zeta2_slam_toolbox/hook/cmake_prefix_path.ps1'
[0.676s] INFO:colcon.colcon_core.shell:Creating environment descriptor '/home/jinyoung/zeta_ws/install/zeta2_slam_toolbox/share/zeta2_slam_toolbox/hook/cmake_prefix_path.dsv'
[0.676s] INFO:colcon.colcon_core.shell:Creating environment hook '/home/jinyoung/zeta_ws/install/zeta2_slam_toolbox/share/zeta2_slam_toolbox/hook/cmake_prefix_path.sh'
[0.677s] Level 1:colcon.colcon_core.environment:checking '/home/jinyoung/zeta_ws/install/zeta2_slam_toolbox/bin'
[0.677s] Level 1:colcon.colcon_core.environment:checking '/home/jinyoung/zeta_ws/install/zeta2_slam_toolbox/lib/pkgconfig/zeta2_slam_toolbox.pc'
[0.677s] Level 1:colcon.colcon_core.environment:checking '/home/jinyoung/zeta_ws/install/zeta2_slam_toolbox/lib/python3.10/site-packages'
[0.677s] Level 1:colcon.colcon_core.environment:checking '/home/jinyoung/zeta_ws/install/zeta2_slam_toolbox/bin'
[0.677s] INFO:colcon.colcon_core.shell:Creating package script '/home/jinyoung/zeta_ws/install/zeta2_slam_toolbox/share/zeta2_slam_toolbox/package.ps1'
[0.678s] INFO:colcon.colcon_core.shell:Creating package descriptor '/home/jinyoung/zeta_ws/install/zeta2_slam_toolbox/share/zeta2_slam_toolbox/package.dsv'
[0.678s] INFO:colcon.colcon_core.shell:Creating package script '/home/jinyoung/zeta_ws/install/zeta2_slam_toolbox/share/zeta2_slam_toolbox/package.sh'
[0.679s] INFO:colcon.colcon_core.shell:Creating package script '/home/jinyoung/zeta_ws/install/zeta2_slam_toolbox/share/zeta2_slam_toolbox/package.bash'
[0.679s] INFO:colcon.colcon_core.shell:Creating package script '/home/jinyoung/zeta_ws/install/zeta2_slam_toolbox/share/zeta2_slam_toolbox/package.zsh'
[0.679s] Level 1:colcon.colcon_core.environment:create_file_with_runtime_dependencies(/home/jinyoung/zeta_ws/install/zeta2_slam_toolbox/share/colcon-core/packages/zeta2_slam_toolbox)
[0.994s] DEBUG:colcon.colcon_core.event_handler.log_command:Invoking command in '/home/jinyoung/zeta_ws/src/zeta2_edu_autonomous/zeta2_simple_commander': PYTHONPATH=/home/jinyoung/zeta_ws/build/zeta2_simple_commander/prefix_override:/usr/lib/python3/dist-packages/colcon_core/task/python/colcon_distutils_commands:/home/jinyoung/zeta_ws/install/zeta2_simple_commander/lib/python3.10/site-packages:${PYTHONPATH} /usr/bin/python3 -W ignore:setup.py install is deprecated setup.py egg_info --egg-base ../../../build/zeta2_simple_commander build --build-base /home/jinyoung/zeta_ws/build/zeta2_simple_commander/build install --record /home/jinyoung/zeta_ws/build/zeta2_simple_commander/install.log --single-version-externally-managed install_data
[1.295s] Level 1:colcon.colcon_core.environment:checking '/home/jinyoung/zeta_ws/install/zeta2_simple_commander' for CMake module files
[1.295s] DEBUG:colcon.colcon_core.event_handler.log_command:Invoked command in '/home/jinyoung/zeta_ws/src/zeta2_edu_autonomous/zeta2_simple_commander' returned '0': PYTHONPATH=/home/jinyoung/zeta_ws/build/zeta2_simple_commander/prefix_override:/usr/lib/python3/dist-packages/colcon_core/task/python/colcon_distutils_commands:/home/jinyoung/zeta_ws/install/zeta2_simple_commander/lib/python3.10/site-packages:${PYTHONPATH} /usr/bin/python3 -W ignore:setup.py install is deprecated setup.py egg_info --egg-base ../../../build/zeta2_simple_commander build --build-base /home/jinyoung/zeta_ws/build/zeta2_simple_commander/build install --record /home/jinyoung/zeta_ws/build/zeta2_simple_commander/install.log --single-version-externally-managed install_data
[1.296s] Level 1:colcon.colcon_core.environment:checking '/home/jinyoung/zeta_ws/install/zeta2_simple_commander' for CMake config files
[1.296s] Level 1:colcon.colcon_core.environment:checking '/home/jinyoung/zeta_ws/install/zeta2_simple_commander/lib'
[1.297s] Level 1:colcon.colcon_core.environment:checking '/home/jinyoung/zeta_ws/install/zeta2_simple_commander/bin'
[1.297s] Level 1:colcon.colcon_core.environment:checking '/home/jinyoung/zeta_ws/install/zeta2_simple_commander/lib/pkgconfig/zeta2_simple_commander.pc'
[1.297s] Level 1:colcon.colcon_core.environment:checking '/home/jinyoung/zeta_ws/install/zeta2_simple_commander/lib/python3.10/site-packages'
[1.297s] Level 1:colcon.colcon_core.shell:create_environment_hook('zeta2_simple_commander', 'pythonpath')
[1.297s] INFO:colcon.colcon_core.shell:Creating environment hook '/home/jinyoung/zeta_ws/install/zeta2_simple_commander/share/zeta2_simple_commander/hook/pythonpath.ps1'
[1.298s] INFO:colcon.colcon_core.shell:Creating environment descriptor '/home/jinyoung/zeta_ws/install/zeta2_simple_commander/share/zeta2_simple_commander/hook/pythonpath.dsv'
[1.298s] INFO:colcon.colcon_core.shell:Creating environment hook '/home/jinyoung/zeta_ws/install/zeta2_simple_commander/share/zeta2_simple_commander/hook/pythonpath.sh'
[1.298s] Level 1:colcon.colcon_core.environment:checking '/home/jinyoung/zeta_ws/install/zeta2_simple_commander/bin'
[1.298s] Level 1:colcon.colcon_core.environment:create_environment_scripts_only(zeta2_simple_commander)
[1.299s] INFO:colcon.colcon_core.shell:Creating package script '/home/jinyoung/zeta_ws/install/zeta2_simple_commander/share/zeta2_simple_commander/package.ps1'
[1.299s] INFO:colcon.colcon_core.shell:Creating package descriptor '/home/jinyoung/zeta_ws/install/zeta2_simple_commander/share/zeta2_simple_commander/package.dsv'
[1.299s] INFO:colcon.colcon_core.shell:Creating package script '/home/jinyoung/zeta_ws/install/zeta2_simple_commander/share/zeta2_simple_commander/package.sh'
[1.300s] INFO:colcon.colcon_core.shell:Creating package script '/home/jinyoung/zeta_ws/install/zeta2_simple_commander/share/zeta2_simple_commander/package.bash'
[1.300s] INFO:colcon.colcon_core.shell:Creating package script '/home/jinyoung/zeta_ws/install/zeta2_simple_commander/share/zeta2_simple_commander/package.zsh'
[1.300s] Level 1:colcon.colcon_core.environment:create_file_with_runtime_dependencies(/home/jinyoung/zeta_ws/install/zeta2_simple_commander/share/colcon-core/packages/zeta2_simple_commander)
[1.300s] DEBUG:colcon.colcon_parallel_executor.executor.parallel:closing loop
[1.300s] DEBUG:colcon.colcon_parallel_executor.executor.parallel:loop closed
[1.301s] DEBUG:colcon.colcon_parallel_executor.executor.parallel:run_until_complete finished with '0'
[1.301s] DEBUG:colcon.colcon_core.event_reactor:joining thread
[1.307s] INFO:colcon.colcon_core.plugin_system:Skipping extension 'colcon_notification.desktop_notification.terminal_notifier': Not used on non-Darwin systems
[1.307s] INFO:colcon.colcon_core.plugin_system:Skipping extension 'colcon_notification.desktop_notification.win32': Not used on non-Windows systems
[1.307s] INFO:colcon.colcon_notification.desktop_notification:Sending desktop notification using 'notify2'
[1.319s] DEBUG:colcon.colcon_core.event_reactor:joined thread
[1.319s] INFO:colcon.colcon_core.shell:Creating prefix script '/home/jinyoung/zeta_ws/install/local_setup.ps1'
[1.320s] INFO:colcon.colcon_core.shell:Creating prefix util module '/home/jinyoung/zeta_ws/install/_local_setup_util_ps1.py'
[1.322s] INFO:colcon.colcon_core.shell:Creating prefix chain script '/home/jinyoung/zeta_ws/install/setup.ps1'
[1.323s] INFO:colcon.colcon_core.shell:Creating prefix script '/home/jinyoung/zeta_ws/install/local_setup.sh'
[1.323s] INFO:colcon.colcon_core.shell:Creating prefix util module '/home/jinyoung/zeta_ws/install/_local_setup_util_sh.py'
[1.323s] INFO:colcon.colcon_core.shell:Creating prefix chain script '/home/jinyoung/zeta_ws/install/setup.sh'
[1.324s] INFO:colcon.colcon_core.shell:Creating prefix script '/home/jinyoung/zeta_ws/install/local_setup.bash'
[1.325s] INFO:colcon.colcon_core.shell:Creating prefix chain script '/home/jinyoung/zeta_ws/install/setup.bash'
[1.325s] INFO:colcon.colcon_core.shell:Creating prefix script '/home/jinyoung/zeta_ws/install/local_setup.zsh'
[1.326s] INFO:colcon.colcon_core.shell:Creating prefix chain script '/home/jinyoung/zeta_ws/install/setup.zsh'
