-- The C compiler identification is GNU 11.4.0
-- The CXX compiler identification is GNU 11.4.0
-- Detecting C compiler ABI info
-- Detecting C compiler ABI info - done
-- Check for working C compiler: /usr/bin/cc - skipped
-- Detecting C compile features
-- Detecting C compile features - done
-- Detecting CXX compiler ABI info
-- Detecting CXX compiler ABI info - done
-- Check for working CXX compiler: /usr/bin/c++ - skipped
-- Detecting CXX compile features
-- Detecting CXX compile features - done
-- Found ament_cmake: 1.3.9 (/opt/ros/humble/share/ament_cmake/cmake)
-- Found Python3: /usr/bin/python3 (found version "3.10.12") found components: Interpreter 
-- Configuring done
-- Generating done
-- Build files have been written to: /home/jinyoung/zeta_ws/build/zeta2_slam_toolbox
-- Install configuration: ""
-- Installing: /home/jinyoung/zeta_ws/install/zeta2_slam_toolbox/share/zeta2_slam_toolbox/config
-- Installing: /home/jinyoung/zeta_ws/install/zeta2_slam_toolbox/share/zeta2_slam_toolbox/config/mapper_params.yaml
-- Installing: /home/jinyoung/zeta_ws/install/zeta2_slam_toolbox/share/zeta2_slam_toolbox/launch
-- Installing: /home/jinyoung/zeta_ws/install/zeta2_slam_toolbox/share/zeta2_slam_toolbox/launch/zeta2_slam_toolbox.launch.py
-- Installing: /home/jinyoung/zeta_ws/install/zeta2_slam_toolbox/share/zeta2_slam_toolbox/rviz
-- Installing: /home/jinyoung/zeta_ws/install/zeta2_slam_toolbox/share/zeta2_slam_toolbox/rviz/zeta2_slam_toolbox.rviz
-- Installing: /home/jinyoung/zeta_ws/install/zeta2_slam_toolbox/share/ament_index/resource_index/package_run_dependencies/zeta2_slam_toolbox
-- Installing: /home/jinyoung/zeta_ws/install/zeta2_slam_toolbox/share/ament_index/resource_index/parent_prefix_path/zeta2_slam_toolbox
-- Installing: /home/jinyoung/zeta_ws/install/zeta2_slam_toolbox/share/zeta2_slam_toolbox/environment/ament_prefix_path.sh
-- Installing: /home/jinyoung/zeta_ws/install/zeta2_slam_toolbox/share/zeta2_slam_toolbox/environment/ament_prefix_path.dsv
-- Installing: /home/jinyoung/zeta_ws/install/zeta2_slam_toolbox/share/zeta2_slam_toolbox/environment/path.sh
-- Installing: /home/jinyoung/zeta_ws/install/zeta2_slam_toolbox/share/zeta2_slam_toolbox/environment/path.dsv
-- Installing: /home/jinyoung/zeta_ws/install/zeta2_slam_toolbox/share/zeta2_slam_toolbox/local_setup.bash
-- Installing: /home/jinyoung/zeta_ws/install/zeta2_slam_toolbox/share/zeta2_slam_toolbox/local_setup.sh
-- Installing: /home/jinyoung/zeta_ws/install/zeta2_slam_toolbox/share/zeta2_slam_toolbox/local_setup.zsh
-- Installing: /home/jinyoung/zeta_ws/install/zeta2_slam_toolbox/share/zeta2_slam_toolbox/local_setup.dsv
-- Installing: /home/jinyoung/zeta_ws/install/zeta2_slam_toolbox/share/zeta2_slam_toolbox/package.dsv
-- Installing: /home/jinyoung/zeta_ws/install/zeta2_slam_toolbox/share/ament_index/resource_index/packages/zeta2_slam_toolbox
-- Installing: /home/jinyoung/zeta_ws/install/zeta2_slam_toolbox/share/zeta2_slam_toolbox/cmake/zeta2_slam_toolboxConfig.cmake
-- Installing: /home/jinyoung/zeta_ws/install/zeta2_slam_toolbox/share/zeta2_slam_toolbox/cmake/zeta2_slam_toolboxConfig-version.cmake
-- Installing: /home/jinyoung/zeta_ws/install/zeta2_slam_toolbox/share/zeta2_slam_toolbox/package.xml
