[0.007s] Invoking command in '/home/jinyoung/zeta_ws/build/zeta2_slam_toolbox': CMAKE_PREFIX_PATH=/opt/ros/humble /usr/bin/cmake /home/jinyoung/zeta_ws/src/zeta2_edu_autonomous/zeta2_slam_toolbox -DCMAKE_INSTALL_PREFIX=/home/jinyoung/zeta_ws/install/zeta2_slam_toolbox
[0.062s] -- The C compiler identification is GNU 11.4.0
[0.112s] -- The CXX compiler identification is GNU 11.4.0
[0.118s] -- Detecting C compiler ABI info
[0.161s] -- Detecting C compiler ABI info - done
[0.166s] -- Check for working C compiler: /usr/bin/cc - skipped
[0.166s] -- Detecting C compile features
[0.166s] -- Detecting C compile features - done
[0.168s] -- Detecting CXX compiler ABI info
[0.219s] -- Detecting CXX compiler ABI info - done
[0.224s] -- Check for working CXX compiler: /usr/bin/c++ - skipped
[0.224s] -- Detecting CXX compile features
[0.225s] -- Detecting CXX compile features - done
[0.227s] -- Found ament_cmake: 1.3.9 (/opt/ros/humble/share/ament_cmake/cmake)
[0.333s] -- Found Python3: /usr/bin/python3 (found version "3.10.12") found components: Interpreter 
[0.440s] -- Configuring done
[0.441s] -- Generating done
[0.442s] -- Build files have been written to: /home/jinyoung/zeta_ws/build/zeta2_slam_toolbox
[0.445s] Invoked command in '/home/jinyoung/zeta_ws/build/zeta2_slam_toolbox' returned '0': CMAKE_PREFIX_PATH=/opt/ros/humble /usr/bin/cmake /home/jinyoung/zeta_ws/src/zeta2_edu_autonomous/zeta2_slam_toolbox -DCMAKE_INSTALL_PREFIX=/home/jinyoung/zeta_ws/install/zeta2_slam_toolbox
[0.446s] Invoking command in '/home/jinyoung/zeta_ws/build/zeta2_slam_toolbox': CMAKE_PREFIX_PATH=/opt/ros/humble /usr/bin/cmake --build /home/jinyoung/zeta_ws/build/zeta2_slam_toolbox -- -j16 -l16
[0.468s] Invoked command in '/home/jinyoung/zeta_ws/build/zeta2_slam_toolbox' returned '0': CMAKE_PREFIX_PATH=/opt/ros/humble /usr/bin/cmake --build /home/jinyoung/zeta_ws/build/zeta2_slam_toolbox -- -j16 -l16
[0.486s] Invoking command in '/home/jinyoung/zeta_ws/build/zeta2_slam_toolbox': CMAKE_PREFIX_PATH=/opt/ros/humble /usr/bin/cmake --install /home/jinyoung/zeta_ws/build/zeta2_slam_toolbox
[0.490s] -- Install configuration: ""
[0.490s] -- Installing: /home/jinyoung/zeta_ws/install/zeta2_slam_toolbox/share/zeta2_slam_toolbox/config
[0.490s] -- Installing: /home/jinyoung/zeta_ws/install/zeta2_slam_toolbox/share/zeta2_slam_toolbox/config/mapper_params.yaml
[0.490s] -- Installing: /home/jinyoung/zeta_ws/install/zeta2_slam_toolbox/share/zeta2_slam_toolbox/launch
[0.490s] -- Installing: /home/jinyoung/zeta_ws/install/zeta2_slam_toolbox/share/zeta2_slam_toolbox/launch/zeta2_slam_toolbox.launch.py
[0.490s] -- Installing: /home/jinyoung/zeta_ws/install/zeta2_slam_toolbox/share/zeta2_slam_toolbox/rviz
[0.490s] -- Installing: /home/jinyoung/zeta_ws/install/zeta2_slam_toolbox/share/zeta2_slam_toolbox/rviz/zeta2_slam_toolbox.rviz
[0.490s] -- Installing: /home/jinyoung/zeta_ws/install/zeta2_slam_toolbox/share/ament_index/resource_index/package_run_dependencies/zeta2_slam_toolbox
[0.490s] -- Installing: /home/jinyoung/zeta_ws/install/zeta2_slam_toolbox/share/ament_index/resource_index/parent_prefix_path/zeta2_slam_toolbox
[0.491s] -- Installing: /home/jinyoung/zeta_ws/install/zeta2_slam_toolbox/share/zeta2_slam_toolbox/environment/ament_prefix_path.sh
[0.491s] -- Installing: /home/jinyoung/zeta_ws/install/zeta2_slam_toolbox/share/zeta2_slam_toolbox/environment/ament_prefix_path.dsv
[0.491s] -- Installing: /home/jinyoung/zeta_ws/install/zeta2_slam_toolbox/share/zeta2_slam_toolbox/environment/path.sh
[0.491s] -- Installing: /home/jinyoung/zeta_ws/install/zeta2_slam_toolbox/share/zeta2_slam_toolbox/environment/path.dsv
[0.491s] -- Installing: /home/jinyoung/zeta_ws/install/zeta2_slam_toolbox/share/zeta2_slam_toolbox/local_setup.bash
[0.491s] -- Installing: /home/jinyoung/zeta_ws/install/zeta2_slam_toolbox/share/zeta2_slam_toolbox/local_setup.sh
[0.491s] -- Installing: /home/jinyoung/zeta_ws/install/zeta2_slam_toolbox/share/zeta2_slam_toolbox/local_setup.zsh
[0.491s] -- Installing: /home/jinyoung/zeta_ws/install/zeta2_slam_toolbox/share/zeta2_slam_toolbox/local_setup.dsv
[0.491s] -- Installing: /home/jinyoung/zeta_ws/install/zeta2_slam_toolbox/share/zeta2_slam_toolbox/package.dsv
[0.491s] -- Installing: /home/jinyoung/zeta_ws/install/zeta2_slam_toolbox/share/ament_index/resource_index/packages/zeta2_slam_toolbox
[0.492s] -- Installing: /home/jinyoung/zeta_ws/install/zeta2_slam_toolbox/share/zeta2_slam_toolbox/cmake/zeta2_slam_toolboxConfig.cmake
[0.492s] -- Installing: /home/jinyoung/zeta_ws/install/zeta2_slam_toolbox/share/zeta2_slam_toolbox/cmake/zeta2_slam_toolboxConfig-version.cmake
[0.492s] -- Installing: /home/jinyoung/zeta_ws/install/zeta2_slam_toolbox/share/zeta2_slam_toolbox/package.xml
[0.496s] Invoked command in '/home/jinyoung/zeta_ws/build/zeta2_slam_toolbox' returned '0': CMAKE_PREFIX_PATH=/opt/ros/humble /usr/bin/cmake --install /home/jinyoung/zeta_ws/build/zeta2_slam_toolbox
