[0.012s] Invoking command in '/home/jinyoung/zeta_ws/build/zeta2_navigation': CMAKE_PREFIX_PATH=${CMAKE_PREFIX_PATH}:/home/jinyoung/zeta_ws/install/zeta2_simple_commander:/opt/ros/humble /usr/bin/cmake --build /home/jinyoung/zeta_ws/build/zeta2_navigation -- -j16 -l16
[0.170s] Invoked command in '/home/jinyoung/zeta_ws/build/zeta2_navigation' returned '0': CMAKE_PREFIX_PATH=${CMAKE_PREFIX_PATH}:/home/jinyoung/zeta_ws/install/zeta2_simple_commander:/opt/ros/humble /usr/bin/cmake --build /home/jinyoung/zeta_ws/build/zeta2_navigation -- -j16 -l16
[0.191s] Invoking command in '/home/jinyoung/zeta_ws/build/zeta2_navigation': CMAKE_PREFIX_PATH=${CMAKE_PREFIX_PATH}:/home/jinyoung/zeta_ws/install/zeta2_simple_commander:/opt/ros/humble /usr/bin/cmake --install /home/jinyoung/zeta_ws/build/zeta2_navigation
[0.199s] -- Install configuration: ""
[0.199s] -- Up-to-date: /home/jinyoung/zeta_ws/install/zeta2_navigation/share/zeta2_navigation/params
[0.199s] -- Up-to-date: /home/jinyoung/zeta_ws/install/zeta2_navigation/share/zeta2_navigation/params/zeta_smac_2d.yaml
[0.200s] -- Up-to-date: /home/jinyoung/zeta_ws/install/zeta2_navigation/share/zeta2_navigation/params/zeta_rotation_shim.yaml
[0.200s] -- Up-to-date: /home/jinyoung/zeta_ws/install/zeta2_navigation/share/zeta2_navigation/params/zeta_mppi.yaml
[0.200s] -- Up-to-date: /home/jinyoung/zeta_ws/install/zeta2_navigation/share/zeta2_navigation/params/zeta_theta.yaml
[0.200s] -- Up-to-date: /home/jinyoung/zeta_ws/install/zeta2_navigation/share/zeta2_navigation/params/zeta_graceful.yaml
[0.200s] -- Up-to-date: /home/jinyoung/zeta_ws/install/zeta2_navigation/share/zeta2_navigation/params/zeta_smoother.yaml
[0.201s] -- Up-to-date: /home/jinyoung/zeta_ws/install/zeta2_navigation/share/zeta2_navigation/params/zeta_regulated_pp.yaml
[0.201s] -- Up-to-date: /home/jinyoung/zeta_ws/install/zeta2_navigation/share/zeta2_navigation/params/zeta_nomal.yaml
[0.201s] -- Up-to-date: /home/jinyoung/zeta_ws/install/zeta2_navigation/share/zeta2_navigation/launch
[0.201s] -- Up-to-date: /home/jinyoung/zeta_ws/install/zeta2_navigation/share/zeta2_navigation/launch/zeta2_navigation_theta.launch.py
[0.201s] -- Up-to-date: /home/jinyoung/zeta_ws/install/zeta2_navigation/share/zeta2_navigation/launch/zeta2_navigation_graceful.launch.py
[0.202s] -- Up-to-date: /home/jinyoung/zeta_ws/install/zeta2_navigation/share/zeta2_navigation/launch/zeta2_navigation_rotation_shim.launch.py
[0.202s] -- Up-to-date: /home/jinyoung/zeta_ws/install/zeta2_navigation/share/zeta2_navigation/launch/zeta2_navigation_smoother.py
[0.202s] -- Up-to-date: /home/jinyoung/zeta_ws/install/zeta2_navigation/share/zeta2_navigation/launch/zeta2_navigation_mppi.launch.py
[0.202s] -- Up-to-date: /home/jinyoung/zeta_ws/install/zeta2_navigation/share/zeta2_navigation/launch/zeta2_navigation_regulated_pp.launch.py
[0.202s] -- Up-to-date: /home/jinyoung/zeta_ws/install/zeta2_navigation/share/zeta2_navigation/launch/zeta2_navigation_smac_2d.launch.py
[0.202s] -- Up-to-date: /home/jinyoung/zeta_ws/install/zeta2_navigation/share/zeta2_navigation/launch/zeta2_navigation.launch.py
[0.202s] -- Up-to-date: /home/jinyoung/zeta_ws/install/zeta2_navigation/share/zeta2_navigation/rviz
[0.202s] -- Installing: /home/jinyoung/zeta_ws/install/zeta2_navigation/share/zeta2_navigation/rviz/nav2.rviz
[0.202s] -- Up-to-date: /home/jinyoung/zeta_ws/install/zeta2_navigation/share/zeta2_navigation/maps
[0.202s] -- Up-to-date: /home/jinyoung/zeta_ws/install/zeta2_navigation/share/zeta2_navigation/maps/slam_toolbox_handong.pgm
[0.202s] -- Up-to-date: /home/jinyoung/zeta_ws/install/zeta2_navigation/share/zeta2_navigation/maps/school
[0.202s] -- Up-to-date: /home/jinyoung/zeta_ws/install/zeta2_navigation/share/zeta2_navigation/maps/school/slam_toolbox_handong.pgm
[0.202s] -- Up-to-date: /home/jinyoung/zeta_ws/install/zeta2_navigation/share/zeta2_navigation/maps/school/slam_toolbox_handong3.yaml
[0.203s] -- Up-to-date: /home/jinyoung/zeta_ws/install/zeta2_navigation/share/zeta2_navigation/maps/school/slam_toolbox_handong3.pgm
[0.203s] -- Up-to-date: /home/jinyoung/zeta_ws/install/zeta2_navigation/share/zeta2_navigation/maps/school/slam_toolbox_handong.yaml
[0.203s] -- Up-to-date: /home/jinyoung/zeta_ws/install/zeta2_navigation/share/zeta2_navigation/maps/cartographer
[0.203s] -- Up-to-date: /home/jinyoung/zeta_ws/install/zeta2_navigation/share/zeta2_navigation/maps/cartographer/carto_seongsu.pgm
[0.203s] -- Up-to-date: /home/jinyoung/zeta_ws/install/zeta2_navigation/share/zeta2_navigation/maps/cartographer/carto_seongsu.yaml
[0.203s] -- Up-to-date: /home/jinyoung/zeta_ws/install/zeta2_navigation/share/zeta2_navigation/maps/slam_toolbox
[0.204s] -- Up-to-date: /home/jinyoung/zeta_ws/install/zeta2_navigation/share/zeta2_navigation/maps/slam_toolbox/slam_toolbox_seongsu.yaml
[0.204s] -- Up-to-date: /home/jinyoung/zeta_ws/install/zeta2_navigation/share/zeta2_navigation/maps/slam_toolbox/slam_toolbox_seongsu.pgm
[0.204s] -- Up-to-date: /home/jinyoung/zeta_ws/install/zeta2_navigation/share/zeta2_navigation/maps/slam_toolbox_handong.yaml
[0.204s] -- Up-to-date: /home/jinyoung/zeta_ws/install/zeta2_navigation/share/ament_index/resource_index/package_run_dependencies/zeta2_navigation
[0.204s] -- Up-to-date: /home/jinyoung/zeta_ws/install/zeta2_navigation/share/ament_index/resource_index/parent_prefix_path/zeta2_navigation
[0.204s] -- Up-to-date: /home/jinyoung/zeta_ws/install/zeta2_navigation/share/zeta2_navigation/environment/ament_prefix_path.sh
[0.205s] -- Up-to-date: /home/jinyoung/zeta_ws/install/zeta2_navigation/share/zeta2_navigation/environment/ament_prefix_path.dsv
[0.205s] -- Up-to-date: /home/jinyoung/zeta_ws/install/zeta2_navigation/share/zeta2_navigation/environment/path.sh
[0.205s] -- Up-to-date: /home/jinyoung/zeta_ws/install/zeta2_navigation/share/zeta2_navigation/environment/path.dsv
[0.205s] -- Up-to-date: /home/jinyoung/zeta_ws/install/zeta2_navigation/share/zeta2_navigation/local_setup.bash
[0.206s] -- Up-to-date: /home/jinyoung/zeta_ws/install/zeta2_navigation/share/zeta2_navigation/local_setup.sh
[0.206s] -- Up-to-date: /home/jinyoung/zeta_ws/install/zeta2_navigation/share/zeta2_navigation/local_setup.zsh
[0.206s] -- Up-to-date: /home/jinyoung/zeta_ws/install/zeta2_navigation/share/zeta2_navigation/local_setup.dsv
[0.207s] -- Installing: /home/jinyoung/zeta_ws/install/zeta2_navigation/share/zeta2_navigation/package.dsv
[0.207s] -- Up-to-date: /home/jinyoung/zeta_ws/install/zeta2_navigation/share/ament_index/resource_index/packages/zeta2_navigation
[0.207s] -- Up-to-date: /home/jinyoung/zeta_ws/install/zeta2_navigation/share/zeta2_navigation/cmake/zeta2_navigationConfig.cmake
[0.207s] -- Up-to-date: /home/jinyoung/zeta_ws/install/zeta2_navigation/share/zeta2_navigation/cmake/zeta2_navigationConfig-version.cmake
[0.207s] -- Up-to-date: /home/jinyoung/zeta_ws/install/zeta2_navigation/share/zeta2_navigation/package.xml
[0.216s] Invoked command in '/home/jinyoung/zeta_ws/build/zeta2_navigation' returned '0': CMAKE_PREFIX_PATH=${CMAKE_PREFIX_PATH}:/home/jinyoung/zeta_ws/install/zeta2_simple_commander:/opt/ros/humble /usr/bin/cmake --install /home/jinyoung/zeta_ws/build/zeta2_navigation
