[0.065s] DEBUG:colcon:Command line arguments: ['/usr/bin/colcon', 'build']
[0.065s] DEBUG:colcon:Parsed command line arguments: Namespace(log_base=None, log_level=None, verb_name='build', build_base='build', install_base='install', merge_install=False, symlink_install=False, test_result_base=None, continue_on_error=False, executor='parallel', parallel_workers=16, event_handlers=None, ignore_user_meta=False, metas=['./colcon.meta'], base_paths=['.'], packages_ignore=None, packages_ignore_regex=None, paths=None, packages_up_to=None, packages_up_to_regex=None, packages_above=None, packages_above_and_dependencies=None, packages_above_depth=None, packages_select_by_dep=None, packages_skip_by_dep=None, packages_skip_up_to=None, packages_select_build_failed=False, packages_skip_build_finished=False, packages_select_test_failures=False, packages_skip_test_passed=False, packages_select=None, packages_skip=None, packages_select_regex=None, packages_skip_regex=None, packages_start=None, packages_end=None, allow_overriding=[], cmake_args=None, cmake_target=None, cmake_target_skip_unavailable=False, cmake_clean_cache=False, cmake_clean_first=False, cmake_force_configure=False, ament_cmake_args=None, catkin_cmake_args=None, catkin_skip_building_tests=False, mixin_files=None, mixin=None, verb_parser=<colcon_mixin.mixin.mixin_argument.MixinArgumentDecorator object at 0x78db84d3f850>, verb_extension=<colcon_core.verb.build.BuildVerb object at 0x78db84e5be80>, main=<bound method BuildVerb.main of <colcon_core.verb.build.BuildVerb object at 0x78db84e5be80>>, mixin_verb=('build',))
[0.158s] Level 1:colcon.colcon_core.package_discovery:discover_packages(colcon_meta) check parameters
[0.158s] Level 1:colcon.colcon_core.package_discovery:discover_packages(recursive) check parameters
[0.158s] Level 1:colcon.colcon_core.package_discovery:discover_packages(ignore) check parameters
[0.158s] Level 1:colcon.colcon_core.package_discovery:discover_packages(path) check parameters
[0.158s] Level 1:colcon.colcon_core.package_discovery:discover_packages(colcon_meta) discover
[0.158s] Level 1:colcon.colcon_core.package_discovery:discover_packages(recursive) discover
[0.158s] INFO:colcon.colcon_core.package_discovery:Crawling recursively for packages in '/home/jinyoung/zeta_ws'
[0.158s] Level 1:colcon.colcon_core.package_identification:_identify(.) by extensions ['ignore', 'ignore_ament_install']
[0.158s] Level 1:colcon.colcon_core.package_identification:_identify(.) by extension 'ignore'
[0.158s] Level 1:colcon.colcon_core.package_identification:_identify(.) by extension 'ignore_ament_install'
[0.158s] Level 1:colcon.colcon_core.package_identification:_identify(.) by extensions ['colcon_pkg']
[0.158s] Level 1:colcon.colcon_core.package_identification:_identify(.) by extension 'colcon_pkg'
[0.158s] Level 1:colcon.colcon_core.package_identification:_identify(.) by extensions ['colcon_meta']
[0.158s] Level 1:colcon.colcon_core.package_identification:_identify(.) by extension 'colcon_meta'
[0.158s] Level 1:colcon.colcon_core.package_identification:_identify(.) by extensions ['ros']
[0.158s] Level 1:colcon.colcon_core.package_identification:_identify(.) by extension 'ros'
[0.165s] Level 1:colcon.colcon_core.package_identification:_identify(.) by extensions ['cmake', 'python']
[0.165s] Level 1:colcon.colcon_core.package_identification:_identify(.) by extension 'cmake'
[0.165s] Level 1:colcon.colcon_core.package_identification:_identify(.) by extension 'python'
[0.165s] Level 1:colcon.colcon_core.package_identification:_identify(.) by extensions ['python_setup_py']
[0.165s] Level 1:colcon.colcon_core.package_identification:_identify(.) by extension 'python_setup_py'
[0.165s] Level 1:colcon.colcon_core.package_identification:_identify(build) by extensions ['ignore', 'ignore_ament_install']
[0.165s] Level 1:colcon.colcon_core.package_identification:_identify(build) by extension 'ignore'
[0.165s] Level 1:colcon.colcon_core.package_identification:_identify(build) ignored
[0.165s] Level 1:colcon.colcon_core.package_identification:_identify(install) by extensions ['ignore', 'ignore_ament_install']
[0.166s] Level 1:colcon.colcon_core.package_identification:_identify(install) by extension 'ignore'
[0.166s] Level 1:colcon.colcon_core.package_identification:_identify(install) ignored
[0.166s] Level 1:colcon.colcon_core.package_identification:_identify(log) by extensions ['ignore', 'ignore_ament_install']
[0.166s] Level 1:colcon.colcon_core.package_identification:_identify(log) by extension 'ignore'
[0.166s] Level 1:colcon.colcon_core.package_identification:_identify(log) ignored
[0.166s] Level 1:colcon.colcon_core.package_identification:_identify(src) by extensions ['ignore', 'ignore_ament_install']
[0.166s] Level 1:colcon.colcon_core.package_identification:_identify(src) by extension 'ignore'
[0.166s] Level 1:colcon.colcon_core.package_identification:_identify(src) by extension 'ignore_ament_install'
[0.166s] Level 1:colcon.colcon_core.package_identification:_identify(src) by extensions ['colcon_pkg']
[0.166s] Level 1:colcon.colcon_core.package_identification:_identify(src) by extension 'colcon_pkg'
[0.166s] Level 1:colcon.colcon_core.package_identification:_identify(src) by extensions ['colcon_meta']
[0.166s] Level 1:colcon.colcon_core.package_identification:_identify(src) by extension 'colcon_meta'
[0.166s] Level 1:colcon.colcon_core.package_identification:_identify(src) by extensions ['ros']
[0.166s] Level 1:colcon.colcon_core.package_identification:_identify(src) by extension 'ros'
[0.166s] Level 1:colcon.colcon_core.package_identification:_identify(src) by extensions ['cmake', 'python']
[0.166s] Level 1:colcon.colcon_core.package_identification:_identify(src) by extension 'cmake'
[0.166s] Level 1:colcon.colcon_core.package_identification:_identify(src) by extension 'python'
[0.166s] Level 1:colcon.colcon_core.package_identification:_identify(src) by extensions ['python_setup_py']
[0.166s] Level 1:colcon.colcon_core.package_identification:_identify(src) by extension 'python_setup_py'
[0.166s] Level 1:colcon.colcon_core.package_identification:_identify(src/zeta2_edu_autonomous) by extensions ['ignore', 'ignore_ament_install']
[0.166s] Level 1:colcon.colcon_core.package_identification:_identify(src/zeta2_edu_autonomous) by extension 'ignore'
[0.166s] Level 1:colcon.colcon_core.package_identification:_identify(src/zeta2_edu_autonomous) by extension 'ignore_ament_install'
[0.166s] Level 1:colcon.colcon_core.package_identification:_identify(src/zeta2_edu_autonomous) by extensions ['colcon_pkg']
[0.166s] Level 1:colcon.colcon_core.package_identification:_identify(src/zeta2_edu_autonomous) by extension 'colcon_pkg'
[0.166s] Level 1:colcon.colcon_core.package_identification:_identify(src/zeta2_edu_autonomous) by extensions ['colcon_meta']
[0.166s] Level 1:colcon.colcon_core.package_identification:_identify(src/zeta2_edu_autonomous) by extension 'colcon_meta'
[0.166s] Level 1:colcon.colcon_core.package_identification:_identify(src/zeta2_edu_autonomous) by extensions ['ros']
[0.166s] Level 1:colcon.colcon_core.package_identification:_identify(src/zeta2_edu_autonomous) by extension 'ros'
[0.166s] Level 1:colcon.colcon_core.package_identification:_identify(src/zeta2_edu_autonomous) by extensions ['cmake', 'python']
[0.166s] Level 1:colcon.colcon_core.package_identification:_identify(src/zeta2_edu_autonomous) by extension 'cmake'
[0.166s] Level 1:colcon.colcon_core.package_identification:_identify(src/zeta2_edu_autonomous) by extension 'python'
[0.166s] Level 1:colcon.colcon_core.package_identification:_identify(src/zeta2_edu_autonomous) by extensions ['python_setup_py']
[0.166s] Level 1:colcon.colcon_core.package_identification:_identify(src/zeta2_edu_autonomous) by extension 'python_setup_py'
[0.166s] Level 1:colcon.colcon_core.package_identification:_identify(src/zeta2_edu_autonomous/_photo) by extensions ['ignore', 'ignore_ament_install']
[0.166s] Level 1:colcon.colcon_core.package_identification:_identify(src/zeta2_edu_autonomous/_photo) by extension 'ignore'
[0.167s] Level 1:colcon.colcon_core.package_identification:_identify(src/zeta2_edu_autonomous/_photo) by extension 'ignore_ament_install'
[0.167s] Level 1:colcon.colcon_core.package_identification:_identify(src/zeta2_edu_autonomous/_photo) by extensions ['colcon_pkg']
[0.167s] Level 1:colcon.colcon_core.package_identification:_identify(src/zeta2_edu_autonomous/_photo) by extension 'colcon_pkg'
[0.167s] Level 1:colcon.colcon_core.package_identification:_identify(src/zeta2_edu_autonomous/_photo) by extensions ['colcon_meta']
[0.167s] Level 1:colcon.colcon_core.package_identification:_identify(src/zeta2_edu_autonomous/_photo) by extension 'colcon_meta'
[0.167s] Level 1:colcon.colcon_core.package_identification:_identify(src/zeta2_edu_autonomous/_photo) by extensions ['ros']
[0.167s] Level 1:colcon.colcon_core.package_identification:_identify(src/zeta2_edu_autonomous/_photo) by extension 'ros'
[0.167s] Level 1:colcon.colcon_core.package_identification:_identify(src/zeta2_edu_autonomous/_photo) by extensions ['cmake', 'python']
[0.167s] Level 1:colcon.colcon_core.package_identification:_identify(src/zeta2_edu_autonomous/_photo) by extension 'cmake'
[0.167s] Level 1:colcon.colcon_core.package_identification:_identify(src/zeta2_edu_autonomous/_photo) by extension 'python'
[0.167s] Level 1:colcon.colcon_core.package_identification:_identify(src/zeta2_edu_autonomous/_photo) by extensions ['python_setup_py']
[0.167s] Level 1:colcon.colcon_core.package_identification:_identify(src/zeta2_edu_autonomous/_photo) by extension 'python_setup_py'
[0.167s] Level 1:colcon.colcon_core.package_identification:_identify(src/zeta2_edu_autonomous/scripts) by extensions ['ignore', 'ignore_ament_install']
[0.167s] Level 1:colcon.colcon_core.package_identification:_identify(src/zeta2_edu_autonomous/scripts) by extension 'ignore'
[0.167s] Level 1:colcon.colcon_core.package_identification:_identify(src/zeta2_edu_autonomous/scripts) by extension 'ignore_ament_install'
[0.167s] Level 1:colcon.colcon_core.package_identification:_identify(src/zeta2_edu_autonomous/scripts) by extensions ['colcon_pkg']
[0.167s] Level 1:colcon.colcon_core.package_identification:_identify(src/zeta2_edu_autonomous/scripts) by extension 'colcon_pkg'
[0.167s] Level 1:colcon.colcon_core.package_identification:_identify(src/zeta2_edu_autonomous/scripts) by extensions ['colcon_meta']
[0.167s] Level 1:colcon.colcon_core.package_identification:_identify(src/zeta2_edu_autonomous/scripts) by extension 'colcon_meta'
[0.167s] Level 1:colcon.colcon_core.package_identification:_identify(src/zeta2_edu_autonomous/scripts) by extensions ['ros']
[0.167s] Level 1:colcon.colcon_core.package_identification:_identify(src/zeta2_edu_autonomous/scripts) by extension 'ros'
[0.167s] Level 1:colcon.colcon_core.package_identification:_identify(src/zeta2_edu_autonomous/scripts) by extensions ['cmake', 'python']
[0.167s] Level 1:colcon.colcon_core.package_identification:_identify(src/zeta2_edu_autonomous/scripts) by extension 'cmake'
[0.167s] Level 1:colcon.colcon_core.package_identification:_identify(src/zeta2_edu_autonomous/scripts) by extension 'python'
[0.167s] Level 1:colcon.colcon_core.package_identification:_identify(src/zeta2_edu_autonomous/scripts) by extensions ['python_setup_py']
[0.167s] Level 1:colcon.colcon_core.package_identification:_identify(src/zeta2_edu_autonomous/scripts) by extension 'python_setup_py'
[0.167s] Level 1:colcon.colcon_core.package_identification:_identify(src/zeta2_edu_autonomous/zeta2_cartographer) by extensions ['ignore', 'ignore_ament_install']
[0.167s] Level 1:colcon.colcon_core.package_identification:_identify(src/zeta2_edu_autonomous/zeta2_cartographer) by extension 'ignore'
[0.167s] Level 1:colcon.colcon_core.package_identification:_identify(src/zeta2_edu_autonomous/zeta2_cartographer) by extension 'ignore_ament_install'
[0.167s] Level 1:colcon.colcon_core.package_identification:_identify(src/zeta2_edu_autonomous/zeta2_cartographer) by extensions ['colcon_pkg']
[0.167s] Level 1:colcon.colcon_core.package_identification:_identify(src/zeta2_edu_autonomous/zeta2_cartographer) by extension 'colcon_pkg'
[0.167s] Level 1:colcon.colcon_core.package_identification:_identify(src/zeta2_edu_autonomous/zeta2_cartographer) by extensions ['colcon_meta']
[0.167s] Level 1:colcon.colcon_core.package_identification:_identify(src/zeta2_edu_autonomous/zeta2_cartographer) by extension 'colcon_meta'
[0.167s] Level 1:colcon.colcon_core.package_identification:_identify(src/zeta2_edu_autonomous/zeta2_cartographer) by extensions ['ros']
[0.167s] Level 1:colcon.colcon_core.package_identification:_identify(src/zeta2_edu_autonomous/zeta2_cartographer) by extension 'ros'
[0.169s] DEBUG:colcon.colcon_core.package_identification:Package 'src/zeta2_edu_autonomous/zeta2_cartographer' with type 'ros.ament_cmake' and name 'zeta2_cartographer'
[0.169s] Level 1:colcon.colcon_core.package_identification:_identify(src/zeta2_edu_autonomous/zeta2_navigation) by extensions ['ignore', 'ignore_ament_install']
[0.169s] Level 1:colcon.colcon_core.package_identification:_identify(src/zeta2_edu_autonomous/zeta2_navigation) by extension 'ignore'
[0.169s] Level 1:colcon.colcon_core.package_identification:_identify(src/zeta2_edu_autonomous/zeta2_navigation) by extension 'ignore_ament_install'
[0.169s] Level 1:colcon.colcon_core.package_identification:_identify(src/zeta2_edu_autonomous/zeta2_navigation) by extensions ['colcon_pkg']
[0.169s] Level 1:colcon.colcon_core.package_identification:_identify(src/zeta2_edu_autonomous/zeta2_navigation) by extension 'colcon_pkg'
[0.169s] Level 1:colcon.colcon_core.package_identification:_identify(src/zeta2_edu_autonomous/zeta2_navigation) by extensions ['colcon_meta']
[0.169s] Level 1:colcon.colcon_core.package_identification:_identify(src/zeta2_edu_autonomous/zeta2_navigation) by extension 'colcon_meta'
[0.169s] Level 1:colcon.colcon_core.package_identification:_identify(src/zeta2_edu_autonomous/zeta2_navigation) by extensions ['ros']
[0.169s] Level 1:colcon.colcon_core.package_identification:_identify(src/zeta2_edu_autonomous/zeta2_navigation) by extension 'ros'
[0.170s] DEBUG:colcon.colcon_core.package_identification:Package 'src/zeta2_edu_autonomous/zeta2_navigation' with type 'ros.ament_cmake' and name 'zeta2_navigation'
[0.170s] Level 1:colcon.colcon_core.package_identification:_identify(src/zeta2_edu_autonomous/zeta2_simple_commander) by extensions ['ignore', 'ignore_ament_install']
[0.170s] Level 1:colcon.colcon_core.package_identification:_identify(src/zeta2_edu_autonomous/zeta2_simple_commander) by extension 'ignore'
[0.170s] Level 1:colcon.colcon_core.package_identification:_identify(src/zeta2_edu_autonomous/zeta2_simple_commander) by extension 'ignore_ament_install'
[0.170s] Level 1:colcon.colcon_core.package_identification:_identify(src/zeta2_edu_autonomous/zeta2_simple_commander) by extensions ['colcon_pkg']
[0.170s] Level 1:colcon.colcon_core.package_identification:_identify(src/zeta2_edu_autonomous/zeta2_simple_commander) by extension 'colcon_pkg'
[0.170s] Level 1:colcon.colcon_core.package_identification:_identify(src/zeta2_edu_autonomous/zeta2_simple_commander) by extensions ['colcon_meta']
[0.170s] Level 1:colcon.colcon_core.package_identification:_identify(src/zeta2_edu_autonomous/zeta2_simple_commander) by extension 'colcon_meta'
[0.170s] Level 1:colcon.colcon_core.package_identification:_identify(src/zeta2_edu_autonomous/zeta2_simple_commander) by extensions ['ros']
[0.170s] Level 1:colcon.colcon_core.package_identification:_identify(src/zeta2_edu_autonomous/zeta2_simple_commander) by extension 'ros'
[0.170s] DEBUG:colcon.colcon_core.package_identification:Package 'src/zeta2_edu_autonomous/zeta2_simple_commander' with type 'ros.ament_python' and name 'zeta2_simple_commander'
[0.170s] Level 1:colcon.colcon_core.package_identification:_identify(src/zeta2_edu_autonomous/zeta2_slam_toolbox) by extensions ['ignore', 'ignore_ament_install']
[0.170s] Level 1:colcon.colcon_core.package_identification:_identify(src/zeta2_edu_autonomous/zeta2_slam_toolbox) by extension 'ignore'
[0.170s] Level 1:colcon.colcon_core.package_identification:_identify(src/zeta2_edu_autonomous/zeta2_slam_toolbox) by extension 'ignore_ament_install'
[0.170s] Level 1:colcon.colcon_core.package_identification:_identify(src/zeta2_edu_autonomous/zeta2_slam_toolbox) by extensions ['colcon_pkg']
[0.170s] Level 1:colcon.colcon_core.package_identification:_identify(src/zeta2_edu_autonomous/zeta2_slam_toolbox) by extension 'colcon_pkg'
[0.170s] Level 1:colcon.colcon_core.package_identification:_identify(src/zeta2_edu_autonomous/zeta2_slam_toolbox) by extensions ['colcon_meta']
[0.171s] Level 1:colcon.colcon_core.package_identification:_identify(src/zeta2_edu_autonomous/zeta2_slam_toolbox) by extension 'colcon_meta'
[0.171s] Level 1:colcon.colcon_core.package_identification:_identify(src/zeta2_edu_autonomous/zeta2_slam_toolbox) by extensions ['ros']
[0.171s] Level 1:colcon.colcon_core.package_identification:_identify(src/zeta2_edu_autonomous/zeta2_slam_toolbox) by extension 'ros'
[0.171s] DEBUG:colcon.colcon_core.package_identification:Package 'src/zeta2_edu_autonomous/zeta2_slam_toolbox' with type 'ros.ament_cmake' and name 'zeta2_slam_toolbox'
[0.171s] Level 1:colcon.colcon_core.package_discovery:discover_packages(recursive) using defaults
[0.171s] Level 1:colcon.colcon_core.package_discovery:discover_packages(ignore) discover
[0.171s] Level 1:colcon.colcon_core.package_discovery:discover_packages(ignore) using defaults
[0.171s] Level 1:colcon.colcon_core.package_discovery:discover_packages(path) discover
[0.171s] Level 1:colcon.colcon_core.package_discovery:discover_packages(path) using defaults
[0.190s] Level 1:colcon.colcon_core.package_discovery:discover_packages(prefix_path) check parameters
[0.190s] Level 1:colcon.colcon_core.package_discovery:discover_packages(prefix_path) discover
[0.192s] DEBUG:colcon.colcon_installed_package_information.package_discovery:Found 406 installed packages in /opt/ros/humble
[0.193s] Level 1:colcon.colcon_core.package_discovery:discover_packages(prefix_path) using defaults
[0.219s] Level 5:colcon.colcon_core.verb:set package 'zeta2_cartographer' build argument 'cmake_args' from command line to 'None'
[0.219s] Level 5:colcon.colcon_core.verb:set package 'zeta2_cartographer' build argument 'cmake_target' from command line to 'None'
[0.219s] Level 5:colcon.colcon_core.verb:set package 'zeta2_cartographer' build argument 'cmake_target_skip_unavailable' from command line to 'False'
[0.219s] Level 5:colcon.colcon_core.verb:set package 'zeta2_cartographer' build argument 'cmake_clean_cache' from command line to 'False'
[0.219s] Level 5:colcon.colcon_core.verb:set package 'zeta2_cartographer' build argument 'cmake_clean_first' from command line to 'False'
[0.219s] Level 5:colcon.colcon_core.verb:set package 'zeta2_cartographer' build argument 'cmake_force_configure' from command line to 'False'
[0.219s] Level 5:colcon.colcon_core.verb:set package 'zeta2_cartographer' build argument 'ament_cmake_args' from command line to 'None'
[0.219s] Level 5:colcon.colcon_core.verb:set package 'zeta2_cartographer' build argument 'catkin_cmake_args' from command line to 'None'
[0.219s] Level 5:colcon.colcon_core.verb:set package 'zeta2_cartographer' build argument 'catkin_skip_building_tests' from command line to 'False'
[0.219s] DEBUG:colcon.colcon_core.verb:Building package 'zeta2_cartographer' with the following arguments: {'ament_cmake_args': None, 'build_base': '/home/jinyoung/zeta_ws/build/zeta2_cartographer', 'catkin_cmake_args': None, 'catkin_skip_building_tests': False, 'cmake_args': None, 'cmake_clean_cache': False, 'cmake_clean_first': False, 'cmake_force_configure': False, 'cmake_target': None, 'cmake_target_skip_unavailable': False, 'install_base': '/home/jinyoung/zeta_ws/install/zeta2_cartographer', 'merge_install': False, 'path': '/home/jinyoung/zeta_ws/src/zeta2_edu_autonomous/zeta2_cartographer', 'symlink_install': False, 'test_result_base': None}
[0.220s] Level 5:colcon.colcon_core.verb:set package 'zeta2_navigation' build argument 'cmake_args' from command line to 'None'
[0.220s] Level 5:colcon.colcon_core.verb:set package 'zeta2_navigation' build argument 'cmake_target' from command line to 'None'
[0.220s] Level 5:colcon.colcon_core.verb:set package 'zeta2_navigation' build argument 'cmake_target_skip_unavailable' from command line to 'False'
[0.220s] Level 5:colcon.colcon_core.verb:set package 'zeta2_navigation' build argument 'cmake_clean_cache' from command line to 'False'
[0.220s] Level 5:colcon.colcon_core.verb:set package 'zeta2_navigation' build argument 'cmake_clean_first' from command line to 'False'
[0.220s] Level 5:colcon.colcon_core.verb:set package 'zeta2_navigation' build argument 'cmake_force_configure' from command line to 'False'
[0.220s] Level 5:colcon.colcon_core.verb:set package 'zeta2_navigation' build argument 'ament_cmake_args' from command line to 'None'
[0.220s] Level 5:colcon.colcon_core.verb:set package 'zeta2_navigation' build argument 'catkin_cmake_args' from command line to 'None'
[0.220s] Level 5:colcon.colcon_core.verb:set package 'zeta2_navigation' build argument 'catkin_skip_building_tests' from command line to 'False'
[0.220s] DEBUG:colcon.colcon_core.verb:Building package 'zeta2_navigation' with the following arguments: {'ament_cmake_args': None, 'build_base': '/home/jinyoung/zeta_ws/build/zeta2_navigation', 'catkin_cmake_args': None, 'catkin_skip_building_tests': False, 'cmake_args': None, 'cmake_clean_cache': False, 'cmake_clean_first': False, 'cmake_force_configure': False, 'cmake_target': None, 'cmake_target_skip_unavailable': False, 'install_base': '/home/jinyoung/zeta_ws/install/zeta2_navigation', 'merge_install': False, 'path': '/home/jinyoung/zeta_ws/src/zeta2_edu_autonomous/zeta2_navigation', 'symlink_install': False, 'test_result_base': None}
[0.220s] Level 5:colcon.colcon_core.verb:set package 'zeta2_simple_commander' build argument 'cmake_args' from command line to 'None'
[0.220s] Level 5:colcon.colcon_core.verb:set package 'zeta2_simple_commander' build argument 'cmake_target' from command line to 'None'
[0.220s] Level 5:colcon.colcon_core.verb:set package 'zeta2_simple_commander' build argument 'cmake_target_skip_unavailable' from command line to 'False'
[0.220s] Level 5:colcon.colcon_core.verb:set package 'zeta2_simple_commander' build argument 'cmake_clean_cache' from command line to 'False'
[0.220s] Level 5:colcon.colcon_core.verb:set package 'zeta2_simple_commander' build argument 'cmake_clean_first' from command line to 'False'
[0.220s] Level 5:colcon.colcon_core.verb:set package 'zeta2_simple_commander' build argument 'cmake_force_configure' from command line to 'False'
[0.220s] Level 5:colcon.colcon_core.verb:set package 'zeta2_simple_commander' build argument 'ament_cmake_args' from command line to 'None'
[0.220s] Level 5:colcon.colcon_core.verb:set package 'zeta2_simple_commander' build argument 'catkin_cmake_args' from command line to 'None'
[0.220s] Level 5:colcon.colcon_core.verb:set package 'zeta2_simple_commander' build argument 'catkin_skip_building_tests' from command line to 'False'
[0.220s] DEBUG:colcon.colcon_core.verb:Building package 'zeta2_simple_commander' with the following arguments: {'ament_cmake_args': None, 'build_base': '/home/jinyoung/zeta_ws/build/zeta2_simple_commander', 'catkin_cmake_args': None, 'catkin_skip_building_tests': False, 'cmake_args': None, 'cmake_clean_cache': False, 'cmake_clean_first': False, 'cmake_force_configure': False, 'cmake_target': None, 'cmake_target_skip_unavailable': False, 'install_base': '/home/jinyoung/zeta_ws/install/zeta2_simple_commander', 'merge_install': False, 'path': '/home/jinyoung/zeta_ws/src/zeta2_edu_autonomous/zeta2_simple_commander', 'symlink_install': False, 'test_result_base': None}
[0.220s] Level 5:colcon.colcon_core.verb:set package 'zeta2_slam_toolbox' build argument 'cmake_args' from command line to 'None'
[0.220s] Level 5:colcon.colcon_core.verb:set package 'zeta2_slam_toolbox' build argument 'cmake_target' from command line to 'None'
[0.220s] Level 5:colcon.colcon_core.verb:set package 'zeta2_slam_toolbox' build argument 'cmake_target_skip_unavailable' from command line to 'False'
[0.220s] Level 5:colcon.colcon_core.verb:set package 'zeta2_slam_toolbox' build argument 'cmake_clean_cache' from command line to 'False'
[0.220s] Level 5:colcon.colcon_core.verb:set package 'zeta2_slam_toolbox' build argument 'cmake_clean_first' from command line to 'False'
[0.220s] Level 5:colcon.colcon_core.verb:set package 'zeta2_slam_toolbox' build argument 'cmake_force_configure' from command line to 'False'
[0.220s] Level 5:colcon.colcon_core.verb:set package 'zeta2_slam_toolbox' build argument 'ament_cmake_args' from command line to 'None'
[0.220s] Level 5:colcon.colcon_core.verb:set package 'zeta2_slam_toolbox' build argument 'catkin_cmake_args' from command line to 'None'
[0.220s] Level 5:colcon.colcon_core.verb:set package 'zeta2_slam_toolbox' build argument 'catkin_skip_building_tests' from command line to 'False'
[0.220s] DEBUG:colcon.colcon_core.verb:Building package 'zeta2_slam_toolbox' with the following arguments: {'ament_cmake_args': None, 'build_base': '/home/jinyoung/zeta_ws/build/zeta2_slam_toolbox', 'catkin_cmake_args': None, 'catkin_skip_building_tests': False, 'cmake_args': None, 'cmake_clean_cache': False, 'cmake_clean_first': False, 'cmake_force_configure': False, 'cmake_target': None, 'cmake_target_skip_unavailable': False, 'install_base': '/home/jinyoung/zeta_ws/install/zeta2_slam_toolbox', 'merge_install': False, 'path': '/home/jinyoung/zeta_ws/src/zeta2_edu_autonomous/zeta2_slam_toolbox', 'symlink_install': False, 'test_result_base': None}
[0.221s] INFO:colcon.colcon_core.executor:Executing jobs using 'parallel' executor
[0.221s] DEBUG:colcon.colcon_parallel_executor.executor.parallel:run_until_complete
[0.222s] INFO:colcon.colcon_ros.task.ament_cmake.build:Building ROS package in '/home/jinyoung/zeta_ws/src/zeta2_edu_autonomous/zeta2_cartographer' with build type 'ament_cmake'
[0.222s] INFO:colcon.colcon_cmake.task.cmake.build:Building CMake package in '/home/jinyoung/zeta_ws/src/zeta2_edu_autonomous/zeta2_cartographer'
[0.223s] INFO:colcon.colcon_core.plugin_system:Skipping extension 'colcon_core.shell.bat': Not used on non-Windows systems
[0.223s] INFO:colcon.colcon_core.shell:Skip shell extension 'powershell' for command environment: Not usable outside of PowerShell
[0.223s] DEBUG:colcon.colcon_core.shell:Skip shell extension 'dsv' for command environment
[0.225s] INFO:colcon.colcon_ros.task.ament_cmake.build:Building ROS package in '/home/jinyoung/zeta_ws/src/zeta2_edu_autonomous/zeta2_navigation' with build type 'ament_cmake'
[0.225s] INFO:colcon.colcon_cmake.task.cmake.build:Building CMake package in '/home/jinyoung/zeta_ws/src/zeta2_edu_autonomous/zeta2_navigation'
[0.225s] INFO:colcon.colcon_core.shell:Skip shell extension 'powershell' for command environment: Not usable outside of PowerShell
[0.225s] DEBUG:colcon.colcon_core.shell:Skip shell extension 'dsv' for command environment
[0.227s] INFO:colcon.colcon_ros.task.ament_python.build:Building ROS package in '/home/jinyoung/zeta_ws/src/zeta2_edu_autonomous/zeta2_simple_commander' with build type 'ament_python'
[0.227s] Level 1:colcon.colcon_core.shell:create_environment_hook('zeta2_simple_commander', 'ament_prefix_path')
[0.227s] INFO:colcon.colcon_core.shell:Creating environment hook '/home/jinyoung/zeta_ws/install/zeta2_simple_commander/share/zeta2_simple_commander/hook/ament_prefix_path.ps1'
[0.227s] INFO:colcon.colcon_core.shell:Creating environment descriptor '/home/jinyoung/zeta_ws/install/zeta2_simple_commander/share/zeta2_simple_commander/hook/ament_prefix_path.dsv'
[0.227s] INFO:colcon.colcon_core.shell:Creating environment hook '/home/jinyoung/zeta_ws/install/zeta2_simple_commander/share/zeta2_simple_commander/hook/ament_prefix_path.sh'
[0.228s] INFO:colcon.colcon_core.shell:Skip shell extension 'powershell' for command environment: Not usable outside of PowerShell
[0.228s] DEBUG:colcon.colcon_core.shell:Skip shell extension 'dsv' for command environment
[0.229s] INFO:colcon.colcon_ros.task.ament_cmake.build:Building ROS package in '/home/jinyoung/zeta_ws/src/zeta2_edu_autonomous/zeta2_slam_toolbox' with build type 'ament_cmake'
[0.229s] INFO:colcon.colcon_cmake.task.cmake.build:Building CMake package in '/home/jinyoung/zeta_ws/src/zeta2_edu_autonomous/zeta2_slam_toolbox'
[0.229s] INFO:colcon.colcon_core.shell:Skip shell extension 'powershell' for command environment: Not usable outside of PowerShell
[0.230s] DEBUG:colcon.colcon_core.shell:Skip shell extension 'dsv' for command environment
[0.235s] DEBUG:colcon.colcon_core.event_handler.log_command:Invoking command in '/home/jinyoung/zeta_ws/build/zeta2_cartographer': CMAKE_PREFIX_PATH=/opt/ros/humble /usr/bin/cmake --build /home/jinyoung/zeta_ws/build/zeta2_cartographer -- -j16 -l16
[0.237s] DEBUG:colcon.colcon_core.event_handler.log_command:Invoking command in '/home/jinyoung/zeta_ws/build/zeta2_navigation': CMAKE_PREFIX_PATH=/opt/ros/humble /usr/bin/cmake --build /home/jinyoung/zeta_ws/build/zeta2_navigation -- -j16 -l16
[0.392s] INFO:colcon.colcon_core.task.python.build:Building Python package in '/home/jinyoung/zeta_ws/src/zeta2_edu_autonomous/zeta2_simple_commander'
[0.392s] INFO:colcon.colcon_core.shell:Skip shell extension 'powershell' for command environment: Not usable outside of PowerShell
[0.392s] DEBUG:colcon.colcon_core.shell:Skip shell extension 'dsv' for command environment
[0.399s] DEBUG:colcon.colcon_core.event_handler.log_command:Invoking command in '/home/jinyoung/zeta_ws/build/zeta2_slam_toolbox': CMAKE_PREFIX_PATH=/opt/ros/humble /usr/bin/cmake --build /home/jinyoung/zeta_ws/build/zeta2_slam_toolbox -- -j16 -l16
[0.401s] DEBUG:colcon.colcon_core.event_handler.log_command:Invoked command in '/home/jinyoung/zeta_ws/build/zeta2_cartographer' returned '0': CMAKE_PREFIX_PATH=/opt/ros/humble /usr/bin/cmake --build /home/jinyoung/zeta_ws/build/zeta2_cartographer -- -j16 -l16
[0.425s] DEBUG:colcon.colcon_core.event_handler.log_command:Invoking command in '/home/jinyoung/zeta_ws/build/zeta2_cartographer': CMAKE_PREFIX_PATH=/opt/ros/humble /usr/bin/cmake --install /home/jinyoung/zeta_ws/build/zeta2_cartographer
[0.429s] DEBUG:colcon.colcon_core.event_handler.log_command:Invoked command in '/home/jinyoung/zeta_ws/build/zeta2_slam_toolbox' returned '0': CMAKE_PREFIX_PATH=/opt/ros/humble /usr/bin/cmake --build /home/jinyoung/zeta_ws/build/zeta2_slam_toolbox -- -j16 -l16
[0.434s] Level 1:colcon.colcon_core.environment:create_environment_scripts_only(zeta2_cartographer)
[0.435s] DEBUG:colcon.colcon_core.event_handler.log_command:Invoked command in '/home/jinyoung/zeta_ws/build/zeta2_cartographer' returned '0': CMAKE_PREFIX_PATH=/opt/ros/humble /usr/bin/cmake --install /home/jinyoung/zeta_ws/build/zeta2_cartographer
[0.436s] Level 1:colcon.colcon_core.environment:checking '/home/jinyoung/zeta_ws/install/zeta2_cartographer' for CMake module files
[0.437s] Level 1:colcon.colcon_core.environment:checking '/home/jinyoung/zeta_ws/install/zeta2_cartographer' for CMake config files
[0.437s] Level 1:colcon.colcon_core.shell:create_environment_hook('zeta2_cartographer', 'cmake_prefix_path')
[0.437s] INFO:colcon.colcon_core.shell:Creating environment hook '/home/jinyoung/zeta_ws/install/zeta2_cartographer/share/zeta2_cartographer/hook/cmake_prefix_path.ps1'
[0.437s] INFO:colcon.colcon_core.shell:Creating environment descriptor '/home/jinyoung/zeta_ws/install/zeta2_cartographer/share/zeta2_cartographer/hook/cmake_prefix_path.dsv'
[0.438s] INFO:colcon.colcon_core.shell:Creating environment hook '/home/jinyoung/zeta_ws/install/zeta2_cartographer/share/zeta2_cartographer/hook/cmake_prefix_path.sh'
[0.438s] Level 1:colcon.colcon_core.environment:checking '/home/jinyoung/zeta_ws/install/zeta2_cartographer/bin'
[0.438s] Level 1:colcon.colcon_core.environment:checking '/home/jinyoung/zeta_ws/install/zeta2_cartographer/lib/pkgconfig/zeta2_cartographer.pc'
[0.438s] Level 1:colcon.colcon_core.environment:checking '/home/jinyoung/zeta_ws/install/zeta2_cartographer/lib/python3.10/site-packages'
[0.438s] Level 1:colcon.colcon_core.environment:checking '/home/jinyoung/zeta_ws/install/zeta2_cartographer/bin'
[0.438s] INFO:colcon.colcon_core.shell:Creating package script '/home/jinyoung/zeta_ws/install/zeta2_cartographer/share/zeta2_cartographer/package.ps1'
[0.439s] INFO:colcon.colcon_core.shell:Creating package descriptor '/home/jinyoung/zeta_ws/install/zeta2_cartographer/share/zeta2_cartographer/package.dsv'
[0.439s] INFO:colcon.colcon_core.shell:Creating package script '/home/jinyoung/zeta_ws/install/zeta2_cartographer/share/zeta2_cartographer/package.sh'
[0.439s] INFO:colcon.colcon_core.shell:Creating package script '/home/jinyoung/zeta_ws/install/zeta2_cartographer/share/zeta2_cartographer/package.bash'
[0.440s] INFO:colcon.colcon_core.shell:Creating package script '/home/jinyoung/zeta_ws/install/zeta2_cartographer/share/zeta2_cartographer/package.zsh'
[0.440s] Level 1:colcon.colcon_core.environment:create_file_with_runtime_dependencies(/home/jinyoung/zeta_ws/install/zeta2_cartographer/share/colcon-core/packages/zeta2_cartographer)
[0.445s] DEBUG:colcon.colcon_core.event_handler.log_command:Invoking command in '/home/jinyoung/zeta_ws/build/zeta2_slam_toolbox': CMAKE_PREFIX_PATH=/opt/ros/humble /usr/bin/cmake --install /home/jinyoung/zeta_ws/build/zeta2_slam_toolbox
[0.451s] Level 1:colcon.colcon_core.environment:create_environment_scripts_only(zeta2_slam_toolbox)
[0.451s] Level 1:colcon.colcon_core.environment:checking '/home/jinyoung/zeta_ws/install/zeta2_slam_toolbox' for CMake module files
[0.452s] DEBUG:colcon.colcon_core.event_handler.log_command:Invoked command in '/home/jinyoung/zeta_ws/build/zeta2_slam_toolbox' returned '0': CMAKE_PREFIX_PATH=/opt/ros/humble /usr/bin/cmake --install /home/jinyoung/zeta_ws/build/zeta2_slam_toolbox
[0.452s] Level 1:colcon.colcon_core.environment:checking '/home/jinyoung/zeta_ws/install/zeta2_slam_toolbox' for CMake config files
[0.452s] Level 1:colcon.colcon_core.shell:create_environment_hook('zeta2_slam_toolbox', 'cmake_prefix_path')
[0.453s] INFO:colcon.colcon_core.shell:Creating environment hook '/home/jinyoung/zeta_ws/install/zeta2_slam_toolbox/share/zeta2_slam_toolbox/hook/cmake_prefix_path.ps1'
[0.453s] INFO:colcon.colcon_core.shell:Creating environment descriptor '/home/jinyoung/zeta_ws/install/zeta2_slam_toolbox/share/zeta2_slam_toolbox/hook/cmake_prefix_path.dsv'
[0.453s] INFO:colcon.colcon_core.shell:Creating environment hook '/home/jinyoung/zeta_ws/install/zeta2_slam_toolbox/share/zeta2_slam_toolbox/hook/cmake_prefix_path.sh'
[0.454s] Level 1:colcon.colcon_core.environment:checking '/home/jinyoung/zeta_ws/install/zeta2_slam_toolbox/bin'
[0.454s] Level 1:colcon.colcon_core.environment:checking '/home/jinyoung/zeta_ws/install/zeta2_slam_toolbox/lib/pkgconfig/zeta2_slam_toolbox.pc'
[0.454s] Level 1:colcon.colcon_core.environment:checking '/home/jinyoung/zeta_ws/install/zeta2_slam_toolbox/lib/python3.10/site-packages'
[0.454s] Level 1:colcon.colcon_core.environment:checking '/home/jinyoung/zeta_ws/install/zeta2_slam_toolbox/bin'
[0.455s] INFO:colcon.colcon_core.shell:Creating package script '/home/jinyoung/zeta_ws/install/zeta2_slam_toolbox/share/zeta2_slam_toolbox/package.ps1'
[0.455s] INFO:colcon.colcon_core.shell:Creating package descriptor '/home/jinyoung/zeta_ws/install/zeta2_slam_toolbox/share/zeta2_slam_toolbox/package.dsv'
[0.456s] INFO:colcon.colcon_core.shell:Creating package script '/home/jinyoung/zeta_ws/install/zeta2_slam_toolbox/share/zeta2_slam_toolbox/package.sh'
[0.456s] INFO:colcon.colcon_core.shell:Creating package script '/home/jinyoung/zeta_ws/install/zeta2_slam_toolbox/share/zeta2_slam_toolbox/package.bash'
[0.456s] INFO:colcon.colcon_core.shell:Creating package script '/home/jinyoung/zeta_ws/install/zeta2_slam_toolbox/share/zeta2_slam_toolbox/package.zsh'
[0.457s] Level 1:colcon.colcon_core.environment:create_file_with_runtime_dependencies(/home/jinyoung/zeta_ws/install/zeta2_slam_toolbox/share/colcon-core/packages/zeta2_slam_toolbox)
[0.458s] Level 1:colcon.colcon_core.environment:create_environment_scripts_only(zeta2_cartographer)
[0.458s] Level 1:colcon.colcon_core.environment:checking '/home/jinyoung/zeta_ws/install/zeta2_cartographer' for CMake module files
[0.459s] Level 1:colcon.colcon_core.environment:checking '/home/jinyoung/zeta_ws/install/zeta2_cartographer' for CMake config files
[0.459s] Level 1:colcon.colcon_core.shell:create_environment_hook('zeta2_cartographer', 'cmake_prefix_path')
[0.459s] INFO:colcon.colcon_core.shell:Creating environment hook '/home/jinyoung/zeta_ws/install/zeta2_cartographer/share/zeta2_cartographer/hook/cmake_prefix_path.ps1'
[0.460s] INFO:colcon.colcon_core.shell:Creating environment descriptor '/home/jinyoung/zeta_ws/install/zeta2_cartographer/share/zeta2_cartographer/hook/cmake_prefix_path.dsv'
[0.460s] INFO:colcon.colcon_core.shell:Creating environment hook '/home/jinyoung/zeta_ws/install/zeta2_cartographer/share/zeta2_cartographer/hook/cmake_prefix_path.sh'
[0.460s] Level 1:colcon.colcon_core.environment:checking '/home/jinyoung/zeta_ws/install/zeta2_cartographer/bin'
[0.460s] Level 1:colcon.colcon_core.environment:checking '/home/jinyoung/zeta_ws/install/zeta2_cartographer/lib/pkgconfig/zeta2_cartographer.pc'
[0.461s] Level 1:colcon.colcon_core.environment:checking '/home/jinyoung/zeta_ws/install/zeta2_cartographer/lib/python3.10/site-packages'
[0.461s] Level 1:colcon.colcon_core.environment:checking '/home/jinyoung/zeta_ws/install/zeta2_cartographer/bin'
[0.461s] INFO:colcon.colcon_core.shell:Creating package script '/home/jinyoung/zeta_ws/install/zeta2_cartographer/share/zeta2_cartographer/package.ps1'
[0.462s] INFO:colcon.colcon_core.shell:Creating package descriptor '/home/jinyoung/zeta_ws/install/zeta2_cartographer/share/zeta2_cartographer/package.dsv'
[0.462s] INFO:colcon.colcon_core.shell:Creating package script '/home/jinyoung/zeta_ws/install/zeta2_cartographer/share/zeta2_cartographer/package.sh'
[0.462s] INFO:colcon.colcon_core.shell:Creating package script '/home/jinyoung/zeta_ws/install/zeta2_cartographer/share/zeta2_cartographer/package.bash'
[0.462s] INFO:colcon.colcon_core.shell:Creating package script '/home/jinyoung/zeta_ws/install/zeta2_cartographer/share/zeta2_cartographer/package.zsh'
[0.463s] Level 1:colcon.colcon_core.environment:create_file_with_runtime_dependencies(/home/jinyoung/zeta_ws/install/zeta2_cartographer/share/colcon-core/packages/zeta2_cartographer)
[0.474s] Level 1:colcon.colcon_core.environment:create_environment_scripts_only(zeta2_slam_toolbox)
[0.474s] Level 1:colcon.colcon_core.environment:checking '/home/jinyoung/zeta_ws/install/zeta2_slam_toolbox' for CMake module files
[0.475s] Level 1:colcon.colcon_core.environment:checking '/home/jinyoung/zeta_ws/install/zeta2_slam_toolbox' for CMake config files
[0.475s] Level 1:colcon.colcon_core.shell:create_environment_hook('zeta2_slam_toolbox', 'cmake_prefix_path')
[0.475s] INFO:colcon.colcon_core.shell:Creating environment hook '/home/jinyoung/zeta_ws/install/zeta2_slam_toolbox/share/zeta2_slam_toolbox/hook/cmake_prefix_path.ps1'
[0.476s] INFO:colcon.colcon_core.shell:Creating environment descriptor '/home/jinyoung/zeta_ws/install/zeta2_slam_toolbox/share/zeta2_slam_toolbox/hook/cmake_prefix_path.dsv'
[0.476s] INFO:colcon.colcon_core.shell:Creating environment hook '/home/jinyoung/zeta_ws/install/zeta2_slam_toolbox/share/zeta2_slam_toolbox/hook/cmake_prefix_path.sh'
[0.476s] Level 1:colcon.colcon_core.environment:checking '/home/jinyoung/zeta_ws/install/zeta2_slam_toolbox/bin'
[0.476s] Level 1:colcon.colcon_core.environment:checking '/home/jinyoung/zeta_ws/install/zeta2_slam_toolbox/lib/pkgconfig/zeta2_slam_toolbox.pc'
[0.477s] Level 1:colcon.colcon_core.environment:checking '/home/jinyoung/zeta_ws/install/zeta2_slam_toolbox/lib/python3.10/site-packages'
[0.477s] Level 1:colcon.colcon_core.environment:checking '/home/jinyoung/zeta_ws/install/zeta2_slam_toolbox/bin'
[0.477s] INFO:colcon.colcon_core.shell:Creating package script '/home/jinyoung/zeta_ws/install/zeta2_slam_toolbox/share/zeta2_slam_toolbox/package.ps1'
[0.478s] INFO:colcon.colcon_core.shell:Creating package descriptor '/home/jinyoung/zeta_ws/install/zeta2_slam_toolbox/share/zeta2_slam_toolbox/package.dsv'
[0.478s] INFO:colcon.colcon_core.shell:Creating package script '/home/jinyoung/zeta_ws/install/zeta2_slam_toolbox/share/zeta2_slam_toolbox/package.sh'
[0.478s] INFO:colcon.colcon_core.shell:Creating package script '/home/jinyoung/zeta_ws/install/zeta2_slam_toolbox/share/zeta2_slam_toolbox/package.bash'
[0.479s] INFO:colcon.colcon_core.shell:Creating package script '/home/jinyoung/zeta_ws/install/zeta2_slam_toolbox/share/zeta2_slam_toolbox/package.zsh'
[0.479s] Level 1:colcon.colcon_core.environment:create_file_with_runtime_dependencies(/home/jinyoung/zeta_ws/install/zeta2_slam_toolbox/share/colcon-core/packages/zeta2_slam_toolbox)
[0.632s] DEBUG:colcon.colcon_core.event_handler.log_command:Invoking command in '/home/jinyoung/zeta_ws/src/zeta2_edu_autonomous/zeta2_simple_commander': PYTHONPATH=/home/jinyoung/zeta_ws/build/zeta2_simple_commander/prefix_override:/usr/lib/python3/dist-packages/colcon_core/task/python/colcon_distutils_commands:/home/jinyoung/zeta_ws/install/zeta2_simple_commander/lib/python3.10/site-packages:${PYTHONPATH} /usr/bin/python3 -W ignore:setup.py install is deprecated setup.py egg_info --egg-base ../../../build/zeta2_simple_commander build --build-base /home/jinyoung/zeta_ws/build/zeta2_simple_commander/build install --record /home/jinyoung/zeta_ws/build/zeta2_simple_commander/install.log --single-version-externally-managed install_data
[0.816s] Level 1:colcon.colcon_core.environment:checking '/home/jinyoung/zeta_ws/install/zeta2_simple_commander' for CMake module files
[0.817s] DEBUG:colcon.colcon_core.event_handler.log_command:Invoked command in '/home/jinyoung/zeta_ws/src/zeta2_edu_autonomous/zeta2_simple_commander' returned '0': PYTHONPATH=/home/jinyoung/zeta_ws/build/zeta2_simple_commander/prefix_override:/usr/lib/python3/dist-packages/colcon_core/task/python/colcon_distutils_commands:/home/jinyoung/zeta_ws/install/zeta2_simple_commander/lib/python3.10/site-packages:${PYTHONPATH} /usr/bin/python3 -W ignore:setup.py install is deprecated setup.py egg_info --egg-base ../../../build/zeta2_simple_commander build --build-base /home/jinyoung/zeta_ws/build/zeta2_simple_commander/build install --record /home/jinyoung/zeta_ws/build/zeta2_simple_commander/install.log --single-version-externally-managed install_data
[0.817s] Level 1:colcon.colcon_core.environment:checking '/home/jinyoung/zeta_ws/install/zeta2_simple_commander' for CMake config files
[0.817s] Level 1:colcon.colcon_core.environment:checking '/home/jinyoung/zeta_ws/install/zeta2_simple_commander/lib'
[0.818s] Level 1:colcon.colcon_core.environment:checking '/home/jinyoung/zeta_ws/install/zeta2_simple_commander/bin'
[0.818s] Level 1:colcon.colcon_core.environment:checking '/home/jinyoung/zeta_ws/install/zeta2_simple_commander/lib/pkgconfig/zeta2_simple_commander.pc'
[0.818s] Level 1:colcon.colcon_core.environment:checking '/home/jinyoung/zeta_ws/install/zeta2_simple_commander/lib/python3.10/site-packages'
[0.818s] Level 1:colcon.colcon_core.shell:create_environment_hook('zeta2_simple_commander', 'pythonpath')
[0.818s] INFO:colcon.colcon_core.shell:Creating environment hook '/home/jinyoung/zeta_ws/install/zeta2_simple_commander/share/zeta2_simple_commander/hook/pythonpath.ps1'
[0.818s] INFO:colcon.colcon_core.shell:Creating environment descriptor '/home/jinyoung/zeta_ws/install/zeta2_simple_commander/share/zeta2_simple_commander/hook/pythonpath.dsv'
[0.818s] INFO:colcon.colcon_core.shell:Creating environment hook '/home/jinyoung/zeta_ws/install/zeta2_simple_commander/share/zeta2_simple_commander/hook/pythonpath.sh'
[0.819s] Level 1:colcon.colcon_core.environment:checking '/home/jinyoung/zeta_ws/install/zeta2_simple_commander/bin'
[0.819s] Level 1:colcon.colcon_core.environment:create_environment_scripts_only(zeta2_simple_commander)
[0.819s] INFO:colcon.colcon_core.shell:Creating package script '/home/jinyoung/zeta_ws/install/zeta2_simple_commander/share/zeta2_simple_commander/package.ps1'
[0.819s] INFO:colcon.colcon_core.shell:Creating package descriptor '/home/jinyoung/zeta_ws/install/zeta2_simple_commander/share/zeta2_simple_commander/package.dsv'
[0.819s] INFO:colcon.colcon_core.shell:Creating package script '/home/jinyoung/zeta_ws/install/zeta2_simple_commander/share/zeta2_simple_commander/package.sh'
[0.820s] INFO:colcon.colcon_core.shell:Creating package script '/home/jinyoung/zeta_ws/install/zeta2_simple_commander/share/zeta2_simple_commander/package.bash'
[0.820s] INFO:colcon.colcon_core.shell:Creating package script '/home/jinyoung/zeta_ws/install/zeta2_simple_commander/share/zeta2_simple_commander/package.zsh'
[0.820s] Level 1:colcon.colcon_core.environment:create_file_with_runtime_dependencies(/home/jinyoung/zeta_ws/install/zeta2_simple_commander/share/colcon-core/packages/zeta2_simple_commander)
[1.124s] DEBUG:colcon.colcon_core.event_handler.log_command:Invoked command in '/home/jinyoung/zeta_ws/build/zeta2_navigation' returned '0': CMAKE_PREFIX_PATH=/opt/ros/humble /usr/bin/cmake --build /home/jinyoung/zeta_ws/build/zeta2_navigation -- -j16 -l16
[1.140s] DEBUG:colcon.colcon_core.event_handler.log_command:Invoking command in '/home/jinyoung/zeta_ws/build/zeta2_navigation': CMAKE_PREFIX_PATH=/opt/ros/humble /usr/bin/cmake --install /home/jinyoung/zeta_ws/build/zeta2_navigation
[1.148s] Level 1:colcon.colcon_core.environment:create_environment_scripts_only(zeta2_navigation)
[1.148s] Level 1:colcon.colcon_core.environment:checking '/home/jinyoung/zeta_ws/install/zeta2_navigation' for CMake module files
[1.148s] DEBUG:colcon.colcon_core.event_handler.log_command:Invoked command in '/home/jinyoung/zeta_ws/build/zeta2_navigation' returned '0': CMAKE_PREFIX_PATH=/opt/ros/humble /usr/bin/cmake --install /home/jinyoung/zeta_ws/build/zeta2_navigation
[1.149s] Level 1:colcon.colcon_core.environment:checking '/home/jinyoung/zeta_ws/install/zeta2_navigation' for CMake config files
[1.149s] Level 1:colcon.colcon_core.shell:create_environment_hook('zeta2_navigation', 'cmake_prefix_path')
[1.149s] INFO:colcon.colcon_core.shell:Creating environment hook '/home/jinyoung/zeta_ws/install/zeta2_navigation/share/zeta2_navigation/hook/cmake_prefix_path.ps1'
[1.149s] INFO:colcon.colcon_core.shell:Creating environment descriptor '/home/jinyoung/zeta_ws/install/zeta2_navigation/share/zeta2_navigation/hook/cmake_prefix_path.dsv'
[1.149s] INFO:colcon.colcon_core.shell:Creating environment hook '/home/jinyoung/zeta_ws/install/zeta2_navigation/share/zeta2_navigation/hook/cmake_prefix_path.sh'
[1.150s] Level 1:colcon.colcon_core.environment:checking '/home/jinyoung/zeta_ws/install/zeta2_navigation/bin'
[1.150s] Level 1:colcon.colcon_core.environment:checking '/home/jinyoung/zeta_ws/install/zeta2_navigation/lib/pkgconfig/zeta2_navigation.pc'
[1.150s] Level 1:colcon.colcon_core.environment:checking '/home/jinyoung/zeta_ws/install/zeta2_navigation/lib/python3.10/site-packages'
[1.150s] Level 1:colcon.colcon_core.environment:checking '/home/jinyoung/zeta_ws/install/zeta2_navigation/bin'
[1.150s] INFO:colcon.colcon_core.shell:Creating package script '/home/jinyoung/zeta_ws/install/zeta2_navigation/share/zeta2_navigation/package.ps1'
[1.150s] INFO:colcon.colcon_core.shell:Creating package descriptor '/home/jinyoung/zeta_ws/install/zeta2_navigation/share/zeta2_navigation/package.dsv'
[1.151s] INFO:colcon.colcon_core.shell:Creating package script '/home/jinyoung/zeta_ws/install/zeta2_navigation/share/zeta2_navigation/package.sh'
[1.151s] INFO:colcon.colcon_core.shell:Creating package script '/home/jinyoung/zeta_ws/install/zeta2_navigation/share/zeta2_navigation/package.bash'
[1.151s] INFO:colcon.colcon_core.shell:Creating package script '/home/jinyoung/zeta_ws/install/zeta2_navigation/share/zeta2_navigation/package.zsh'
[1.151s] Level 1:colcon.colcon_core.environment:create_file_with_runtime_dependencies(/home/jinyoung/zeta_ws/install/zeta2_navigation/share/colcon-core/packages/zeta2_navigation)
[1.166s] Level 1:colcon.colcon_core.environment:create_environment_scripts_only(zeta2_navigation)
[1.166s] Level 1:colcon.colcon_core.environment:checking '/home/jinyoung/zeta_ws/install/zeta2_navigation' for CMake module files
[1.166s] Level 1:colcon.colcon_core.environment:checking '/home/jinyoung/zeta_ws/install/zeta2_navigation' for CMake config files
[1.167s] Level 1:colcon.colcon_core.shell:create_environment_hook('zeta2_navigation', 'cmake_prefix_path')
[1.167s] INFO:colcon.colcon_core.shell:Creating environment hook '/home/jinyoung/zeta_ws/install/zeta2_navigation/share/zeta2_navigation/hook/cmake_prefix_path.ps1'
[1.167s] INFO:colcon.colcon_core.shell:Creating environment descriptor '/home/jinyoung/zeta_ws/install/zeta2_navigation/share/zeta2_navigation/hook/cmake_prefix_path.dsv'
[1.168s] INFO:colcon.colcon_core.shell:Creating environment hook '/home/jinyoung/zeta_ws/install/zeta2_navigation/share/zeta2_navigation/hook/cmake_prefix_path.sh'
[1.168s] Level 1:colcon.colcon_core.environment:checking '/home/jinyoung/zeta_ws/install/zeta2_navigation/bin'
[1.168s] Level 1:colcon.colcon_core.environment:checking '/home/jinyoung/zeta_ws/install/zeta2_navigation/lib/pkgconfig/zeta2_navigation.pc'
[1.169s] Level 1:colcon.colcon_core.environment:checking '/home/jinyoung/zeta_ws/install/zeta2_navigation/lib/python3.10/site-packages'
[1.169s] Level 1:colcon.colcon_core.environment:checking '/home/jinyoung/zeta_ws/install/zeta2_navigation/bin'
[1.170s] INFO:colcon.colcon_core.shell:Creating package script '/home/jinyoung/zeta_ws/install/zeta2_navigation/share/zeta2_navigation/package.ps1'
[1.170s] INFO:colcon.colcon_core.shell:Creating package descriptor '/home/jinyoung/zeta_ws/install/zeta2_navigation/share/zeta2_navigation/package.dsv'
[1.171s] INFO:colcon.colcon_core.shell:Creating package script '/home/jinyoung/zeta_ws/install/zeta2_navigation/share/zeta2_navigation/package.sh'
[1.172s] INFO:colcon.colcon_core.shell:Creating package script '/home/jinyoung/zeta_ws/install/zeta2_navigation/share/zeta2_navigation/package.bash'
[1.173s] INFO:colcon.colcon_core.shell:Creating package script '/home/jinyoung/zeta_ws/install/zeta2_navigation/share/zeta2_navigation/package.zsh'
[1.173s] Level 1:colcon.colcon_core.environment:create_file_with_runtime_dependencies(/home/jinyoung/zeta_ws/install/zeta2_navigation/share/colcon-core/packages/zeta2_navigation)
[1.173s] DEBUG:colcon.colcon_parallel_executor.executor.parallel:closing loop
[1.174s] DEBUG:colcon.colcon_parallel_executor.executor.parallel:loop closed
[1.174s] DEBUG:colcon.colcon_parallel_executor.executor.parallel:run_until_complete finished with '0'
[1.174s] DEBUG:colcon.colcon_core.event_reactor:joining thread
[1.181s] INFO:colcon.colcon_core.plugin_system:Skipping extension 'colcon_notification.desktop_notification.terminal_notifier': Not used on non-Darwin systems
[1.181s] INFO:colcon.colcon_core.plugin_system:Skipping extension 'colcon_notification.desktop_notification.win32': Not used on non-Windows systems
[1.181s] INFO:colcon.colcon_notification.desktop_notification:Sending desktop notification using 'notify2'
[1.197s] DEBUG:colcon.colcon_core.event_reactor:joined thread
[1.197s] INFO:colcon.colcon_core.shell:Creating prefix script '/home/jinyoung/zeta_ws/install/local_setup.ps1'
[1.198s] INFO:colcon.colcon_core.shell:Creating prefix util module '/home/jinyoung/zeta_ws/install/_local_setup_util_ps1.py'
[1.200s] INFO:colcon.colcon_core.shell:Creating prefix chain script '/home/jinyoung/zeta_ws/install/setup.ps1'
[1.201s] INFO:colcon.colcon_core.shell:Creating prefix script '/home/jinyoung/zeta_ws/install/local_setup.sh'
[1.201s] INFO:colcon.colcon_core.shell:Creating prefix util module '/home/jinyoung/zeta_ws/install/_local_setup_util_sh.py'
[1.202s] INFO:colcon.colcon_core.shell:Creating prefix chain script '/home/jinyoung/zeta_ws/install/setup.sh'
[1.203s] INFO:colcon.colcon_core.shell:Creating prefix script '/home/jinyoung/zeta_ws/install/local_setup.bash'
[1.203s] INFO:colcon.colcon_core.shell:Creating prefix chain script '/home/jinyoung/zeta_ws/install/setup.bash'
[1.204s] INFO:colcon.colcon_core.shell:Creating prefix script '/home/jinyoung/zeta_ws/install/local_setup.zsh'
[1.205s] INFO:colcon.colcon_core.shell:Creating prefix chain script '/home/jinyoung/zeta_ws/install/setup.zsh'
