-- Found ament_cmake: 1.3.10 (/opt/ros/humble/share/ament_cmake/cmake)
-- Configuring done
-- Generating done
-- Build files have been written to: /home/jinyoung/zeta_ws/build/zeta2_slam_toolbox
-- Install configuration: ""
-- Up-to-date: /home/jinyoung/zeta_ws/install/zeta2_slam_toolbox/share/zeta2_slam_toolbox/config
-- Up-to-date: /home/jinyoung/zeta_ws/install/zeta2_slam_toolbox/share/zeta2_slam_toolbox/config/mapper_params.yaml
-- Up-to-date: /home/jinyoung/zeta_ws/install/zeta2_slam_toolbox/share/zeta2_slam_toolbox/launch
-- Up-to-date: /home/jinyoung/zeta_ws/install/zeta2_slam_toolbox/share/zeta2_slam_toolbox/launch/zeta2_slam_toolbox.launch.py
-- Up-to-date: /home/jinyoung/zeta_ws/install/zeta2_slam_toolbox/share/zeta2_slam_toolbox/rviz
-- Up-to-date: /home/jinyoung/zeta_ws/install/zeta2_slam_toolbox/share/zeta2_slam_toolbox/rviz/zeta2_slam_toolbox.rviz
-- Up-to-date: /home/jinyoung/zeta_ws/install/zeta2_slam_toolbox/share/ament_index/resource_index/package_run_dependencies/zeta2_slam_toolbox
-- Up-to-date: /home/jinyoung/zeta_ws/install/zeta2_slam_toolbox/share/ament_index/resource_index/parent_prefix_path/zeta2_slam_toolbox
-- Installing: /home/jinyoung/zeta_ws/install/zeta2_slam_toolbox/share/zeta2_slam_toolbox/environment/ament_prefix_path.sh
-- Installing: /home/jinyoung/zeta_ws/install/zeta2_slam_toolbox/share/zeta2_slam_toolbox/environment/ament_prefix_path.dsv
-- Installing: /home/jinyoung/zeta_ws/install/zeta2_slam_toolbox/share/zeta2_slam_toolbox/environment/path.sh
-- Installing: /home/jinyoung/zeta_ws/install/zeta2_slam_toolbox/share/zeta2_slam_toolbox/environment/path.dsv
-- Up-to-date: /home/jinyoung/zeta_ws/install/zeta2_slam_toolbox/share/zeta2_slam_toolbox/local_setup.bash
-- Up-to-date: /home/jinyoung/zeta_ws/install/zeta2_slam_toolbox/share/zeta2_slam_toolbox/local_setup.sh
-- Up-to-date: /home/jinyoung/zeta_ws/install/zeta2_slam_toolbox/share/zeta2_slam_toolbox/local_setup.zsh
-- Installing: /home/jinyoung/zeta_ws/install/zeta2_slam_toolbox/share/zeta2_slam_toolbox/local_setup.dsv
-- Installing: /home/jinyoung/zeta_ws/install/zeta2_slam_toolbox/share/zeta2_slam_toolbox/package.dsv
-- Up-to-date: /home/jinyoung/zeta_ws/install/zeta2_slam_toolbox/share/ament_index/resource_index/packages/zeta2_slam_toolbox
-- Up-to-date: /home/jinyoung/zeta_ws/install/zeta2_slam_toolbox/share/zeta2_slam_toolbox/cmake/zeta2_slam_toolboxConfig.cmake
-- Up-to-date: /home/jinyoung/zeta_ws/install/zeta2_slam_toolbox/share/zeta2_slam_toolbox/cmake/zeta2_slam_toolboxConfig-version.cmake
-- Up-to-date: /home/jinyoung/zeta_ws/install/zeta2_slam_toolbox/share/zeta2_slam_toolbox/package.xml
